[ 2017-02-05T16:58:49+08:00 ] 192.168.10.1 /thinkphp/
INFO: [ app_init ] --START--
INFO: Run Behavior\BuildLiteBehavior [ RunTime:0.000109s ]
INFO: [ app_init ] --END-- [ RunTime:0.000370s ]
INFO: [ app_begin ] --START--
INFO: Run Behavior\ReadHtmlCacheBehavior [ RunTime:0.013994s ]
INFO: [ app_begin ] --END-- [ RunTime:0.014122s ]
NOTIC: [8] Undefined index: user /var/www/html/thinkphp/Application/Common/Controller/BaseController.class.php 第 15 行.
SQL: SHOW COLUMNS FROM `vote` [ RunTime:0.1276s ]
SQL: SHOW COLUMNS FROM `vote` [ RunTime:0.0012s ]
SQL: SELECT COUNT(*) AS tp_count FROM `vote` WHERE `voteType` = 0 LIMIT 1   [ RunTime:0.0341s ]
SQL: SELECT * FROM `vote` WHERE `voteType` = 0 ORDER BY `id` LIMIT 0,10   [ RunTime:0.0013s ]
INFO: [ view_parse ] --START--
INFO: [ template_filter ] --START--
INFO: Run Behavior\ContentReplaceBehavior [ RunTime:0.000112s ]
INFO: [ template_filter ] --END-- [ RunTime:0.000190s ]
INFO: Run Behavior\ParseTemplateBehavior [ RunTime:0.239259s ]
INFO: [ view_parse ] --END-- [ RunTime:0.239380s ]
INFO: [ view_filter ] --START--
INFO: Run Behavior\WriteHtmlCacheBehavior [ RunTime:0.052426s ]
INFO: [ view_filter ] --END-- [ RunTime:0.052507s ]
INFO: [ app_end ] --START--
INFO: Run Behavior\ShowPageTraceBehavior [ RunTime:0.014760s ]
INFO: [ app_end ] --END-- [ RunTime:0.014880s ]

[ 2017-02-05T16:58:58+08:00 ] 192.168.10.1 /thinkphp/index.php/home/auth/rule.html
INFO: [ app_init ] --START--
INFO: Run Behavior\BuildLiteBehavior [ RunTime:0.000024s ]
INFO: [ app_init ] --END-- [ RunTime:0.000122s ]
INFO: [ app_begin ] --START--
INFO: Run Behavior\ReadHtmlCacheBehavior [ RunTime:0.000382s ]
INFO: [ app_begin ] --END-- [ RunTime:0.000451s ]
NOTIC: [8] Undefined index: user /var/www/html/thinkphp/Application/Common/Controller/BaseController.class.php 第 15 行.
SQL: SHOW COLUMNS FROM `auth_rule` [ RunTime:0.0343s ]
SQL: SHOW COLUMNS FROM `auth_rule` [ RunTime:0.0016s ]
SQL: SELECT COUNT(*) AS tp_count FROM `auth_rule` LIMIT 1   [ RunTime:0.0002s ]
NOTIC: [2] Missing argument 1 for Think\Model::where(), called in /var/www/html/thinkphp/Application/Home/Model/AuthRuleModel.class.php on line 35 and defined /var/www/html/thinkphp/ThinkPHP/Library/Think/Model.class.php 第 2002 行.
NOTIC: [8] Undefined variable: where /var/www/html/thinkphp/ThinkPHP/Library/Think/Model.class.php 第 2011 行.
NOTIC: [8] Undefined variable: where /var/www/html/thinkphp/ThinkPHP/Library/Think/Model.class.php 第 2014 行.
NOTIC: [8] Undefined variable: where /var/www/html/thinkphp/ThinkPHP/Library/Think/Model.class.php 第 2022 行.
SQL: SELECT * FROM `auth_rule` ORDER BY `id` LIMIT 0,10   [ RunTime:0.0107s ]
INFO: [ view_parse ] --START--
INFO: [ template_filter ] --START--
INFO: Run Behavior\ContentReplaceBehavior [ RunTime:0.000106s ]
INFO: [ template_filter ] --END-- [ RunTime:0.000182s ]
NOTIC: [8] Undefined variable: title /var/www/html/thinkphp/Application/Runtime/Cache/Home/d505f29e0b5ee7f63718ea138a560af1.php 第 4 行.
NOTIC: [8] Undefined index: Type /var/www/html/thinkphp/Application/Runtime/Cache/Home/d505f29e0b5ee7f63718ea138a560af1.php 第 172 行.
NOTIC: [8] Undefined index: Type /var/www/html/thinkphp/Application/Runtime/Cache/Home/d505f29e0b5ee7f63718ea138a560af1.php 第 172 行.
NOTIC: [8] Undefined index: Type /var/www/html/thinkphp/Application/Runtime/Cache/Home/d505f29e0b5ee7f63718ea138a560af1.php 第 172 行.
NOTIC: [8] Undefined index: Type /var/www/html/thinkphp/Application/Runtime/Cache/Home/d505f29e0b5ee7f63718ea138a560af1.php 第 172 行.
NOTIC: [8] Undefined index: Type /var/www/html/thinkphp/Application/Runtime/Cache/Home/d505f29e0b5ee7f63718ea138a560af1.php 第 172 行.
NOTIC: [8] Undefined index: Type /var/www/html/thinkphp/Application/Runtime/Cache/Home/d505f29e0b5ee7f63718ea138a560af1.php 第 172 行.
NOTIC: [8] Undefined index: Type /var/www/html/thinkphp/Application/Runtime/Cache/Home/d505f29e0b5ee7f63718ea138a560af1.php 第 172 行.
NOTIC: [8] Undefined index: Type /var/www/html/thinkphp/Application/Runtime/Cache/Home/d505f29e0b5ee7f63718ea138a560af1.php 第 172 行.
NOTIC: [8] Undefined index: Type /var/www/html/thinkphp/Application/Runtime/Cache/Home/d505f29e0b5ee7f63718ea138a560af1.php 第 172 行.
NOTIC: [8] Undefined index: Type /var/www/html/thinkphp/Application/Runtime/Cache/Home/d505f29e0b5ee7f63718ea138a560af1.php 第 172 行.
INFO: Run Behavior\ParseTemplateBehavior [ RunTime:0.102232s ]
INFO: [ view_parse ] --END-- [ RunTime:0.102327s ]
INFO: [ view_filter ] --START--
INFO: Run Behavior\WriteHtmlCacheBehavior [ RunTime:0.000194s ]
INFO: [ view_filter ] --END-- [ RunTime:0.000255s ]
INFO: [ app_end ] --START--
INFO: Run Behavior\ShowPageTraceBehavior [ RunTime:0.000646s ]
INFO: [ app_end ] --END-- [ RunTime:0.000795s ]

[ 2017-02-05T16:59:01+08:00 ] 192.168.10.1 /thinkphp/index.php/home/index/index/type/0.html
INFO: [ app_init ] --START--
INFO: Run Behavior\BuildLiteBehavior [ RunTime:0.000026s ]
INFO: [ app_init ] --END-- [ RunTime:0.000235s ]
INFO: [ app_begin ] --START--
INFO: Run Behavior\ReadHtmlCacheBehavior [ RunTime:0.001092s ]
INFO: [ app_begin ] --END-- [ RunTime:0.001299s ]
NOTIC: [8] Undefined index: user /var/www/html/thinkphp/Application/Common/Controller/BaseController.class.php 第 15 行.
SQL: SHOW COLUMNS FROM `vote` [ RunTime:0.0028s ]
SQL: SHOW COLUMNS FROM `vote` [ RunTime:0.0014s ]
SQL: SELECT COUNT(*) AS tp_count FROM `vote` WHERE `voteType` = 0 LIMIT 1   [ RunTime:0.0003s ]
SQL: SELECT * FROM `vote` WHERE `voteType` = 0 ORDER BY `id` LIMIT 0,10   [ RunTime:0.0008s ]
INFO: [ view_parse ] --START--
INFO: [ template_filter ] --START--
INFO: Run Behavior\ContentReplaceBehavior [ RunTime:0.000187s ]
INFO: [ template_filter ] --END-- [ RunTime:0.000296s ]
INFO: Run Behavior\ParseTemplateBehavior [ RunTime:0.020269s ]
INFO: [ view_parse ] --END-- [ RunTime:0.020467s ]
INFO: [ view_filter ] --START--
INFO: Run Behavior\WriteHtmlCacheBehavior [ RunTime:0.000170s ]
INFO: [ view_filter ] --END-- [ RunTime:0.000210s ]
INFO: [ app_end ] --START--
INFO: Run Behavior\ShowPageTraceBehavior [ RunTime:0.000797s ]
INFO: [ app_end ] --END-- [ RunTime:0.000922s ]

[ 2017-02-05T16:59:03+08:00 ] 192.168.10.1 /thinkphp/index.php/home/apply/formshow/opt/1.html
INFO: [ app_init ] --START--
INFO: Run Behavior\BuildLiteBehavior [ RunTime:0.000024s ]
INFO: [ app_init ] --END-- [ RunTime:0.000259s ]
INFO: [ app_begin ] --START--
INFO: Run Behavior\ReadHtmlCacheBehavior [ RunTime:0.001358s ]
INFO: [ app_begin ] --END-- [ RunTime:0.001663s ]
NOTIC: [8] Undefined index: user /var/www/html/thinkphp/Application/Common/Controller/BaseController.class.php 第 15 行.
SQL: SHOW COLUMNS FROM `vote` [ RunTime:0.0028s ]
NOTIC: [8] Undefined variable: type /var/www/html/thinkphp/Application/Home/Controller/ApplyController.class.php 第 52 行.
SQL: SHOW COLUMNS FROM `vote` [ RunTime:0.0014s ]
SQL: SELECT * FROM `vote` WHERE `uid` = 8981928391893 LIMIT 1   [ RunTime:0.0004s ]
INFO: [ view_parse ] --START--
INFO: [ template_filter ] --START--
INFO: Run Behavior\ContentReplaceBehavior [ RunTime:0.000316s ]
INFO: [ template_filter ] --END-- [ RunTime:0.000456s ]
NOTIC: [8] Undefined variable: title /var/www/html/thinkphp/Application/Runtime/Cache/Home/8895ee486a17556ac5622b0a91dff43b.php 第 4 行.
INFO: Run Behavior\ParseTemplateBehavior [ RunTime:0.041730s ]
INFO: [ view_parse ] --END-- [ RunTime:0.041863s ]
INFO: [ view_filter ] --START--
INFO: Run Behavior\WriteHtmlCacheBehavior [ RunTime:0.000170s ]
INFO: [ view_filter ] --END-- [ RunTime:0.000232s ]
INFO: [ app_end ] --START--
INFO: Run Behavior\ShowPageTraceBehavior [ RunTime:0.001015s ]
INFO: [ app_end ] --END-- [ RunTime:0.001115s ]

[ 2017-02-05T16:59:05+08:00 ] 192.168.10.1 /thinkphp/index.php/home/index/index/type/1.html
INFO: [ app_init ] --START--
INFO: Run Behavior\BuildLiteBehavior [ RunTime:0.000030s ]
INFO: [ app_init ] --END-- [ RunTime:0.000299s ]
INFO: [ app_begin ] --START--
INFO: Run Behavior\ReadHtmlCacheBehavior [ RunTime:0.000830s ]
INFO: [ app_begin ] --END-- [ RunTime:0.000981s ]
NOTIC: [8] Undefined index: user /var/www/html/thinkphp/Application/Common/Controller/BaseController.class.php 第 15 行.
SQL: SHOW COLUMNS FROM `vote` [ RunTime:0.0030s ]
SQL: SHOW COLUMNS FROM `vote` [ RunTime:0.0016s ]
SQL: SELECT COUNT(*) AS tp_count FROM `vote` WHERE `voteType` = 1 LIMIT 1   [ RunTime:0.0004s ]
SQL: SELECT * FROM `vote` WHERE `voteType` = 1 ORDER BY `id` LIMIT 0,10   [ RunTime:0.0004s ]
INFO: [ view_parse ] --START--
INFO: [ template_filter ] --START--
INFO: Run Behavior\ContentReplaceBehavior [ RunTime:0.000271s ]
INFO: [ template_filter ] --END-- [ RunTime:0.000528s ]
INFO: Run Behavior\ParseTemplateBehavior [ RunTime:0.020674s ]
INFO: [ view_parse ] --END-- [ RunTime:0.020824s ]
INFO: [ view_filter ] --START--
INFO: Run Behavior\WriteHtmlCacheBehavior [ RunTime:0.000161s ]
INFO: [ view_filter ] --END-- [ RunTime:0.000438s ]
INFO: [ app_end ] --START--
INFO: Run Behavior\ShowPageTraceBehavior [ RunTime:0.000972s ]
INFO: [ app_end ] --END-- [ RunTime:0.001135s ]

[ 2017-02-05T16:59:07+08:00 ] 192.168.10.1 /thinkphp/index.php/home/apply/formshow/cid/20171612696060/opt/1.html
INFO: [ app_init ] --START--
INFO: Run Behavior\BuildLiteBehavior [ RunTime:0.000022s ]
INFO: [ app_init ] --END-- [ RunTime:0.000190s ]
INFO: [ app_begin ] --START--
INFO: Run Behavior\ReadHtmlCacheBehavior [ RunTime:0.000970s ]
INFO: [ app_begin ] --END-- [ RunTime:0.001221s ]
NOTIC: [8] Undefined index: user /var/www/html/thinkphp/Application/Common/Controller/BaseController.class.php 第 15 行.
SQL: SHOW COLUMNS FROM `vote` [ RunTime:0.0022s ]
NOTIC: [8] Undefined variable: type /var/www/html/thinkphp/Application/Home/Controller/ApplyController.class.php 第 52 行.
SQL: SHOW COLUMNS FROM `vote` [ RunTime:0.0015s ]
SQL: SELECT * FROM `vote` WHERE `uid` = '20171612696060' LIMIT 1   [ RunTime:0.0005s ]
INFO: [ view_parse ] --START--
NOTIC: [2] file_get_contents(./Application/Home/View/Public/public_head.html): failed to open stream: No such file or directory /var/www/html/thinkphp/ThinkPHP/Library/Think/Template.class.php 第 785 行.
NOTIC: [2] file_get_contents(./Application/Home/View/Public/public_nav.html): failed to open stream: No such file or directory /var/www/html/thinkphp/ThinkPHP/Library/Think/Template.class.php 第 785 行.
NOTIC: [2] file_get_contents(./Application/Home/View/Public/public_foot.html): failed to open stream: No such file or directory /var/www/html/thinkphp/ThinkPHP/Library/Think/Template.class.php 第 785 行.
INFO: [ template_filter ] --START--
INFO: Run Behavior\ContentReplaceBehavior [ RunTime:0.000349s ]
INFO: [ template_filter ] --END-- [ RunTime:0.000512s ]
NOTIC: [8] Undefined variable: title /var/www/html/thinkphp/Application/Runtime/Cache/Home/101e7fdeffd0136512b7ebe5b57ff866.php 第 4 行.
INFO: Run Behavior\ParseTemplateBehavior [ RunTime:0.047533s ]
INFO: [ view_parse ] --END-- [ RunTime:0.047658s ]
INFO: [ view_filter ] --START--
INFO: Run Behavior\WriteHtmlCacheBehavior [ RunTime:0.000512s ]
INFO: [ view_filter ] --END-- [ RunTime:0.000586s ]
INFO: [ app_end ] --START--
INFO: Run Behavior\ShowPageTraceBehavior [ RunTime:0.000699s ]
INFO: [ app_end ] --END-- [ RunTime:0.001318s ]

[ 2017-02-05T17:06:49+08:00 ] 192.168.10.1 /thinkphp/index.php/home/index/index.html
INFO: [ app_init ] --START--
INFO: Run Behavior\BuildLiteBehavior [ RunTime:0.000014s ]
INFO: [ app_init ] --END-- [ RunTime:0.000069s ]
INFO: [ app_begin ] --START--
INFO: Run Behavior\ReadHtmlCacheBehavior [ RunTime:0.000303s ]
INFO: [ app_begin ] --END-- [ RunTime:0.000352s ]
NOTIC: [8] Undefined index: user /var/www/html/thinkphp/Application/Common/Controller/BaseController.class.php 第 15 行.
SQL: SHOW COLUMNS FROM `vote` [ RunTime:0.0013s ]
SQL: SHOW COLUMNS FROM `vote` [ RunTime:0.0012s ]
SQL: SELECT COUNT(*) AS tp_count FROM `vote` WHERE `voteType` = 0 LIMIT 1   [ RunTime:0.0003s ]
SQL: SELECT * FROM `vote` WHERE `voteType` = 0 ORDER BY `id` LIMIT 0,10   [ RunTime:0.0004s ]
INFO: [ view_parse ] --START--
INFO: [ template_filter ] --START--
INFO: Run Behavior\ContentReplaceBehavior [ RunTime:0.000107s ]
INFO: [ template_filter ] --END-- [ RunTime:0.000178s ]
INFO: Run Behavior\ParseTemplateBehavior [ RunTime:0.012696s ]
INFO: [ view_parse ] --END-- [ RunTime:0.012799s ]
INFO: [ view_filter ] --START--
INFO: Run Behavior\WriteHtmlCacheBehavior [ RunTime:0.000171s ]
INFO: [ view_filter ] --END-- [ RunTime:0.000223s ]
INFO: [ app_end ] --START--
INFO: Run Behavior\ShowPageTraceBehavior [ RunTime:0.000631s ]
INFO: [ app_end ] --END-- [ RunTime:0.000751s ]

[ 2017-02-05T17:06:50+08:00 ] 192.168.10.1 /thinkphp/index.php/home/index/formauth/type/1.html
INFO: [ app_init ] --START--
INFO: Run Behavior\BuildLiteBehavior [ RunTime:0.000025s ]
INFO: [ app_init ] --END-- [ RunTime:0.000132s ]
INFO: [ app_begin ] --START--
INFO: Run Behavior\ReadHtmlCacheBehavior [ RunTime:0.000431s ]
INFO: [ app_begin ] --END-- [ RunTime:0.000540s ]
NOTIC: [8] Undefined index: user /var/www/html/thinkphp/Application/Common/Controller/BaseController.class.php 第 15 行.
SQL: SHOW COLUMNS FROM `vote` [ RunTime:0.0013s ]
NOTIC: [2] Missing argument 2 for Home\Model\VoteModel::fenye(), called in /var/www/html/thinkphp/Application/Home/Controller/IndexController.class.php on line 27 and defined /var/www/html/thinkphp/Application/Home/Model/VoteModel.class.php 第 102 行.
SQL: SHOW COLUMNS FROM `vote` [ RunTime:0.0010s ]
SQL: SELECT COUNT(*) AS tp_count FROM `vote` WHERE `voteType` = 1 LIMIT 1   [ RunTime:0.0005s ]
SQL: SELECT * FROM `vote` WHERE `voteType` = 1 ORDER BY `id` LIMIT 0,10   [ RunTime:0.0007s ]
INFO: [ view_parse ] --START--
INFO: [ template_filter ] --START--
INFO: Run Behavior\ContentReplaceBehavior [ RunTime:0.000091s ]
INFO: [ template_filter ] --END-- [ RunTime:0.000157s ]
INFO: Run Behavior\ParseTemplateBehavior [ RunTime:0.011956s ]
INFO: [ view_parse ] --END-- [ RunTime:0.012086s ]
INFO: [ view_filter ] --START--
INFO: Run Behavior\WriteHtmlCacheBehavior [ RunTime:0.000177s ]
INFO: [ view_filter ] --END-- [ RunTime:0.000224s ]
INFO: [ app_end ] --START--
INFO: Run Behavior\ShowPageTraceBehavior [ RunTime:0.000649s ]
INFO: [ app_end ] --END-- [ RunTime:0.000786s ]

[ 2017-02-05T17:06:52+08:00 ] 192.168.10.1 /thinkphp/index.php/home/apply/formshow/cid/20171612628163/opt/1.html
INFO: [ app_init ] --START--
INFO: Run Behavior\BuildLiteBehavior [ RunTime:0.000027s ]
INFO: [ app_init ] --END-- [ RunTime:0.000144s ]
INFO: [ app_begin ] --START--
INFO: Run Behavior\ReadHtmlCacheBehavior [ RunTime:0.000415s ]
INFO: [ app_begin ] --END-- [ RunTime:0.000490s ]
NOTIC: [8] Undefined index: user /var/www/html/thinkphp/Application/Common/Controller/BaseController.class.php 第 15 行.
SQL: SHOW COLUMNS FROM `vote` [ RunTime:0.0022s ]
NOTIC: [8] Undefined variable: type /var/www/html/thinkphp/Application/Home/Controller/ApplyController.class.php 第 52 行.
SQL: SHOW COLUMNS FROM `vote` [ RunTime:0.0009s ]
SQL: SELECT * FROM `vote` WHERE `uid` = '20171612628163' LIMIT 1   [ RunTime:0.0003s ]
INFO: [ view_parse ] --START--
NOTIC: [2] file_get_contents(./Application/Home/View/Public/public_head.html): failed to open stream: No such file or directory /var/www/html/thinkphp/ThinkPHP/Library/Think/Template.class.php 第 785 行.
NOTIC: [2] file_get_contents(./Application/Home/View/Public/public_nav.html): failed to open stream: No such file or directory /var/www/html/thinkphp/ThinkPHP/Library/Think/Template.class.php 第 785 行.
NOTIC: [2] file_get_contents(./Application/Home/View/Public/public_foot.html): failed to open stream: No such file or directory /var/www/html/thinkphp/ThinkPHP/Library/Think/Template.class.php 第 785 行.
INFO: [ template_filter ] --START--
INFO: Run Behavior\ContentReplaceBehavior [ RunTime:0.000134s ]
INFO: [ template_filter ] --END-- [ RunTime:0.000310s ]
NOTIC: [8] Undefined variable: title /var/www/html/thinkphp/Application/Runtime/Cache/Home/101e7fdeffd0136512b7ebe5b57ff866.php 第 4 行.
INFO: Run Behavior\ParseTemplateBehavior [ RunTime:0.015334s ]
INFO: [ view_parse ] --END-- [ RunTime:0.015409s ]
INFO: [ view_filter ] --START--
INFO: Run Behavior\WriteHtmlCacheBehavior [ RunTime:0.000306s ]
INFO: [ view_filter ] --END-- [ RunTime:0.000362s ]
INFO: [ app_end ] --START--
INFO: Run Behavior\ShowPageTraceBehavior [ RunTime:0.000795s ]
INFO: [ app_end ] --END-- [ RunTime:0.000933s ]

[ 2017-02-05T17:49:41+08:00 ] 192.168.10.1 /thinkphp/index.php/home/Auth/group
INFO: [ app_init ] --START--
INFO: Run Behavior\BuildLiteBehavior [ RunTime:0.000021s ]
INFO: [ app_init ] --END-- [ RunTime:0.000102s ]
INFO: [ app_begin ] --START--
INFO: Run Behavior\ReadHtmlCacheBehavior [ RunTime:0.000342s ]
INFO: [ app_begin ] --END-- [ RunTime:0.000402s ]
NOTIC: [8] Undefined index: user /var/www/html/thinkphp/Application/Common/Controller/BaseController.class.php 第 15 行.
INFO: [ view_parse ] --START--
INFO: [ template_filter ] --START--
INFO: Run Behavior\ContentReplaceBehavior [ RunTime:0.000058s ]
INFO: [ template_filter ] --END-- [ RunTime:0.000133s ]
INFO: Run Behavior\ParseTemplateBehavior [ RunTime:0.064392s ]
INFO: [ view_parse ] --END-- [ RunTime:0.064486s ]
INFO: [ view_filter ] --START--
INFO: Run Behavior\WriteHtmlCacheBehavior [ RunTime:0.000153s ]
INFO: [ view_filter ] --END-- [ RunTime:0.000197s ]
INFO: [ app_end ] --START--
INFO: Run Behavior\ShowPageTraceBehavior [ RunTime:0.000418s ]
INFO: [ app_end ] --END-- [ RunTime:0.000480s ]

[ 2017-02-05T18:01:12+08:00 ] 192.168.10.1 /thinkphp/index.php/home/Auth/group
INFO: [ app_init ] --START--
INFO: Run Behavior\BuildLiteBehavior [ RunTime:0.000028s ]
INFO: [ app_init ] --END-- [ RunTime:0.023270s ]
INFO: [ app_begin ] --START--
INFO: Run Behavior\ReadHtmlCacheBehavior [ RunTime:0.014977s ]
INFO: [ app_begin ] --END-- [ RunTime:0.015836s ]
NOTIC: [8] Undefined index: user /var/www/html/thinkphp/Application/Common/Controller/BaseController.class.php 第 15 行.
INFO: [ view_parse ] --START--
INFO: [ template_filter ] --START--
INFO: Run Behavior\ContentReplaceBehavior [ RunTime:0.000064s ]
INFO: [ template_filter ] --END-- [ RunTime:0.000171s ]
INFO: Run Behavior\ParseTemplateBehavior [ RunTime:0.016132s ]
INFO: [ view_parse ] --END-- [ RunTime:0.016212s ]
INFO: [ view_filter ] --START--
INFO: Run Behavior\WriteHtmlCacheBehavior [ RunTime:0.000253s ]
INFO: [ view_filter ] --END-- [ RunTime:0.000310s ]
INFO: [ app_end ] --START--
INFO: Run Behavior\ShowPageTraceBehavior [ RunTime:0.001640s ]
INFO: [ app_end ] --END-- [ RunTime:0.001867s ]

[ 2017-02-05T18:03:20+08:00 ] 192.168.10.1 /thinkphp/index.php/home/Auth/group
INFO: [ app_init ] --START--
INFO: Run Behavior\BuildLiteBehavior [ RunTime:0.000024s ]
INFO: [ app_init ] --END-- [ RunTime:0.000190s ]
INFO: [ app_begin ] --START--
INFO: Run Behavior\ReadHtmlCacheBehavior [ RunTime:0.001592s ]
INFO: [ app_begin ] --END-- [ RunTime:0.001744s ]
NOTIC: [8] Undefined index: user /var/www/html/thinkphp/Application/Common/Controller/BaseController.class.php 第 15 行.
INFO: [ view_parse ] --START--
INFO: [ template_filter ] --START--
INFO: Run Behavior\ContentReplaceBehavior [ RunTime:0.000100s ]
INFO: [ template_filter ] --END-- [ RunTime:0.000244s ]
INFO: Run Behavior\ParseTemplateBehavior [ RunTime:0.018124s ]
INFO: [ view_parse ] --END-- [ RunTime:0.018473s ]
INFO: [ view_filter ] --START--
INFO: Run Behavior\WriteHtmlCacheBehavior [ RunTime:0.000466s ]
INFO: [ view_filter ] --END-- [ RunTime:0.000525s ]
INFO: [ app_end ] --START--
INFO: Run Behavior\ShowPageTraceBehavior [ RunTime:0.001729s ]
INFO: [ app_end ] --END-- [ RunTime:0.001842s ]

