[ 2017-02-23T08:39:50+08:00 ] 192.168.10.1 /thinkphp/
INFO: [ app_init ] --START--
INFO: Run Behavior\BuildLiteBehavior [ RunTime:0.000070s ]
INFO: [ app_init ] --END-- [ RunTime:0.000775s ]
INFO: [ app_begin ] --START--
INFO: Run Behavior\ReadHtmlCacheBehavior [ RunTime:0.014544s ]
INFO: [ app_begin ] --END-- [ RunTime:0.014700s ]
NOTIC: [8] Undefined index: menu /var/www/html/thinkphp/Application/Common/Controller/BaseController.class.php 第 13 行.

[ 2017-02-23T08:40:36+08:00 ] 192.168.10.1 /thinkphp/index.php/home/login/login
INFO: [ app_init ] --START--
INFO: Run Behavior\BuildLiteBehavior [ RunTime:0.000022s ]
INFO: [ app_init ] --END-- [ RunTime:0.000152s ]
INFO: [ app_begin ] --START--
INFO: Run Behavior\ReadHtmlCacheBehavior [ RunTime:0.001121s ]
INFO: [ app_begin ] --END-- [ RunTime:0.001345s ]
INFO: [ view_parse ] --START--
INFO: [ template_filter ] --START--
INFO: Run Behavior\ContentReplaceBehavior [ RunTime:0.000203s ]
INFO: [ template_filter ] --END-- [ RunTime:0.000643s ]
INFO: Run Behavior\ParseTemplateBehavior [ RunTime:0.243931s ]
INFO: [ view_parse ] --END-- [ RunTime:0.244310s ]
INFO: [ view_filter ] --START--
INFO: Run Behavior\WriteHtmlCacheBehavior [ RunTime:0.014216s ]
INFO: [ view_filter ] --END-- [ RunTime:0.014417s ]
INFO: [ app_end ] --START--
INFO: Run Behavior\ShowPageTraceBehavior [ RunTime:0.027966s ]
INFO: [ app_end ] --END-- [ RunTime:0.028285s ]

[ 2017-02-23T08:40:41+08:00 ] 192.168.10.1 /thinkphp/index.php/home/login/index.html
INFO: [ app_init ] --START--
INFO: Run Behavior\BuildLiteBehavior [ RunTime:0.000029s ]
INFO: [ app_init ] --END-- [ RunTime:0.000088s ]
INFO: [ app_begin ] --START--
INFO: Run Behavior\ReadHtmlCacheBehavior [ RunTime:0.000356s ]
INFO: [ app_begin ] --END-- [ RunTime:0.000407s ]
SQL: SHOW COLUMNS FROM `user` [ RunTime:0.1278s ]
SQL: SHOW COLUMNS FROM `user` [ RunTime:0.0027s ]
SQL: SELECT * FROM `user` WHERE `username` = 'qinshi' LIMIT 1   [ RunTime:0.1313s ]
SQL: SHOW COLUMNS FROM `nav` [ RunTime:0.0192s ]
SQL: SELECT * FROM `nav`  [ RunTime:0.0290s ]
INFO: [ view_parse ] --START--
INFO: [ template_filter ] --START--
INFO: Run Behavior\ContentReplaceBehavior [ RunTime:0.000486s ]
INFO: [ template_filter ] --END-- [ RunTime:0.000803s ]
INFO: Run Behavior\ParseTemplateBehavior [ RunTime:0.109822s ]
INFO: [ view_parse ] --END-- [ RunTime:0.110509s ]
INFO: [ view_filter ] --START--
INFO: Run Behavior\WriteHtmlCacheBehavior [ RunTime:0.000861s ]
INFO: [ view_filter ] --END-- [ RunTime:0.000997s ]
INFO: [ app_end ] --START--
INFO: Run Behavior\ShowPageTraceBehavior [ RunTime:0.002167s ]
INFO: [ app_end ] --END-- [ RunTime:0.002463s ]

[ 2017-02-23T08:40:43+08:00 ] 192.168.10.1 /thinkphp/index.php/home/index/index.html
INFO: [ app_init ] --START--
INFO: Run Behavior\BuildLiteBehavior [ RunTime:0.000020s ]
INFO: [ app_init ] --END-- [ RunTime:0.000122s ]
INFO: [ app_begin ] --START--
INFO: Run Behavior\ReadHtmlCacheBehavior [ RunTime:0.000955s ]
INFO: [ app_begin ] --END-- [ RunTime:0.001108s ]
SQL: SHOW COLUMNS FROM `nav` [ RunTime:0.0012s ]
SQL: SELECT * FROM `nav`  [ RunTime:0.0002s ]
SQL: SHOW COLUMNS FROM `vote` [ RunTime:0.0114s ]
SQL: SHOW COLUMNS FROM `vote` [ RunTime:0.0014s ]
SQL: SELECT COUNT(*) AS tp_count FROM `vote` WHERE `voteType` = 0 AND `user` = 'qinshi' LIMIT 1   [ RunTime:0.0678s ]
NOTIC: [8] Undefined index: header /var/www/html/thinkphp/ThinkPHP/Library/Think/Page.class.php 第 146 行.
NOTIC: [8] Undefined index: header /var/www/html/thinkphp/ThinkPHP/Library/Think/Page.class.php 第 146 行.
SQL: SELECT * FROM `vote` WHERE `voteType` = 0 AND `user` = 'qinshi' ORDER BY `id` LIMIT 0,5   [ RunTime:0.0013s ]
INFO: [ view_parse ] --START--
INFO: [ template_filter ] --START--
INFO: Run Behavior\ContentReplaceBehavior [ RunTime:0.000307s ]
INFO: [ template_filter ] --END-- [ RunTime:0.000692s ]
INFO: Run Behavior\ParseTemplateBehavior [ RunTime:0.373946s ]
INFO: [ view_parse ] --END-- [ RunTime:0.374330s ]
INFO: [ view_filter ] --START--
INFO: Run Behavior\WriteHtmlCacheBehavior [ RunTime:0.000340s ]
INFO: [ view_filter ] --END-- [ RunTime:0.000463s ]
INFO: [ app_end ] --START--
INFO: Run Behavior\ShowPageTraceBehavior [ RunTime:0.003441s ]
INFO: [ app_end ] --END-- [ RunTime:0.003671s ]

[ 2017-02-23T09:02:27+08:00 ] 192.168.10.1 /thinkphp/index.php/home/users/user.html
INFO: [ app_init ] --START--
INFO: Run Behavior\BuildLiteBehavior [ RunTime:0.000014s ]
INFO: [ app_init ] --END-- [ RunTime:0.000071s ]
INFO: [ app_begin ] --START--
INFO: Run Behavior\ReadHtmlCacheBehavior [ RunTime:0.000309s ]
INFO: [ app_begin ] --END-- [ RunTime:0.000363s ]
SQL: SHOW COLUMNS FROM `user` [ RunTime:0.0015s ]
SQL: SELECT COUNT(*) AS tp_count FROM `user` LIMIT 1   [ RunTime:0.0002s ]
NOTIC: [8] Undefined index: header /var/www/html/thinkphp/ThinkPHP/Library/Think/Page.class.php 第 146 行.
NOTIC: [8] Undefined index: header /var/www/html/thinkphp/ThinkPHP/Library/Think/Page.class.php 第 146 行.
SQL: SELECT * FROM `user` ORDER BY `id` LIMIT 0,5   [ RunTime:0.0003s ]
INFO: [ view_parse ] --START--
INFO: [ template_filter ] --START--
INFO: Run Behavior\ContentReplaceBehavior [ RunTime:0.000097s ]
INFO: [ template_filter ] --END-- [ RunTime:0.000254s ]
NOTIC: [8] Undefined variable: title /var/www/html/thinkphp/Application/Runtime/Cache/Home/92a04f9c3459c18a1b1e7a9dc268d8d1.php 第 4 行.
INFO: Run Behavior\ParseTemplateBehavior [ RunTime:0.045844s ]
INFO: [ view_parse ] --END-- [ RunTime:0.045999s ]
INFO: [ view_filter ] --START--
INFO: Run Behavior\WriteHtmlCacheBehavior [ RunTime:0.000191s ]
INFO: [ view_filter ] --END-- [ RunTime:0.000233s ]
INFO: [ app_end ] --START--
INFO: Run Behavior\ShowPageTraceBehavior [ RunTime:0.000747s ]
INFO: [ app_end ] --END-- [ RunTime:0.000821s ]

[ 2017-02-23T09:11:08+08:00 ] 192.168.10.1 /thinkphp/index.php/home/users/add_user.html
INFO: [ app_init ] --START--
INFO: Run Behavior\BuildLiteBehavior [ RunTime:0.000015s ]
INFO: [ app_init ] --END-- [ RunTime:0.000068s ]
INFO: [ app_begin ] --START--
INFO: Run Behavior\ReadHtmlCacheBehavior [ RunTime:0.001149s ]
INFO: [ app_begin ] --END-- [ RunTime:0.001219s ]
SQL: SHOW COLUMNS FROM `auth_group` [ RunTime:0.0134s ]
SQL: SELECT * FROM `auth_group`  [ RunTime:0.0153s ]
INFO: [ view_parse ] --START--
INFO: [ template_filter ] --START--
INFO: Run Behavior\ContentReplaceBehavior [ RunTime:0.000151s ]
INFO: [ template_filter ] --END-- [ RunTime:0.000231s ]
NOTIC: [8] Undefined variable: title /var/www/html/thinkphp/Application/Runtime/Cache/Home/6f098fe556f0bc588936e97e951c86b2.php 第 4 行.
INFO: Run Behavior\ParseTemplateBehavior [ RunTime:0.032222s ]
INFO: [ view_parse ] --END-- [ RunTime:0.032303s ]
INFO: [ view_filter ] --START--
INFO: Run Behavior\WriteHtmlCacheBehavior [ RunTime:0.000341s ]
INFO: [ view_filter ] --END-- [ RunTime:0.000395s ]
INFO: [ app_end ] --START--
INFO: Run Behavior\ShowPageTraceBehavior [ RunTime:0.000646s ]
INFO: [ app_end ] --END-- [ RunTime:0.000752s ]

[ 2017-02-23T09:11:13+08:00 ] 192.168.10.1 /thinkphp/index.php/home/users/updateinfo.html
INFO: [ app_init ] --START--
INFO: Run Behavior\BuildLiteBehavior [ RunTime:0.000030s ]
INFO: [ app_init ] --END-- [ RunTime:0.000152s ]
INFO: [ app_begin ] --START--
INFO: Run Behavior\ReadHtmlCacheBehavior [ RunTime:0.001360s ]
INFO: [ app_begin ] --END-- [ RunTime:0.001632s ]
SQL: SHOW COLUMNS FROM `user` [ RunTime:0.0016s ]
NOTIC: [8] Undefined variable: cond /var/www/html/thinkphp/Application/Home/Controller/UsersController.class.php 第 85 行.
SQL: SELECT * FROM `user` LIMIT 1   [ RunTime:0.0002s ]
INFO: [ view_parse ] --START--
INFO: [ template_filter ] --START--
INFO: Run Behavior\ContentReplaceBehavior [ RunTime:0.000093s ]
INFO: [ template_filter ] --END-- [ RunTime:0.000256s ]
NOTIC: [8] Undefined variable: title /var/www/html/thinkphp/Application/Runtime/Cache/Home/2474574afca9aa348d3e60c3d5c00478.php 第 4 行.
INFO: Run Behavior\ParseTemplateBehavior [ RunTime:0.048420s ]
INFO: [ view_parse ] --END-- [ RunTime:0.048529s ]
INFO: [ view_filter ] --START--
INFO: Run Behavior\WriteHtmlCacheBehavior [ RunTime:0.000247s ]
INFO: [ view_filter ] --END-- [ RunTime:0.000346s ]
INFO: [ app_end ] --START--
INFO: Run Behavior\ShowPageTraceBehavior [ RunTime:0.000629s ]
INFO: [ app_end ] --END-- [ RunTime:0.000701s ]

[ 2017-02-23T09:11:17+08:00 ] 192.168.10.1 /thinkphp/index.php/home/index/index/type/0.html
INFO: [ app_init ] --START--
INFO: Run Behavior\BuildLiteBehavior [ RunTime:0.000036s ]
INFO: [ app_init ] --END-- [ RunTime:0.000243s ]
INFO: [ app_begin ] --START--
INFO: Run Behavior\ReadHtmlCacheBehavior [ RunTime:0.000889s ]
INFO: [ app_begin ] --END-- [ RunTime:0.001044s ]
SQL: SHOW COLUMNS FROM `nav` [ RunTime:0.0012s ]
SQL: SELECT * FROM `nav`  [ RunTime:0.0002s ]
SQL: SHOW COLUMNS FROM `vote` [ RunTime:0.0015s ]
SQL: SHOW COLUMNS FROM `vote` [ RunTime:0.0025s ]
SQL: SELECT COUNT(*) AS tp_count FROM `vote` WHERE `voteType` = 0 AND `user` = 'qinshi' LIMIT 1   [ RunTime:0.0003s ]
NOTIC: [8] Undefined index: header /var/www/html/thinkphp/ThinkPHP/Library/Think/Page.class.php 第 146 行.
NOTIC: [8] Undefined index: header /var/www/html/thinkphp/ThinkPHP/Library/Think/Page.class.php 第 146 行.
SQL: SELECT * FROM `vote` WHERE `voteType` = 0 AND `user` = 'qinshi' ORDER BY `id` LIMIT 0,5   [ RunTime:0.0004s ]
INFO: [ view_parse ] --START--
INFO: [ template_filter ] --START--
INFO: Run Behavior\ContentReplaceBehavior [ RunTime:0.000185s ]
INFO: [ template_filter ] --END-- [ RunTime:0.000384s ]
INFO: Run Behavior\ParseTemplateBehavior [ RunTime:0.018454s ]
INFO: [ view_parse ] --END-- [ RunTime:0.018810s ]
INFO: [ view_filter ] --START--
INFO: Run Behavior\WriteHtmlCacheBehavior [ RunTime:0.000541s ]
INFO: [ view_filter ] --END-- [ RunTime:0.000613s ]
INFO: [ app_end ] --START--
INFO: Run Behavior\ShowPageTraceBehavior [ RunTime:0.001081s ]
INFO: [ app_end ] --END-- [ RunTime:0.001166s ]

[ 2017-02-23T09:11:23+08:00 ] 192.168.10.1 /thinkphp/index.php/home/auth/rule.html
INFO: [ app_init ] --START--
INFO: Run Behavior\BuildLiteBehavior [ RunTime:0.000016s ]
INFO: [ app_init ] --END-- [ RunTime:0.000077s ]
INFO: [ app_begin ] --START--
INFO: Run Behavior\ReadHtmlCacheBehavior [ RunTime:0.000791s ]
INFO: [ app_begin ] --END-- [ RunTime:0.000911s ]
SQL: SHOW COLUMNS FROM `auth_rule` [ RunTime:0.0171s ]
SQL: SHOW COLUMNS FROM `auth_rule` [ RunTime:0.0010s ]
SQL: SELECT COUNT(*) AS tp_count FROM `auth_rule` LIMIT 1   [ RunTime:0.0002s ]
NOTIC: [8] Undefined index: header /var/www/html/thinkphp/ThinkPHP/Library/Think/Page.class.php 第 146 行.
NOTIC: [8] Undefined index: header /var/www/html/thinkphp/ThinkPHP/Library/Think/Page.class.php 第 146 行.
NOTIC: [2] Missing argument 1 for Think\Model::where(), called in /var/www/html/thinkphp/Application/Home/Model/AuthRuleModel.class.php on line 34 and defined /var/www/html/thinkphp/ThinkPHP/Library/Think/Model.class.php 第 2002 行.
NOTIC: [8] Undefined variable: where /var/www/html/thinkphp/ThinkPHP/Library/Think/Model.class.php 第 2011 行.
NOTIC: [8] Undefined variable: where /var/www/html/thinkphp/ThinkPHP/Library/Think/Model.class.php 第 2014 行.
NOTIC: [8] Undefined variable: where /var/www/html/thinkphp/ThinkPHP/Library/Think/Model.class.php 第 2022 行.
SQL: SELECT * FROM `auth_rule` ORDER BY `id` LIMIT 0,10   [ RunTime:0.0008s ]
INFO: [ view_parse ] --START--
INFO: [ template_filter ] --START--
INFO: Run Behavior\ContentReplaceBehavior [ RunTime:0.000163s ]
INFO: [ template_filter ] --END-- [ RunTime:0.000362s ]
NOTIC: [8] Undefined variable: title /var/www/html/thinkphp/Application/Runtime/Cache/Home/d505f29e0b5ee7f63718ea138a560af1.php 第 4 行.
NOTIC: [8] Undefined index: Type /var/www/html/thinkphp/Application/Runtime/Cache/Home/d505f29e0b5ee7f63718ea138a560af1.php 第 93 行.
NOTIC: [8] Undefined index: Type /var/www/html/thinkphp/Application/Runtime/Cache/Home/d505f29e0b5ee7f63718ea138a560af1.php 第 93 行.
NOTIC: [8] Undefined index: Type /var/www/html/thinkphp/Application/Runtime/Cache/Home/d505f29e0b5ee7f63718ea138a560af1.php 第 93 行.
NOTIC: [8] Undefined index: Type /var/www/html/thinkphp/Application/Runtime/Cache/Home/d505f29e0b5ee7f63718ea138a560af1.php 第 93 行.
NOTIC: [8] Undefined index: Type /var/www/html/thinkphp/Application/Runtime/Cache/Home/d505f29e0b5ee7f63718ea138a560af1.php 第 93 行.
NOTIC: [8] Undefined index: Type /var/www/html/thinkphp/Application/Runtime/Cache/Home/d505f29e0b5ee7f63718ea138a560af1.php 第 93 行.
NOTIC: [8] Undefined index: Type /var/www/html/thinkphp/Application/Runtime/Cache/Home/d505f29e0b5ee7f63718ea138a560af1.php 第 93 行.
NOTIC: [8] Undefined index: Type /var/www/html/thinkphp/Application/Runtime/Cache/Home/d505f29e0b5ee7f63718ea138a560af1.php 第 93 行.
NOTIC: [8] Undefined index: Type /var/www/html/thinkphp/Application/Runtime/Cache/Home/d505f29e0b5ee7f63718ea138a560af1.php 第 93 行.
NOTIC: [8] Undefined index: Type /var/www/html/thinkphp/Application/Runtime/Cache/Home/d505f29e0b5ee7f63718ea138a560af1.php 第 93 行.
INFO: Run Behavior\ParseTemplateBehavior [ RunTime:0.076297s ]
INFO: [ view_parse ] --END-- [ RunTime:0.076791s ]
INFO: [ view_filter ] --START--
INFO: Run Behavior\WriteHtmlCacheBehavior [ RunTime:0.000181s ]
INFO: [ view_filter ] --END-- [ RunTime:0.000256s ]
INFO: [ app_end ] --START--
INFO: Run Behavior\ShowPageTraceBehavior [ RunTime:0.000943s ]
INFO: [ app_end ] --END-- [ RunTime:0.001128s ]

[ 2017-02-23T09:11:24+08:00 ] 192.168.10.1 /thinkphp/index.php/home/users/group.html
INFO: [ app_init ] --START--
INFO: Run Behavior\BuildLiteBehavior [ RunTime:0.000024s ]
INFO: [ app_init ] --END-- [ RunTime:0.000113s ]
INFO: [ app_begin ] --START--
INFO: Run Behavior\ReadHtmlCacheBehavior [ RunTime:0.000305s ]
INFO: [ app_begin ] --END-- [ RunTime:0.000359s ]
SQL: SHOW COLUMNS FROM `auth_group` [ RunTime:0.0008s ]
SQL: SELECT COUNT(*) AS tp_count FROM `auth_group` LIMIT 1   [ RunTime:0.0002s ]
NOTIC: [8] Undefined index: header /var/www/html/thinkphp/ThinkPHP/Library/Think/Page.class.php 第 146 行.
NOTIC: [8] Undefined index: header /var/www/html/thinkphp/ThinkPHP/Library/Think/Page.class.php 第 146 行.
SQL: SELECT * FROM `auth_group` ORDER BY `id` LIMIT 0,5   [ RunTime:0.0003s ]
INFO: [ view_parse ] --START--
INFO: [ template_filter ] --START--
INFO: Run Behavior\ContentReplaceBehavior [ RunTime:0.000084s ]
INFO: [ template_filter ] --END-- [ RunTime:0.000161s ]
NOTIC: [8] Undefined variable: title /var/www/html/thinkphp/Application/Runtime/Cache/Home/aaf924ddaf9e0c335a6f6e851415e643.php 第 4 行.
INFO: Run Behavior\ParseTemplateBehavior [ RunTime:0.040994s ]
INFO: [ view_parse ] --END-- [ RunTime:0.041078s ]
INFO: [ view_filter ] --START--
INFO: Run Behavior\WriteHtmlCacheBehavior [ RunTime:0.000207s ]
INFO: [ view_filter ] --END-- [ RunTime:0.000250s ]
INFO: [ app_end ] --START--
INFO: Run Behavior\ShowPageTraceBehavior [ RunTime:0.000914s ]
INFO: [ app_end ] --END-- [ RunTime:0.001113s ]

[ 2017-02-23T09:11:32+08:00 ] 192.168.10.1 /thinkphp/index.php/home/apply/square.html
INFO: [ app_init ] --START--
INFO: Run Behavior\BuildLiteBehavior [ RunTime:0.000130s ]
INFO: [ app_init ] --END-- [ RunTime:0.000279s ]
INFO: [ app_begin ] --START--
INFO: Run Behavior\ReadHtmlCacheBehavior [ RunTime:0.000413s ]
INFO: [ app_begin ] --END-- [ RunTime:0.000468s ]
INFO: [ view_parse ] --START--
NOTIC: [2] file_get_contents(./Application/Home/View/Public/public_head.html): failed to open stream: No such file or directory /var/www/html/thinkphp/ThinkPHP/Library/Think/Template.class.php 第 785 行.
NOTIC: [2] file_get_contents(./Application/Home/View/Public/public_nav.html): failed to open stream: No such file or directory /var/www/html/thinkphp/ThinkPHP/Library/Think/Template.class.php 第 785 行.
NOTIC: [2] file_get_contents(./Application/Home/View/Public/public_foot.html): failed to open stream: No such file or directory /var/www/html/thinkphp/ThinkPHP/Library/Think/Template.class.php 第 785 行.
INFO: [ template_filter ] --START--
INFO: Run Behavior\ContentReplaceBehavior [ RunTime:0.000134s ]
INFO: [ template_filter ] --END-- [ RunTime:0.000222s ]
NOTIC: [8] Undefined variable: title /var/www/html/thinkphp/Application/Runtime/Cache/Home/101e7fdeffd0136512b7ebe5b57ff866.php 第 4 行.
NOTIC: [8] Undefined variable: form /var/www/html/thinkphp/Application/Runtime/Cache/Home/101e7fdeffd0136512b7ebe5b57ff866.php 第 81 行.
NOTIC: [8] Undefined variable: form /var/www/html/thinkphp/Application/Runtime/Cache/Home/101e7fdeffd0136512b7ebe5b57ff866.php 第 88 行.
NOTIC: [8] Undefined variable: form /var/www/html/thinkphp/Application/Runtime/Cache/Home/101e7fdeffd0136512b7ebe5b57ff866.php 第 97 行.
NOTIC: [8] Undefined variable: form /var/www/html/thinkphp/Application/Runtime/Cache/Home/101e7fdeffd0136512b7ebe5b57ff866.php 第 100 行.
NOTIC: [8] Undefined variable: form /var/www/html/thinkphp/Application/Runtime/Cache/Home/101e7fdeffd0136512b7ebe5b57ff866.php 第 106 行.
NOTIC: [8] Undefined variable: form /var/www/html/thinkphp/Application/Runtime/Cache/Home/101e7fdeffd0136512b7ebe5b57ff866.php 第 109 行.
NOTIC: [8] Undefined variable: form /var/www/html/thinkphp/Application/Runtime/Cache/Home/101e7fdeffd0136512b7ebe5b57ff866.php 第 115 行.
NOTIC: [8] Undefined variable: form /var/www/html/thinkphp/Application/Runtime/Cache/Home/101e7fdeffd0136512b7ebe5b57ff866.php 第 116 行.
NOTIC: [8] Undefined variable: form /var/www/html/thinkphp/Application/Runtime/Cache/Home/101e7fdeffd0136512b7ebe5b57ff866.php 第 117 行.
NOTIC: [8] Undefined variable: form /var/www/html/thinkphp/Application/Runtime/Cache/Home/101e7fdeffd0136512b7ebe5b57ff866.php 第 118 行.
NOTIC: [8] Undefined variable: form /var/www/html/thinkphp/Application/Runtime/Cache/Home/101e7fdeffd0136512b7ebe5b57ff866.php 第 125 行.
NOTIC: [8] Undefined variable: form /var/www/html/thinkphp/Application/Runtime/Cache/Home/101e7fdeffd0136512b7ebe5b57ff866.php 第 130 行.
NOTIC: [8] Undefined variable: form /var/www/html/thinkphp/Application/Runtime/Cache/Home/101e7fdeffd0136512b7ebe5b57ff866.php 第 137 行.
NOTIC: [8] Undefined variable: opt /var/www/html/thinkphp/Application/Runtime/Cache/Home/101e7fdeffd0136512b7ebe5b57ff866.php 第 140 行.
INFO: Run Behavior\ParseTemplateBehavior [ RunTime:0.041123s ]
INFO: [ view_parse ] --END-- [ RunTime:0.041293s ]
INFO: [ view_filter ] --START--
INFO: Run Behavior\WriteHtmlCacheBehavior [ RunTime:0.000195s ]
INFO: [ view_filter ] --END-- [ RunTime:0.000242s ]
INFO: [ app_end ] --START--
INFO: Run Behavior\ShowPageTraceBehavior [ RunTime:0.001762s ]
INFO: [ app_end ] --END-- [ RunTime:0.001868s ]

[ 2017-02-23T09:11:33+08:00 ] 192.168.10.1 /thinkphp/index.php/home/apply/forms.html
INFO: [ app_init ] --START--
INFO: Run Behavior\BuildLiteBehavior [ RunTime:0.000014s ]
INFO: [ app_init ] --END-- [ RunTime:0.000063s ]
INFO: [ app_begin ] --START--
INFO: Run Behavior\ReadHtmlCacheBehavior [ RunTime:0.000714s ]
INFO: [ app_begin ] --END-- [ RunTime:0.000812s ]
INFO: [ view_parse ] --START--
INFO: [ template_filter ] --START--
INFO: Run Behavior\ContentReplaceBehavior [ RunTime:0.000092s ]
INFO: [ template_filter ] --END-- [ RunTime:0.000207s ]
NOTIC: [8] Undefined variable: title /var/www/html/thinkphp/Application/Runtime/Cache/Home/8895ee486a17556ac5622b0a91dff43b.php 第 4 行.
NOTIC: [8] Undefined variable: form /var/www/html/thinkphp/Application/Runtime/Cache/Home/8895ee486a17556ac5622b0a91dff43b.php 第 79 行.
NOTIC: [8] Undefined variable: form /var/www/html/thinkphp/Application/Runtime/Cache/Home/8895ee486a17556ac5622b0a91dff43b.php 第 86 行.
NOTIC: [8] Undefined variable: form /var/www/html/thinkphp/Application/Runtime/Cache/Home/8895ee486a17556ac5622b0a91dff43b.php 第 95 行.
NOTIC: [8] Undefined variable: form /var/www/html/thinkphp/Application/Runtime/Cache/Home/8895ee486a17556ac5622b0a91dff43b.php 第 99 行.
NOTIC: [8] Undefined variable: form /var/www/html/thinkphp/Application/Runtime/Cache/Home/8895ee486a17556ac5622b0a91dff43b.php 第 102 行.
NOTIC: [8] Undefined variable: form /var/www/html/thinkphp/Application/Runtime/Cache/Home/8895ee486a17556ac5622b0a91dff43b.php 第 105 行.
NOTIC: [8] Undefined variable: form /var/www/html/thinkphp/Application/Runtime/Cache/Home/8895ee486a17556ac5622b0a91dff43b.php 第 108 行.
NOTIC: [8] Undefined variable: form /var/www/html/thinkphp/Application/Runtime/Cache/Home/8895ee486a17556ac5622b0a91dff43b.php 第 119 行.
NOTIC: [2] in_array() expects parameter 2 to be array, null given /var/www/html/thinkphp/Application/Runtime/Cache/Home/8895ee486a17556ac5622b0a91dff43b.php 第 119 行.
NOTIC: [8] Undefined variable: form /var/www/html/thinkphp/Application/Runtime/Cache/Home/8895ee486a17556ac5622b0a91dff43b.php 第 120 行.
NOTIC: [2] in_array() expects parameter 2 to be array, null given /var/www/html/thinkphp/Application/Runtime/Cache/Home/8895ee486a17556ac5622b0a91dff43b.php 第 120 行.
NOTIC: [8] Undefined variable: form /var/www/html/thinkphp/Application/Runtime/Cache/Home/8895ee486a17556ac5622b0a91dff43b.php 第 121 行.
NOTIC: [2] in_array() expects parameter 2 to be array, null given /var/www/html/thinkphp/Application/Runtime/Cache/Home/8895ee486a17556ac5622b0a91dff43b.php 第 121 行.
NOTIC: [8] Undefined variable: form /var/www/html/thinkphp/Application/Runtime/Cache/Home/8895ee486a17556ac5622b0a91dff43b.php 第 122 行.
NOTIC: [2] in_array() expects parameter 2 to be array, null given /var/www/html/thinkphp/Application/Runtime/Cache/Home/8895ee486a17556ac5622b0a91dff43b.php 第 122 行.
NOTIC: [8] Undefined variable: form /var/www/html/thinkphp/Application/Runtime/Cache/Home/8895ee486a17556ac5622b0a91dff43b.php 第 123 行.
NOTIC: [2] in_array() expects parameter 2 to be array, null given /var/www/html/thinkphp/Application/Runtime/Cache/Home/8895ee486a17556ac5622b0a91dff43b.php 第 123 行.
NOTIC: [8] Undefined variable: form /var/www/html/thinkphp/Application/Runtime/Cache/Home/8895ee486a17556ac5622b0a91dff43b.php 第 130 行.
NOTIC: [8] Undefined variable: form /var/www/html/thinkphp/Application/Runtime/Cache/Home/8895ee486a17556ac5622b0a91dff43b.php 第 133 行.
NOTIC: [8] Undefined variable: form /var/www/html/thinkphp/Application/Runtime/Cache/Home/8895ee486a17556ac5622b0a91dff43b.php 第 139 行.
NOTIC: [8] Undefined variable: form /var/www/html/thinkphp/Application/Runtime/Cache/Home/8895ee486a17556ac5622b0a91dff43b.php 第 142 行.
NOTIC: [8] Undefined variable: form /var/www/html/thinkphp/Application/Runtime/Cache/Home/8895ee486a17556ac5622b0a91dff43b.php 第 148 行.
NOTIC: [8] Undefined variable: form /var/www/html/thinkphp/Application/Runtime/Cache/Home/8895ee486a17556ac5622b0a91dff43b.php 第 149 行.
NOTIC: [8] Undefined variable: form /var/www/html/thinkphp/Application/Runtime/Cache/Home/8895ee486a17556ac5622b0a91dff43b.php 第 150 行.
NOTIC: [8] Undefined variable: form /var/www/html/thinkphp/Application/Runtime/Cache/Home/8895ee486a17556ac5622b0a91dff43b.php 第 151 行.
NOTIC: [8] Undefined variable: form /var/www/html/thinkphp/Application/Runtime/Cache/Home/8895ee486a17556ac5622b0a91dff43b.php 第 158 行.
NOTIC: [8] Undefined variable: form /var/www/html/thinkphp/Application/Runtime/Cache/Home/8895ee486a17556ac5622b0a91dff43b.php 第 163 行.
NOTIC: [8] Undefined variable: form /var/www/html/thinkphp/Application/Runtime/Cache/Home/8895ee486a17556ac5622b0a91dff43b.php 第 170 行.
NOTIC: [8] Undefined variable: opt /var/www/html/thinkphp/Application/Runtime/Cache/Home/8895ee486a17556ac5622b0a91dff43b.php 第 172 行.
INFO: Run Behavior\ParseTemplateBehavior [ RunTime:0.051639s ]
INFO: [ view_parse ] --END-- [ RunTime:0.051757s ]
INFO: [ view_filter ] --START--
INFO: Run Behavior\WriteHtmlCacheBehavior [ RunTime:0.000168s ]
INFO: [ view_filter ] --END-- [ RunTime:0.000226s ]
INFO: [ app_end ] --START--
INFO: Run Behavior\ShowPageTraceBehavior [ RunTime:0.001122s ]
INFO: [ app_end ] --END-- [ RunTime:0.001291s ]

[ 2017-02-23T09:11:36+08:00 ] 192.168.10.1 /thinkphp/index.php/home/apply/eleform.html
INFO: [ app_init ] --START--
INFO: Run Behavior\BuildLiteBehavior [ RunTime:0.000013s ]
INFO: [ app_init ] --END-- [ RunTime:0.000063s ]
INFO: [ app_begin ] --START--
INFO: Run Behavior\ReadHtmlCacheBehavior [ RunTime:0.000307s ]
INFO: [ app_begin ] --END-- [ RunTime:0.000357s ]
INFO: [ view_parse ] --START--
INFO: [ template_filter ] --START--
INFO: Run Behavior\ContentReplaceBehavior [ RunTime:0.000086s ]
INFO: [ template_filter ] --END-- [ RunTime:0.000154s ]
NOTIC: [8] Undefined variable: title /var/www/html/thinkphp/Application/Runtime/Cache/Home/8dffb08e6e6e66486bd5988918639ab0.php 第 4 行.
NOTIC: [8] Undefined variable: form /var/www/html/thinkphp/Application/Runtime/Cache/Home/8dffb08e6e6e66486bd5988918639ab0.php 第 80 行.
NOTIC: [8] Undefined variable: form /var/www/html/thinkphp/Application/Runtime/Cache/Home/8dffb08e6e6e66486bd5988918639ab0.php 第 87 行.
NOTIC: [8] Undefined variable: form /var/www/html/thinkphp/Application/Runtime/Cache/Home/8dffb08e6e6e66486bd5988918639ab0.php 第 97 行.
NOTIC: [2] in_array() expects parameter 2 to be array, null given /var/www/html/thinkphp/Application/Runtime/Cache/Home/8dffb08e6e6e66486bd5988918639ab0.php 第 97 行.
NOTIC: [8] Undefined variable: form /var/www/html/thinkphp/Application/Runtime/Cache/Home/8dffb08e6e6e66486bd5988918639ab0.php 第 98 行.
NOTIC: [2] in_array() expects parameter 2 to be array, null given /var/www/html/thinkphp/Application/Runtime/Cache/Home/8dffb08e6e6e66486bd5988918639ab0.php 第 98 行.
NOTIC: [8] Undefined variable: form /var/www/html/thinkphp/Application/Runtime/Cache/Home/8dffb08e6e6e66486bd5988918639ab0.php 第 106 行.
NOTIC: [8] Undefined variable: form /var/www/html/thinkphp/Application/Runtime/Cache/Home/8dffb08e6e6e66486bd5988918639ab0.php 第 109 行.
NOTIC: [8] Undefined variable: form /var/www/html/thinkphp/Application/Runtime/Cache/Home/8dffb08e6e6e66486bd5988918639ab0.php 第 115 行.
NOTIC: [8] Undefined variable: form /var/www/html/thinkphp/Application/Runtime/Cache/Home/8dffb08e6e6e66486bd5988918639ab0.php 第 118 行.
NOTIC: [8] Undefined variable: form /var/www/html/thinkphp/Application/Runtime/Cache/Home/8dffb08e6e6e66486bd5988918639ab0.php 第 125 行.
NOTIC: [8] Undefined variable: form /var/www/html/thinkphp/Application/Runtime/Cache/Home/8dffb08e6e6e66486bd5988918639ab0.php 第 130 行.
NOTIC: [8] Undefined variable: form /var/www/html/thinkphp/Application/Runtime/Cache/Home/8dffb08e6e6e66486bd5988918639ab0.php 第 144 行.
NOTIC: [8] Undefined variable: opt /var/www/html/thinkphp/Application/Runtime/Cache/Home/8dffb08e6e6e66486bd5988918639ab0.php 第 146 行.
INFO: Run Behavior\ParseTemplateBehavior [ RunTime:0.053699s ]
INFO: [ view_parse ] --END-- [ RunTime:0.053760s ]
INFO: [ view_filter ] --START--
INFO: Run Behavior\WriteHtmlCacheBehavior [ RunTime:0.000134s ]
INFO: [ view_filter ] --END-- [ RunTime:0.000181s ]
INFO: [ app_end ] --START--
INFO: Run Behavior\ShowPageTraceBehavior [ RunTime:0.000477s ]
INFO: [ app_end ] --END-- [ RunTime:0.000592s ]

