[ 2017-01-29T10:17:59+08:00 ] 192.168.10.1 /thinkphp/
INFO: [ app_init ] --START--
INFO: Run Behavior\BuildLiteBehavior [ RunTime:0.000019s ]
INFO: [ app_init ] --END-- [ RunTime:0.000115s ]
INFO: [ app_begin ] --START--
INFO: Run Behavior\ReadHtmlCacheBehavior [ RunTime:0.000453s ]
INFO: [ app_begin ] --END-- [ RunTime:0.000530s ]
INFO: [ view_parse ] --START--
INFO: [ template_filter ] --START--
INFO: Run Behavior\ContentReplaceBehavior [ RunTime:0.000096s ]
INFO: [ template_filter ] --END-- [ RunTime:0.000270s ]
INFO: Run Behavior\ParseTemplateBehavior [ RunTime:0.007339s ]
INFO: [ view_parse ] --END-- [ RunTime:0.007427s ]
INFO: [ view_filter ] --START--
INFO: Run Behavior\WriteHtmlCacheBehavior [ RunTime:0.000237s ]
INFO: [ view_filter ] --END-- [ RunTime:0.000312s ]

[ 2017-01-29T10:18:09+08:00 ] 192.168.10.1 /thinkphp/
INFO: [ app_init ] --START--
INFO: Run Behavior\BuildLiteBehavior [ RunTime:0.000015s ]
INFO: [ app_init ] --END-- [ RunTime:0.000084s ]
INFO: [ app_begin ] --START--
INFO: Run Behavior\ReadHtmlCacheBehavior [ RunTime:0.000424s ]
INFO: [ app_begin ] --END-- [ RunTime:0.000493s ]
INFO: [ view_parse ] --START--
INFO: [ template_filter ] --START--
INFO: Run Behavior\ContentReplaceBehavior [ RunTime:0.000059s ]
INFO: [ template_filter ] --END-- [ RunTime:0.000127s ]
INFO: Run Behavior\ParseTemplateBehavior [ RunTime:0.005559s ]
INFO: [ view_parse ] --END-- [ RunTime:0.005635s ]
INFO: [ view_filter ] --START--
INFO: Run Behavior\WriteHtmlCacheBehavior [ RunTime:0.000107s ]
INFO: [ view_filter ] --END-- [ RunTime:0.000148s ]

[ 2017-01-29T10:23:28+08:00 ] 192.168.10.1 /thinkphp/
INFO: [ app_init ] --START--
INFO: Run Behavior\BuildLiteBehavior [ RunTime:0.000014s ]
INFO: [ app_init ] --END-- [ RunTime:0.000070s ]
INFO: [ app_begin ] --START--
INFO: Run Behavior\ReadHtmlCacheBehavior [ RunTime:0.000344s ]
INFO: [ app_begin ] --END-- [ RunTime:0.000405s ]
INFO: [ view_parse ] --START--
INFO: [ template_filter ] --START--
INFO: Run Behavior\ContentReplaceBehavior [ RunTime:0.000095s ]
INFO: [ template_filter ] --END-- [ RunTime:0.000191s ]
INFO: Run Behavior\ParseTemplateBehavior [ RunTime:0.005041s ]
INFO: [ view_parse ] --END-- [ RunTime:0.005089s ]
INFO: [ view_filter ] --START--
INFO: Run Behavior\WriteHtmlCacheBehavior [ RunTime:0.000124s ]
INFO: [ view_filter ] --END-- [ RunTime:0.000165s ]

[ 2017-01-29T10:45:27+08:00 ] 192.168.10.1 /thinkphp/
INFO: [ app_init ] --START--
INFO: Run Behavior\BuildLiteBehavior [ RunTime:0.000014s ]
INFO: [ app_init ] --END-- [ RunTime:0.000064s ]
INFO: [ app_begin ] --START--
INFO: Run Behavior\ReadHtmlCacheBehavior [ RunTime:0.000309s ]
INFO: [ app_begin ] --END-- [ RunTime:0.000353s ]
INFO: [ view_parse ] --START--
INFO: [ template_filter ] --START--
INFO: Run Behavior\ContentReplaceBehavior [ RunTime:0.000051s ]
INFO: [ template_filter ] --END-- [ RunTime:0.000098s ]
INFO: Run Behavior\ParseTemplateBehavior [ RunTime:0.003938s ]
INFO: [ view_parse ] --END-- [ RunTime:0.003981s ]
INFO: [ view_filter ] --START--
INFO: Run Behavior\WriteHtmlCacheBehavior [ RunTime:0.000095s ]
INFO: [ view_filter ] --END-- [ RunTime:0.000132s ]

[ 2017-01-29T10:45:27+08:00 ] 192.168.10.1 /thinkphp/
INFO: [ app_init ] --START--
INFO: Run Behavior\BuildLiteBehavior [ RunTime:0.000013s ]
INFO: [ app_init ] --END-- [ RunTime:0.000068s ]
INFO: [ app_begin ] --START--
INFO: Run Behavior\ReadHtmlCacheBehavior [ RunTime:0.000278s ]
INFO: [ app_begin ] --END-- [ RunTime:0.000326s ]
INFO: [ view_parse ] --START--
INFO: [ template_filter ] --START--
INFO: Run Behavior\ContentReplaceBehavior [ RunTime:0.000054s ]
INFO: [ template_filter ] --END-- [ RunTime:0.000110s ]
INFO: Run Behavior\ParseTemplateBehavior [ RunTime:0.004526s ]
INFO: [ view_parse ] --END-- [ RunTime:0.004572s ]
INFO: [ view_filter ] --START--
INFO: Run Behavior\WriteHtmlCacheBehavior [ RunTime:0.000136s ]
INFO: [ view_filter ] --END-- [ RunTime:0.000178s ]

[ 2017-01-29T10:45:40+08:00 ] 192.168.10.1 /thinkphp/
INFO: [ app_init ] --START--
INFO: Run Behavior\BuildLiteBehavior [ RunTime:0.000013s ]
INFO: [ app_init ] --END-- [ RunTime:0.000067s ]
INFO: [ app_begin ] --START--
INFO: Run Behavior\ReadHtmlCacheBehavior [ RunTime:0.000474s ]
INFO: [ app_begin ] --END-- [ RunTime:0.000560s ]
INFO: [ view_parse ] --START--
INFO: [ template_filter ] --START--
INFO: Run Behavior\ContentReplaceBehavior [ RunTime:0.000058s ]
INFO: [ template_filter ] --END-- [ RunTime:0.000121s ]
INFO: Run Behavior\ParseTemplateBehavior [ RunTime:0.004335s ]
INFO: [ view_parse ] --END-- [ RunTime:0.004383s ]
INFO: [ view_filter ] --START--
INFO: Run Behavior\WriteHtmlCacheBehavior [ RunTime:0.000105s ]
INFO: [ view_filter ] --END-- [ RunTime:0.000146s ]

[ 2017-01-29T10:48:21+08:00 ] 192.168.10.1 /thinkphp/
INFO: [ app_init ] --START--
INFO: Run Behavior\BuildLiteBehavior [ RunTime:0.000014s ]
INFO: [ app_init ] --END-- [ RunTime:0.000069s ]
INFO: [ app_begin ] --START--
INFO: Run Behavior\ReadHtmlCacheBehavior [ RunTime:0.000289s ]
INFO: [ app_begin ] --END-- [ RunTime:0.000337s ]
INFO: [ view_parse ] --START--
INFO: [ template_filter ] --START--
INFO: Run Behavior\ContentReplaceBehavior [ RunTime:0.000074s ]
INFO: [ template_filter ] --END-- [ RunTime:0.000142s ]
INFO: Run Behavior\ParseTemplateBehavior [ RunTime:0.004324s ]
INFO: [ view_parse ] --END-- [ RunTime:0.004371s ]
INFO: [ view_filter ] --START--
INFO: Run Behavior\WriteHtmlCacheBehavior [ RunTime:0.000116s ]
INFO: [ view_filter ] --END-- [ RunTime:0.000157s ]

[ 2017-01-29T11:43:40+08:00 ] 192.168.10.1 /thinkphp/
INFO: [ app_init ] --START--
INFO: Run Behavior\BuildLiteBehavior [ RunTime:0.000015s ]
INFO: [ app_init ] --END-- [ RunTime:0.000066s ]
INFO: [ app_begin ] --START--
INFO: Run Behavior\ReadHtmlCacheBehavior [ RunTime:0.000343s ]
INFO: [ app_begin ] --END-- [ RunTime:0.000409s ]
INFO: [ view_parse ] --START--
INFO: [ template_filter ] --START--
INFO: Run Behavior\ContentReplaceBehavior [ RunTime:0.000055s ]
INFO: [ template_filter ] --END-- [ RunTime:0.000118s ]
INFO: Run Behavior\ParseTemplateBehavior [ RunTime:0.004487s ]
INFO: [ view_parse ] --END-- [ RunTime:0.004533s ]
INFO: [ view_filter ] --START--
INFO: Run Behavior\WriteHtmlCacheBehavior [ RunTime:0.000114s ]
INFO: [ view_filter ] --END-- [ RunTime:0.000156s ]

[ 2017-01-29T11:43:52+08:00 ] 192.168.10.1 /thinkphp/index.php/home/login/index.html
INFO: [ app_init ] --START--
INFO: Run Behavior\BuildLiteBehavior [ RunTime:0.000026s ]
INFO: [ app_init ] --END-- [ RunTime:0.000132s ]
INFO: [ app_begin ] --START--
INFO: Run Behavior\ReadHtmlCacheBehavior [ RunTime:0.000616s ]
INFO: [ app_begin ] --END-- [ RunTime:0.000730s ]
SQL: SHOW COLUMNS FROM `user` [ RunTime:0.0009s ]
SQL: SHOW COLUMNS FROM `user` [ RunTime:0.0009s ]
SQL: SELECT * FROM `user` WHERE `username` = 'qinshi' LIMIT 1   [ RunTime:0.0005s ]
INFO: [ view_parse ] --START--
INFO: [ template_filter ] --START--
INFO: Run Behavior\ContentReplaceBehavior [ RunTime:0.000070s ]
INFO: [ template_filter ] --END-- [ RunTime:0.000150s ]
INFO: Run Behavior\ParseTemplateBehavior [ RunTime:0.007384s ]
INFO: [ view_parse ] --END-- [ RunTime:0.007466s ]
INFO: [ view_filter ] --START--
INFO: Run Behavior\WriteHtmlCacheBehavior [ RunTime:0.000184s ]
INFO: [ view_filter ] --END-- [ RunTime:0.000253s ]

[ 2017-01-29T11:43:59+08:00 ] 192.168.10.1 /thinkphp/index.php/home/login/index.html
INFO: [ app_init ] --START--
INFO: Run Behavior\BuildLiteBehavior [ RunTime:0.000016s ]
INFO: [ app_init ] --END-- [ RunTime:0.000075s ]
INFO: [ app_begin ] --START--
INFO: Run Behavior\ReadHtmlCacheBehavior [ RunTime:0.000357s ]
INFO: [ app_begin ] --END-- [ RunTime:0.000430s ]
SQL: SHOW COLUMNS FROM `user` [ RunTime:0.0008s ]
SQL: SHOW COLUMNS FROM `user` [ RunTime:0.0006s ]
SQL: SELECT * FROM `user` WHERE `username` = 'qinshi' LIMIT 1   [ RunTime:0.0002s ]
INFO: [ view_parse ] --START--
INFO: [ template_filter ] --START--
INFO: Run Behavior\ContentReplaceBehavior [ RunTime:0.000072s ]
INFO: [ template_filter ] --END-- [ RunTime:0.000168s ]
INFO: Run Behavior\ParseTemplateBehavior [ RunTime:0.004883s ]
INFO: [ view_parse ] --END-- [ RunTime:0.004932s ]
INFO: [ view_filter ] --START--
INFO: Run Behavior\WriteHtmlCacheBehavior [ RunTime:0.000113s ]
INFO: [ view_filter ] --END-- [ RunTime:0.000155s ]

[ 2017-01-29T11:44:06+08:00 ] 192.168.10.1 /thinkphp/index.php/home/login/index.html
INFO: [ app_init ] --START--
INFO: Run Behavior\BuildLiteBehavior [ RunTime:0.000021s ]
INFO: [ app_init ] --END-- [ RunTime:0.000106s ]
INFO: [ app_begin ] --START--
INFO: Run Behavior\ReadHtmlCacheBehavior [ RunTime:0.000632s ]
INFO: [ app_begin ] --END-- [ RunTime:0.000790s ]
SQL: SHOW COLUMNS FROM `user` [ RunTime:0.0009s ]
SQL: SHOW COLUMNS FROM `user` [ RunTime:0.0006s ]
SQL: SELECT * FROM `user` WHERE `username` = 'qinshi' LIMIT 1   [ RunTime:0.0002s ]
INFO: [ view_parse ] --START--
INFO: [ template_filter ] --START--
INFO: Run Behavior\ContentReplaceBehavior [ RunTime:0.000055s ]
INFO: [ template_filter ] --END-- [ RunTime:0.000117s ]
INFO: Run Behavior\ParseTemplateBehavior [ RunTime:0.004903s ]
INFO: [ view_parse ] --END-- [ RunTime:0.004950s ]
INFO: [ view_filter ] --START--
INFO: Run Behavior\WriteHtmlCacheBehavior [ RunTime:0.000107s ]
INFO: [ view_filter ] --END-- [ RunTime:0.000148s ]

[ 2017-01-29T11:44:26+08:00 ] 192.168.10.1 /thinkphp/index.php/home/login/index.html
INFO: [ app_init ] --START--
INFO: Run Behavior\BuildLiteBehavior [ RunTime:0.000013s ]
INFO: [ app_init ] --END-- [ RunTime:0.000065s ]
INFO: [ app_begin ] --START--
INFO: Run Behavior\ReadHtmlCacheBehavior [ RunTime:0.000263s ]
INFO: [ app_begin ] --END-- [ RunTime:0.000311s ]
SQL: SHOW COLUMNS FROM `user` [ RunTime:0.0011s ]
SQL: SHOW COLUMNS FROM `user` [ RunTime:0.0007s ]
SQL: SELECT * FROM `user` WHERE `username` = 'qinshi' LIMIT 1   [ RunTime:0.0002s ]
INFO: [ view_parse ] --START--
INFO: [ template_filter ] --START--
INFO: Run Behavior\ContentReplaceBehavior [ RunTime:0.000057s ]
INFO: [ template_filter ] --END-- [ RunTime:0.000118s ]
INFO: Run Behavior\ParseTemplateBehavior [ RunTime:0.004077s ]
INFO: [ view_parse ] --END-- [ RunTime:0.004148s ]
INFO: [ view_filter ] --START--
INFO: Run Behavior\WriteHtmlCacheBehavior [ RunTime:0.000108s ]
INFO: [ view_filter ] --END-- [ RunTime:0.000204s ]
INFO: [ app_end ] --START--
INFO: Run Behavior\ShowPageTraceBehavior [ RunTime:0.000316s ]
INFO: [ app_end ] --END-- [ RunTime:0.000360s ]

[ 2017-01-29T11:44:27+08:00 ] 192.168.10.1 /thinkphp/index.php/home/index.html
INFO: [ app_init ] --START--
INFO: Run Behavior\BuildLiteBehavior [ RunTime:0.000032s ]
INFO: [ app_init ] --END-- [ RunTime:0.000163s ]
INFO: [ app_begin ] --START--
INFO: Run Behavior\ReadHtmlCacheBehavior [ RunTime:0.000838s ]
INFO: [ app_begin ] --END-- [ RunTime:0.000974s ]
SQL: SHOW COLUMNS FROM `vote` [ RunTime:0.0009s ]
SQL: SHOW COLUMNS FROM `vote` [ RunTime:0.0007s ]
SQL: SELECT COUNT(*) AS tp_count FROM `vote` LIMIT 1   [ RunTime:0.0003s ]
NOTIC: [2] Missing argument 1 for Think\Model::where(), called in /var/www/html/thinkphp/Application/Home/Model/VoteModel.class.php on line 82 and defined /var/www/html/thinkphp/ThinkPHP/Library/Think/Model.class.php 第 2002 行.
NOTIC: [8] Undefined variable: where /var/www/html/thinkphp/ThinkPHP/Library/Think/Model.class.php 第 2011 行.
NOTIC: [8] Undefined variable: where /var/www/html/thinkphp/ThinkPHP/Library/Think/Model.class.php 第 2014 行.
NOTIC: [8] Undefined variable: where /var/www/html/thinkphp/ThinkPHP/Library/Think/Model.class.php 第 2022 行.
SQL: SELECT * FROM `vote` ORDER BY `id` LIMIT 0,10   [ RunTime:0.0004s ]
INFO: [ view_parse ] --START--
INFO: [ template_filter ] --START--
INFO: Run Behavior\ContentReplaceBehavior [ RunTime:0.000093s ]
INFO: [ template_filter ] --END-- [ RunTime:0.000168s ]
INFO: Run Behavior\ParseTemplateBehavior [ RunTime:0.011945s ]
INFO: [ view_parse ] --END-- [ RunTime:0.012016s ]
INFO: [ view_filter ] --START--
INFO: Run Behavior\WriteHtmlCacheBehavior [ RunTime:0.000143s ]
INFO: [ view_filter ] --END-- [ RunTime:0.000189s ]
INFO: [ app_end ] --START--
INFO: Run Behavior\ShowPageTraceBehavior [ RunTime:0.000797s ]
INFO: [ app_end ] --END-- [ RunTime:0.000883s ]

[ 2017-01-29T11:44:39+08:00 ] 192.168.10.1 /thinkphp/index.php/home/index/validation.html
INFO: [ app_init ] --START--
INFO: Run Behavior\BuildLiteBehavior [ RunTime:0.000014s ]
INFO: [ app_init ] --END-- [ RunTime:0.000072s ]
INFO: [ app_begin ] --START--
INFO: Run Behavior\ReadHtmlCacheBehavior [ RunTime:0.000486s ]
INFO: [ app_begin ] --END-- [ RunTime:0.000573s ]
INFO: [ view_parse ] --START--
INFO: [ template_filter ] --START--
INFO: Run Behavior\ContentReplaceBehavior [ RunTime:0.000078s ]
INFO: [ template_filter ] --END-- [ RunTime:0.000158s ]
NOTIC: [8] Undefined variable: title /var/www/html/thinkphp/Application/Runtime/Cache/Home/080c38003c17e0715f7f24adf84e4b11.php 第 4 行.
INFO: Run Behavior\ParseTemplateBehavior [ RunTime:0.007438s ]
INFO: [ view_parse ] --END-- [ RunTime:0.007491s ]
INFO: [ view_filter ] --START--
INFO: Run Behavior\WriteHtmlCacheBehavior [ RunTime:0.000112s ]
INFO: [ view_filter ] --END-- [ RunTime:0.000151s ]
INFO: [ app_end ] --START--
INFO: Run Behavior\ShowPageTraceBehavior [ RunTime:0.000334s ]
INFO: [ app_end ] --END-- [ RunTime:0.000375s ]

[ 2017-01-29T15:23:59+08:00 ] 192.168.10.1 /thinkphp/index.php/home/index/index.html
INFO: [ app_init ] --START--
INFO: Run Behavior\BuildLiteBehavior [ RunTime:0.000015s ]
INFO: [ app_init ] --END-- [ RunTime:0.000072s ]
INFO: [ app_begin ] --START--
INFO: Run Behavior\ReadHtmlCacheBehavior [ RunTime:0.000426s ]
INFO: [ app_begin ] --END-- [ RunTime:0.000512s ]
SQL: SHOW COLUMNS FROM `vote` [ RunTime:0.0011s ]
SQL: SHOW COLUMNS FROM `vote` [ RunTime:0.0007s ]
SQL: SELECT COUNT(*) AS tp_count FROM `vote` LIMIT 1   [ RunTime:0.0002s ]
NOTIC: [2] Missing argument 1 for Think\Model::where(), called in /var/www/html/thinkphp/Application/Home/Model/VoteModel.class.php on line 82 and defined /var/www/html/thinkphp/ThinkPHP/Library/Think/Model.class.php 第 2002 行.
NOTIC: [8] Undefined variable: where /var/www/html/thinkphp/ThinkPHP/Library/Think/Model.class.php 第 2011 行.
NOTIC: [8] Undefined variable: where /var/www/html/thinkphp/ThinkPHP/Library/Think/Model.class.php 第 2014 行.
NOTIC: [8] Undefined variable: where /var/www/html/thinkphp/ThinkPHP/Library/Think/Model.class.php 第 2022 行.
SQL: SELECT * FROM `vote` ORDER BY `id` LIMIT 0,10   [ RunTime:0.0004s ]
INFO: [ view_parse ] --START--
INFO: [ template_filter ] --START--
INFO: Run Behavior\ContentReplaceBehavior [ RunTime:0.000164s ]
INFO: [ template_filter ] --END-- [ RunTime:0.000271s ]
INFO: Run Behavior\ParseTemplateBehavior [ RunTime:0.013207s ]
INFO: [ view_parse ] --END-- [ RunTime:0.013336s ]
INFO: [ view_filter ] --START--
INFO: Run Behavior\WriteHtmlCacheBehavior [ RunTime:0.000234s ]
INFO: [ view_filter ] --END-- [ RunTime:0.000297s ]
INFO: [ app_end ] --START--
INFO: Run Behavior\ShowPageTraceBehavior [ RunTime:0.000431s ]
INFO: [ app_end ] --END-- [ RunTime:0.000523s ]

[ 2017-01-29T15:24:02+08:00 ] 192.168.10.1 /thinkphp/index.php/home/index/forms.html
INFO: [ app_init ] --START--
INFO: Run Behavior\BuildLiteBehavior [ RunTime:0.000015s ]
INFO: [ app_init ] --END-- [ RunTime:0.000069s ]
INFO: [ app_begin ] --START--
INFO: Run Behavior\ReadHtmlCacheBehavior [ RunTime:0.000322s ]
INFO: [ app_begin ] --END-- [ RunTime:0.000371s ]
INFO: [ view_parse ] --START--
INFO: [ template_filter ] --START--
INFO: Run Behavior\ContentReplaceBehavior [ RunTime:0.000098s ]
INFO: [ template_filter ] --END-- [ RunTime:0.000188s ]
NOTIC: [8] Undefined variable: title /var/www/html/thinkphp/Application/Runtime/Cache/Home/19da1f252f25f0eaf7e7b131ab9fab0e.php 第 4 行.
NOTIC: [8] Undefined variable: form /var/www/html/thinkphp/Application/Runtime/Cache/Home/19da1f252f25f0eaf7e7b131ab9fab0e.php 第 112 行.
NOTIC: [8] Undefined variable: form /var/www/html/thinkphp/Application/Runtime/Cache/Home/19da1f252f25f0eaf7e7b131ab9fab0e.php 第 119 行.
NOTIC: [8] Undefined variable: form /var/www/html/thinkphp/Application/Runtime/Cache/Home/19da1f252f25f0eaf7e7b131ab9fab0e.php 第 128 行.
NOTIC: [8] Undefined variable: form /var/www/html/thinkphp/Application/Runtime/Cache/Home/19da1f252f25f0eaf7e7b131ab9fab0e.php 第 132 行.
NOTIC: [8] Undefined variable: form /var/www/html/thinkphp/Application/Runtime/Cache/Home/19da1f252f25f0eaf7e7b131ab9fab0e.php 第 135 行.
NOTIC: [8] Undefined variable: form /var/www/html/thinkphp/Application/Runtime/Cache/Home/19da1f252f25f0eaf7e7b131ab9fab0e.php 第 138 行.
NOTIC: [8] Undefined variable: form /var/www/html/thinkphp/Application/Runtime/Cache/Home/19da1f252f25f0eaf7e7b131ab9fab0e.php 第 141 行.
NOTIC: [8] Undefined variable: form /var/www/html/thinkphp/Application/Runtime/Cache/Home/19da1f252f25f0eaf7e7b131ab9fab0e.php 第 163 行.
NOTIC: [8] Undefined variable: form /var/www/html/thinkphp/Application/Runtime/Cache/Home/19da1f252f25f0eaf7e7b131ab9fab0e.php 第 166 行.
NOTIC: [8] Undefined variable: form /var/www/html/thinkphp/Application/Runtime/Cache/Home/19da1f252f25f0eaf7e7b131ab9fab0e.php 第 172 行.
NOTIC: [8] Undefined variable: form /var/www/html/thinkphp/Application/Runtime/Cache/Home/19da1f252f25f0eaf7e7b131ab9fab0e.php 第 175 行.
NOTIC: [8] Undefined variable: form /var/www/html/thinkphp/Application/Runtime/Cache/Home/19da1f252f25f0eaf7e7b131ab9fab0e.php 第 191 行.
NOTIC: [8] Undefined variable: form /var/www/html/thinkphp/Application/Runtime/Cache/Home/19da1f252f25f0eaf7e7b131ab9fab0e.php 第 196 行.
NOTIC: [8] Undefined variable: form /var/www/html/thinkphp/Application/Runtime/Cache/Home/19da1f252f25f0eaf7e7b131ab9fab0e.php 第 203 行.
NOTIC: [8] Undefined variable: opt /var/www/html/thinkphp/Application/Runtime/Cache/Home/19da1f252f25f0eaf7e7b131ab9fab0e.php 第 204 行.
INFO: Run Behavior\ParseTemplateBehavior [ RunTime:0.011522s ]
INFO: [ view_parse ] --END-- [ RunTime:0.011575s ]
INFO: [ view_filter ] --START--
INFO: Run Behavior\WriteHtmlCacheBehavior [ RunTime:0.000128s ]
INFO: [ view_filter ] --END-- [ RunTime:0.000170s ]
INFO: [ app_end ] --START--
INFO: Run Behavior\ShowPageTraceBehavior [ RunTime:0.000402s ]
INFO: [ app_end ] --END-- [ RunTime:0.000481s ]

[ 2017-01-29T18:53:25+08:00 ] 192.168.10.1 /thinkphp/index.php/home/index/index.html
INFO: [ app_init ] --START--
INFO: Run Behavior\BuildLiteBehavior [ RunTime:0.000124s ]
INFO: [ app_init ] --END-- [ RunTime:0.000227s ]
INFO: [ app_begin ] --START--
INFO: Run Behavior\ReadHtmlCacheBehavior [ RunTime:0.000719s ]
INFO: [ app_begin ] --END-- [ RunTime:0.000844s ]
SQL: SHOW COLUMNS FROM `vote` [ RunTime:0.0020s ]
SQL: SHOW COLUMNS FROM `vote` [ RunTime:0.0010s ]
SQL: SELECT COUNT(*) AS tp_count FROM `vote` LIMIT 1   [ RunTime:0.0002s ]
NOTIC: [2] Missing argument 1 for Think\Model::where(), called in /var/www/html/thinkphp/Application/Home/Model/VoteModel.class.php on line 82 and defined /var/www/html/thinkphp/ThinkPHP/Library/Think/Model.class.php 第 2002 行.
NOTIC: [8] Undefined variable: where /var/www/html/thinkphp/ThinkPHP/Library/Think/Model.class.php 第 2011 行.
NOTIC: [8] Undefined variable: where /var/www/html/thinkphp/ThinkPHP/Library/Think/Model.class.php 第 2014 行.
NOTIC: [8] Undefined variable: where /var/www/html/thinkphp/ThinkPHP/Library/Think/Model.class.php 第 2022 行.
SQL: SELECT * FROM `vote` ORDER BY `id` LIMIT 0,10   [ RunTime:0.0003s ]
INFO: [ view_parse ] --START--
INFO: [ template_filter ] --START--
INFO: Run Behavior\ContentReplaceBehavior [ RunTime:0.000082s ]
INFO: [ template_filter ] --END-- [ RunTime:0.000136s ]
INFO: Run Behavior\ParseTemplateBehavior [ RunTime:0.009241s ]
INFO: [ view_parse ] --END-- [ RunTime:0.009303s ]
INFO: [ view_filter ] --START--
INFO: Run Behavior\WriteHtmlCacheBehavior [ RunTime:0.000125s ]
INFO: [ view_filter ] --END-- [ RunTime:0.000169s ]
INFO: [ app_end ] --START--
INFO: Run Behavior\ShowPageTraceBehavior [ RunTime:0.000830s ]
INFO: [ app_end ] --END-- [ RunTime:0.000966s ]

[ 2017-01-29T19:06:04+08:00 ] 192.168.10.1 /thinkphp/index.php/home/login/logout.html
INFO: [ app_init ] --START--
INFO: Run Behavior\BuildLiteBehavior [ RunTime:0.000016s ]
INFO: [ app_init ] --END-- [ RunTime:0.000071s ]
INFO: [ app_begin ] --START--
INFO: Run Behavior\ReadHtmlCacheBehavior [ RunTime:0.000336s ]
INFO: [ app_begin ] --END-- [ RunTime:0.000389s ]
INFO: [ view_parse ] --START--
INFO: [ template_filter ] --START--
INFO: Run Behavior\ContentReplaceBehavior [ RunTime:0.000055s ]
INFO: [ template_filter ] --END-- [ RunTime:0.000122s ]
INFO: Run Behavior\ParseTemplateBehavior [ RunTime:0.005279s ]
INFO: [ view_parse ] --END-- [ RunTime:0.005335s ]
INFO: [ view_filter ] --START--
INFO: Run Behavior\WriteHtmlCacheBehavior [ RunTime:0.000131s ]
INFO: [ view_filter ] --END-- [ RunTime:0.000172s ]
INFO: [ app_end ] --START--
INFO: Run Behavior\ShowPageTraceBehavior [ RunTime:0.000311s ]
INFO: [ app_end ] --END-- [ RunTime:0.000355s ]

[ 2017-01-29T19:06:05+08:00 ] 192.168.10.1 /thinkphp/index.php/home/index/login.html
INFO: [ app_init ] --START--
INFO: Run Behavior\BuildLiteBehavior [ RunTime:0.000014s ]
INFO: [ app_init ] --END-- [ RunTime:0.000065s ]
INFO: [ app_begin ] --START--
INFO: Run Behavior\ReadHtmlCacheBehavior [ RunTime:0.000282s ]
INFO: [ app_begin ] --END-- [ RunTime:0.000327s ]
INFO: [ view_parse ] --START--
INFO: [ template_filter ] --START--
INFO: Run Behavior\ContentReplaceBehavior [ RunTime:0.000060s ]
INFO: [ template_filter ] --END-- [ RunTime:0.000124s ]
INFO: Run Behavior\ParseTemplateBehavior [ RunTime:0.004406s ]
INFO: [ view_parse ] --END-- [ RunTime:0.004545s ]
INFO: [ view_filter ] --START--
INFO: Run Behavior\WriteHtmlCacheBehavior [ RunTime:0.000202s ]
INFO: [ view_filter ] --END-- [ RunTime:0.000246s ]

[ 2017-01-29T19:06:09+08:00 ] 192.168.10.1 /thinkphp/index.php/home/login/index.html
INFO: [ app_init ] --START--
INFO: Run Behavior\BuildLiteBehavior [ RunTime:0.000056s ]
INFO: [ app_init ] --END-- [ RunTime:0.000115s ]
INFO: [ app_begin ] --START--
INFO: Run Behavior\ReadHtmlCacheBehavior [ RunTime:0.000293s ]
INFO: [ app_begin ] --END-- [ RunTime:0.000344s ]
SQL: SHOW COLUMNS FROM `user` [ RunTime:0.0009s ]
SQL: SHOW COLUMNS FROM `user` [ RunTime:0.0007s ]
SQL: SELECT * FROM `user` WHERE `username` = 'qinshi' LIMIT 1   [ RunTime:0.0002s ]
INFO: [ view_parse ] --START--
INFO: [ template_filter ] --START--
INFO: Run Behavior\ContentReplaceBehavior [ RunTime:0.000052s ]
INFO: [ template_filter ] --END-- [ RunTime:0.000109s ]
INFO: Run Behavior\ParseTemplateBehavior [ RunTime:0.004173s ]
INFO: [ view_parse ] --END-- [ RunTime:0.004226s ]
INFO: [ view_filter ] --START--
INFO: Run Behavior\WriteHtmlCacheBehavior [ RunTime:0.000112s ]
INFO: [ view_filter ] --END-- [ RunTime:0.000206s ]
INFO: [ app_end ] --START--
INFO: Run Behavior\ShowPageTraceBehavior [ RunTime:0.000292s ]
INFO: [ app_end ] --END-- [ RunTime:0.000333s ]

[ 2017-01-29T19:06:11+08:00 ] 192.168.10.1 /thinkphp/index.php/home/index.html
INFO: [ app_init ] --START--
INFO: Run Behavior\BuildLiteBehavior [ RunTime:0.000024s ]
INFO: [ app_init ] --END-- [ RunTime:0.000125s ]
INFO: [ app_begin ] --START--
INFO: Run Behavior\ReadHtmlCacheBehavior [ RunTime:0.000599s ]
INFO: [ app_begin ] --END-- [ RunTime:0.000695s ]
INFO: [ view_parse ] --START--
INFO: [ template_filter ] --START--
INFO: Run Behavior\ContentReplaceBehavior [ RunTime:0.000056s ]
INFO: [ template_filter ] --END-- [ RunTime:0.000117s ]
INFO: Run Behavior\ParseTemplateBehavior [ RunTime:0.006831s ]
INFO: [ view_parse ] --END-- [ RunTime:0.006892s ]
INFO: [ view_filter ] --START--
INFO: Run Behavior\WriteHtmlCacheBehavior [ RunTime:0.000144s ]
INFO: [ view_filter ] --END-- [ RunTime:0.000197s ]

[ 2017-01-29T19:06:13+08:00 ] 192.168.10.1 /thinkphp/index.php/home/login/index.html
INFO: [ app_init ] --START--
INFO: Run Behavior\BuildLiteBehavior [ RunTime:0.000024s ]
INFO: [ app_init ] --END-- [ RunTime:0.000117s ]
INFO: [ app_begin ] --START--
INFO: Run Behavior\ReadHtmlCacheBehavior [ RunTime:0.000548s ]
INFO: [ app_begin ] --END-- [ RunTime:0.000639s ]
SQL: SHOW COLUMNS FROM `user` [ RunTime:0.0009s ]
SQL: SHOW COLUMNS FROM `user` [ RunTime:0.0006s ]
SQL: SELECT * FROM `user` WHERE `username` = 'E-mail address' LIMIT 1   [ RunTime:0.0002s ]
INFO: [ view_parse ] --START--
INFO: [ template_filter ] --START--
INFO: Run Behavior\ContentReplaceBehavior [ RunTime:0.000050s ]
INFO: [ template_filter ] --END-- [ RunTime:0.000100s ]
INFO: Run Behavior\ParseTemplateBehavior [ RunTime:0.004044s ]
INFO: [ view_parse ] --END-- [ RunTime:0.004088s ]
INFO: [ view_filter ] --START--
INFO: Run Behavior\WriteHtmlCacheBehavior [ RunTime:0.000102s ]
INFO: [ view_filter ] --END-- [ RunTime:0.000187s ]

[ 2017-01-29T19:06:19+08:00 ] 192.168.10.1 /thinkphp/index.php/home/login/index.html
INFO: [ app_init ] --START--
INFO: Run Behavior\BuildLiteBehavior [ RunTime:0.000022s ]
INFO: [ app_init ] --END-- [ RunTime:0.000108s ]
INFO: [ app_begin ] --START--
INFO: Run Behavior\ReadHtmlCacheBehavior [ RunTime:0.000469s ]
INFO: [ app_begin ] --END-- [ RunTime:0.000553s ]
SQL: SHOW COLUMNS FROM `user` [ RunTime:0.0012s ]
SQL: SHOW COLUMNS FROM `user` [ RunTime:0.0010s ]
SQL: SELECT * FROM `user` WHERE `username` = 'qinshi' LIMIT 1   [ RunTime:0.0003s ]
INFO: [ view_parse ] --START--
INFO: [ template_filter ] --START--
INFO: Run Behavior\ContentReplaceBehavior [ RunTime:0.000050s ]
INFO: [ template_filter ] --END-- [ RunTime:0.000102s ]
INFO: Run Behavior\ParseTemplateBehavior [ RunTime:0.005040s ]
INFO: [ view_parse ] --END-- [ RunTime:0.005101s ]
INFO: [ view_filter ] --START--
INFO: Run Behavior\WriteHtmlCacheBehavior [ RunTime:0.000099s ]
INFO: [ view_filter ] --END-- [ RunTime:0.000178s ]
INFO: [ app_end ] --START--
INFO: Run Behavior\ShowPageTraceBehavior [ RunTime:0.000283s ]
INFO: [ app_end ] --END-- [ RunTime:0.000321s ]

[ 2017-01-29T19:06:20+08:00 ] 192.168.10.1 /thinkphp/index.php/home/index.html
INFO: [ app_init ] --START--
INFO: Run Behavior\BuildLiteBehavior [ RunTime:0.000015s ]
INFO: [ app_init ] --END-- [ RunTime:0.000069s ]
INFO: [ app_begin ] --START--
INFO: Run Behavior\ReadHtmlCacheBehavior [ RunTime:0.000293s ]
INFO: [ app_begin ] --END-- [ RunTime:0.000344s ]
INFO: [ view_parse ] --START--
INFO: [ template_filter ] --START--
INFO: Run Behavior\ContentReplaceBehavior [ RunTime:0.000054s ]
INFO: [ template_filter ] --END-- [ RunTime:0.000110s ]
INFO: Run Behavior\ParseTemplateBehavior [ RunTime:0.004202s ]
INFO: [ view_parse ] --END-- [ RunTime:0.004246s ]
INFO: [ view_filter ] --START--
INFO: Run Behavior\WriteHtmlCacheBehavior [ RunTime:0.000099s ]
INFO: [ view_filter ] --END-- [ RunTime:0.000136s ]

[ 2017-01-29T19:08:26+08:00 ] 192.168.10.1 /thinkphp/index.php/home/login/index.html
INFO: [ app_init ] --START--
INFO: Run Behavior\BuildLiteBehavior [ RunTime:0.000017s ]
INFO: [ app_init ] --END-- [ RunTime:0.000079s ]
INFO: [ app_begin ] --START--
INFO: Run Behavior\ReadHtmlCacheBehavior [ RunTime:0.000829s ]
INFO: [ app_begin ] --END-- [ RunTime:0.000937s ]
SQL: SHOW COLUMNS FROM `user` [ RunTime:0.0007s ]
SQL: SHOW COLUMNS FROM `user` [ RunTime:0.0006s ]
SQL: SELECT * FROM `user` WHERE `username` = 'qinshi' LIMIT 1   [ RunTime:0.0003s ]
INFO: [ view_parse ] --START--
INFO: [ template_filter ] --START--
INFO: Run Behavior\ContentReplaceBehavior [ RunTime:0.000091s ]
INFO: [ template_filter ] --END-- [ RunTime:0.000156s ]
INFO: Run Behavior\ParseTemplateBehavior [ RunTime:0.004041s ]
INFO: [ view_parse ] --END-- [ RunTime:0.004090s ]
INFO: [ view_filter ] --START--
INFO: Run Behavior\WriteHtmlCacheBehavior [ RunTime:0.000096s ]
INFO: [ view_filter ] --END-- [ RunTime:0.000135s ]
INFO: [ app_end ] --START--
INFO: Run Behavior\ShowPageTraceBehavior [ RunTime:0.000338s ]
INFO: [ app_end ] --END-- [ RunTime:0.000377s ]

[ 2017-01-29T19:08:27+08:00 ] 192.168.10.1 /thinkphp/index.php/home/index.html
INFO: [ app_init ] --START--
INFO: Run Behavior\BuildLiteBehavior [ RunTime:0.000013s ]
INFO: [ app_init ] --END-- [ RunTime:0.000063s ]
INFO: [ app_begin ] --START--
INFO: Run Behavior\ReadHtmlCacheBehavior [ RunTime:0.000289s ]
INFO: [ app_begin ] --END-- [ RunTime:0.000339s ]
ERR: Think\Controller:_initialize方法不存在！

[ 2017-01-29T19:08:51+08:00 ] 192.168.10.1 /thinkphp/index.php/home/index.html
INFO: [ app_init ] --START--
INFO: Run Behavior\BuildLiteBehavior [ RunTime:0.000015s ]
INFO: [ app_init ] --END-- [ RunTime:0.000072s ]
INFO: [ app_begin ] --START--
INFO: Run Behavior\ReadHtmlCacheBehavior [ RunTime:0.000451s ]
INFO: [ app_begin ] --END-- [ RunTime:0.000512s ]
SQL: SHOW COLUMNS FROM `auth_group_access` [ RunTime:0.0006s ]
SQL: SELECT `uid`,`group_id`,`title`,`rules` FROM auth_group_access a INNER JOIN auth_group g on a.group_id=g.id  WHERE ( a.uid='1' and g.status='1' )  [ RunTime:0.0002s ]
SQL: SHOW COLUMNS FROM `auth_rule` [ RunTime:0.0006s ]
SQL: SELECT `condition`,`name` FROM `auth_rule` WHERE `id` IN ('1') AND `type` = 1 AND `status` = 1  [ RunTime:0.0002s ]

[ 2017-01-29T19:10:25+08:00 ] 192.168.10.1 /thinkphp/index.php/home/index.html
INFO: [ app_init ] --START--
INFO: Run Behavior\BuildLiteBehavior [ RunTime:0.000025s ]
INFO: [ app_init ] --END-- [ RunTime:0.000122s ]
INFO: [ app_begin ] --START--
INFO: Run Behavior\ReadHtmlCacheBehavior [ RunTime:0.000627s ]
INFO: [ app_begin ] --END-- [ RunTime:0.000728s ]
SQL: SHOW COLUMNS FROM `auth_group_access` [ RunTime:0.0013s ]
SQL: SELECT `uid`,`group_id`,`title`,`rules` FROM auth_group_access a INNER JOIN auth_group g on a.group_id=g.id  WHERE ( a.uid='1' and g.status='1' )  [ RunTime:0.0004s ]
SQL: SHOW COLUMNS FROM `auth_rule` [ RunTime:0.0011s ]
SQL: SELECT `condition`,`name` FROM `auth_rule` WHERE `id` IN ('1','2') AND `type` = 1 AND `status` = 1  [ RunTime:0.0004s ]
SQL: SHOW COLUMNS FROM `vote` [ RunTime:0.0013s ]
SQL: SHOW COLUMNS FROM `vote` [ RunTime:0.0010s ]
SQL: SELECT COUNT(*) AS tp_count FROM `vote` LIMIT 1   [ RunTime:0.0002s ]
NOTIC: [2] Missing argument 1 for Think\Model::where(), called in /var/www/html/thinkphp/Application/Home/Model/VoteModel.class.php on line 82 and defined /var/www/html/thinkphp/ThinkPHP/Library/Think/Model.class.php 第 2002 行.
NOTIC: [8] Undefined variable: where /var/www/html/thinkphp/ThinkPHP/Library/Think/Model.class.php 第 2011 行.
NOTIC: [8] Undefined variable: where /var/www/html/thinkphp/ThinkPHP/Library/Think/Model.class.php 第 2014 行.
NOTIC: [8] Undefined variable: where /var/www/html/thinkphp/ThinkPHP/Library/Think/Model.class.php 第 2022 行.
SQL: SELECT * FROM `vote` ORDER BY `id` LIMIT 0,10   [ RunTime:0.0003s ]
INFO: [ view_parse ] --START--
INFO: [ template_filter ] --START--
INFO: Run Behavior\ContentReplaceBehavior [ RunTime:0.000087s ]
INFO: [ template_filter ] --END-- [ RunTime:0.000154s ]
INFO: Run Behavior\ParseTemplateBehavior [ RunTime:0.009847s ]
INFO: [ view_parse ] --END-- [ RunTime:0.009902s ]
INFO: [ view_filter ] --START--
INFO: Run Behavior\WriteHtmlCacheBehavior [ RunTime:0.000121s ]
INFO: [ view_filter ] --END-- [ RunTime:0.000163s ]
INFO: [ app_end ] --START--
INFO: Run Behavior\ShowPageTraceBehavior [ RunTime:0.000618s ]
INFO: [ app_end ] --END-- [ RunTime:0.000737s ]

[ 2017-01-29T19:10:31+08:00 ] 192.168.10.1 /thinkphp/index.php/home/login/logout.html
INFO: [ app_init ] --START--
INFO: Run Behavior\BuildLiteBehavior [ RunTime:0.000015s ]
INFO: [ app_init ] --END-- [ RunTime:0.000070s ]
INFO: [ app_begin ] --START--
INFO: Run Behavior\ReadHtmlCacheBehavior [ RunTime:0.000384s ]
INFO: [ app_begin ] --END-- [ RunTime:0.000450s ]
INFO: [ view_parse ] --START--
INFO: [ template_filter ] --START--
INFO: Run Behavior\ContentReplaceBehavior [ RunTime:0.000055s ]
INFO: [ template_filter ] --END-- [ RunTime:0.000120s ]
INFO: Run Behavior\ParseTemplateBehavior [ RunTime:0.004748s ]
INFO: [ view_parse ] --END-- [ RunTime:0.004802s ]
INFO: [ view_filter ] --START--
INFO: Run Behavior\WriteHtmlCacheBehavior [ RunTime:0.000117s ]
INFO: [ view_filter ] --END-- [ RunTime:0.000157s ]
INFO: [ app_end ] --START--
INFO: Run Behavior\ShowPageTraceBehavior [ RunTime:0.000358s ]
INFO: [ app_end ] --END-- [ RunTime:0.000403s ]

[ 2017-01-29T19:10:32+08:00 ] 192.168.10.1 /thinkphp/index.php/home/index/login.html
INFO: [ app_init ] --START--
INFO: Run Behavior\BuildLiteBehavior [ RunTime:0.000023s ]
INFO: [ app_init ] --END-- [ RunTime:0.000113s ]
INFO: [ app_begin ] --START--
INFO: Run Behavior\ReadHtmlCacheBehavior [ RunTime:0.000703s ]
INFO: [ app_begin ] --END-- [ RunTime:0.001385s ]
NOTIC: [8] Undefined index: user /var/www/html/thinkphp/Application/Common/Controller/BaseController.class.php 第 15 行.
SQL: SHOW COLUMNS FROM `auth_group_access` [ RunTime:0.0010s ]
SQL: SELECT `uid`,`group_id`,`title`,`rules` FROM auth_group_access a INNER JOIN auth_group g on a.group_id=g.id  WHERE ( a.uid='' and g.status='1' )  [ RunTime:0.0003s ]
INFO: [ view_parse ] --START--
INFO: [ template_filter ] --START--
INFO: Run Behavior\ContentReplaceBehavior [ RunTime:0.000052s ]
INFO: [ template_filter ] --END-- [ RunTime:0.000109s ]
INFO: Run Behavior\ParseTemplateBehavior [ RunTime:0.006364s ]
INFO: [ view_parse ] --END-- [ RunTime:0.006424s ]
INFO: [ view_filter ] --START--
INFO: Run Behavior\WriteHtmlCacheBehavior [ RunTime:0.000099s ]
INFO: [ view_filter ] --END-- [ RunTime:0.000140s ]

[ 2017-01-29T19:10:36+08:00 ] 192.168.10.1 /thinkphp/index.php/home/index/login.html
INFO: [ app_init ] --START--
INFO: Run Behavior\BuildLiteBehavior [ RunTime:0.000024s ]
INFO: [ app_init ] --END-- [ RunTime:0.000120s ]
INFO: [ app_begin ] --START--
INFO: Run Behavior\ReadHtmlCacheBehavior [ RunTime:0.000575s ]
INFO: [ app_begin ] --END-- [ RunTime:0.000667s ]
NOTIC: [8] Undefined index: user /var/www/html/thinkphp/Application/Common/Controller/BaseController.class.php 第 15 行.
SQL: SHOW COLUMNS FROM `auth_group_access` [ RunTime:0.0011s ]
SQL: SELECT `uid`,`group_id`,`title`,`rules` FROM auth_group_access a INNER JOIN auth_group g on a.group_id=g.id  WHERE ( a.uid='' and g.status='1' )  [ RunTime:0.0005s ]
INFO: [ view_parse ] --START--
INFO: [ template_filter ] --START--
INFO: Run Behavior\ContentReplaceBehavior [ RunTime:0.000053s ]
INFO: [ template_filter ] --END-- [ RunTime:0.000113s ]
INFO: Run Behavior\ParseTemplateBehavior [ RunTime:0.004590s ]
INFO: [ view_parse ] --END-- [ RunTime:0.004640s ]
INFO: [ view_filter ] --START--
INFO: Run Behavior\WriteHtmlCacheBehavior [ RunTime:0.000098s ]
INFO: [ view_filter ] --END-- [ RunTime:0.000137s ]

[ 2017-01-29T19:10:39+08:00 ] 192.168.10.1 /thinkphp/index.php/home/index/login.html
INFO: [ app_init ] --START--
INFO: Run Behavior\BuildLiteBehavior [ RunTime:0.000021s ]
INFO: [ app_init ] --END-- [ RunTime:0.000109s ]
INFO: [ app_begin ] --START--
INFO: Run Behavior\ReadHtmlCacheBehavior [ RunTime:0.000477s ]
INFO: [ app_begin ] --END-- [ RunTime:0.000558s ]
NOTIC: [8] Undefined index: user /var/www/html/thinkphp/Application/Common/Controller/BaseController.class.php 第 15 行.
SQL: SHOW COLUMNS FROM `auth_group_access` [ RunTime:0.0010s ]
SQL: SELECT `uid`,`group_id`,`title`,`rules` FROM auth_group_access a INNER JOIN auth_group g on a.group_id=g.id  WHERE ( a.uid='' and g.status='1' )  [ RunTime:0.0005s ]
INFO: [ view_parse ] --START--
INFO: [ template_filter ] --START--
INFO: Run Behavior\ContentReplaceBehavior [ RunTime:0.000052s ]
INFO: [ template_filter ] --END-- [ RunTime:0.000115s ]
INFO: Run Behavior\ParseTemplateBehavior [ RunTime:0.007611s ]
INFO: [ view_parse ] --END-- [ RunTime:0.007675s ]
INFO: [ view_filter ] --START--
INFO: Run Behavior\WriteHtmlCacheBehavior [ RunTime:0.000120s ]
INFO: [ view_filter ] --END-- [ RunTime:0.000162s ]

[ 2017-01-29T19:10:57+08:00 ] 192.168.10.1 /thinkphp/
INFO: [ app_init ] --START--
INFO: Run Behavior\BuildLiteBehavior [ RunTime:0.000014s ]
INFO: [ app_init ] --END-- [ RunTime:0.000067s ]
INFO: [ app_begin ] --START--
INFO: Run Behavior\ReadHtmlCacheBehavior [ RunTime:0.000315s ]
INFO: [ app_begin ] --END-- [ RunTime:0.000364s ]
NOTIC: [8] Undefined index: user /var/www/html/thinkphp/Application/Common/Controller/BaseController.class.php 第 15 行.
SQL: SHOW COLUMNS FROM `auth_group_access` [ RunTime:0.0007s ]
SQL: SELECT `uid`,`group_id`,`title`,`rules` FROM auth_group_access a INNER JOIN auth_group g on a.group_id=g.id  WHERE ( a.uid='' and g.status='1' )  [ RunTime:0.0002s ]
INFO: [ view_parse ] --START--
INFO: [ template_filter ] --START--
INFO: Run Behavior\ContentReplaceBehavior [ RunTime:0.000049s ]
INFO: [ template_filter ] --END-- [ RunTime:0.000099s ]
INFO: Run Behavior\ParseTemplateBehavior [ RunTime:0.004194s ]
INFO: [ view_parse ] --END-- [ RunTime:0.004246s ]
INFO: [ view_filter ] --START--
INFO: Run Behavior\WriteHtmlCacheBehavior [ RunTime:0.000109s ]
INFO: [ view_filter ] --END-- [ RunTime:0.000149s ]

[ 2017-01-29T19:11:26+08:00 ] 192.168.10.1 /thinkphp/
INFO: [ app_init ] --START--
INFO: Run Behavior\BuildLiteBehavior [ RunTime:0.000014s ]
INFO: [ app_init ] --END-- [ RunTime:0.000064s ]
INFO: [ app_begin ] --START--
INFO: Run Behavior\ReadHtmlCacheBehavior [ RunTime:0.000260s ]
INFO: [ app_begin ] --END-- [ RunTime:0.000306s ]
NOTIC: [8] Undefined index: user /var/www/html/thinkphp/Application/Common/Controller/BaseController.class.php 第 15 行.
SQL: SHOW COLUMNS FROM `auth_group_access` [ RunTime:0.0007s ]
SQL: SELECT `uid`,`group_id`,`title`,`rules` FROM auth_group_access a INNER JOIN auth_group g on a.group_id=g.id  WHERE ( a.uid='' and g.status='1' )  [ RunTime:0.0003s ]
INFO: [ view_parse ] --START--
INFO: [ template_filter ] --START--
INFO: Run Behavior\ContentReplaceBehavior [ RunTime:0.000053s ]
INFO: [ template_filter ] --END-- [ RunTime:0.000116s ]
INFO: Run Behavior\ParseTemplateBehavior [ RunTime:0.004513s ]
INFO: [ view_parse ] --END-- [ RunTime:0.004634s ]
INFO: [ view_filter ] --START--
INFO: Run Behavior\WriteHtmlCacheBehavior [ RunTime:0.000103s ]
INFO: [ view_filter ] --END-- [ RunTime:0.000145s ]

[ 2017-01-29T19:11:37+08:00 ] 192.168.10.1 /thinkphp/
INFO: [ app_init ] --START--
INFO: Run Behavior\BuildLiteBehavior [ RunTime:0.000014s ]
INFO: [ app_init ] --END-- [ RunTime:0.000068s ]
INFO: [ app_begin ] --START--
INFO: Run Behavior\ReadHtmlCacheBehavior [ RunTime:0.000283s ]
INFO: [ app_begin ] --END-- [ RunTime:0.000331s ]
NOTIC: [8] Undefined index: user /var/www/html/thinkphp/Application/Common/Controller/BaseController.class.php 第 15 行.
SQL: SHOW COLUMNS FROM `auth_group_access` [ RunTime:0.0009s ]
SQL: SELECT `uid`,`group_id`,`title`,`rules` FROM auth_group_access a INNER JOIN auth_group g on a.group_id=g.id  WHERE ( a.uid='' and g.status='1' )  [ RunTime:0.0003s ]
INFO: [ view_parse ] --START--
INFO: [ template_filter ] --START--
INFO: Run Behavior\ContentReplaceBehavior [ RunTime:0.000051s ]
INFO: [ template_filter ] --END-- [ RunTime:0.000105s ]
INFO: Run Behavior\ParseTemplateBehavior [ RunTime:0.004193s ]
INFO: [ view_parse ] --END-- [ RunTime:0.004245s ]
INFO: [ view_filter ] --START--
INFO: Run Behavior\WriteHtmlCacheBehavior [ RunTime:0.000101s ]
INFO: [ view_filter ] --END-- [ RunTime:0.000142s ]

[ 2017-01-29T19:11:52+08:00 ] 192.168.10.1 /thinkphp/
INFO: [ app_init ] --START--
INFO: Run Behavior\BuildLiteBehavior [ RunTime:0.000013s ]
INFO: [ app_init ] --END-- [ RunTime:0.000068s ]
INFO: [ app_begin ] --START--
INFO: Run Behavior\ReadHtmlCacheBehavior [ RunTime:0.000286s ]
INFO: [ app_begin ] --END-- [ RunTime:0.000335s ]
NOTIC: [8] Undefined index: user /var/www/html/thinkphp/Application/Common/Controller/BaseController.class.php 第 15 行.
SQL: SHOW COLUMNS FROM `auth_group_access` [ RunTime:0.0007s ]
SQL: SELECT `uid`,`group_id`,`title`,`rules` FROM auth_group_access a INNER JOIN auth_group g on a.group_id=g.id  WHERE ( a.uid='' and g.status='1' )  [ RunTime:0.0002s ]
INFO: [ view_parse ] --START--
INFO: [ template_filter ] --START--
INFO: Run Behavior\ContentReplaceBehavior [ RunTime:0.000050s ]
INFO: [ template_filter ] --END-- [ RunTime:0.000102s ]
INFO: Run Behavior\ParseTemplateBehavior [ RunTime:0.004136s ]
INFO: [ view_parse ] --END-- [ RunTime:0.004185s ]
INFO: [ view_filter ] --START--
INFO: Run Behavior\WriteHtmlCacheBehavior [ RunTime:0.000102s ]
INFO: [ view_filter ] --END-- [ RunTime:0.000143s ]

[ 2017-01-29T19:12:00+08:00 ] 192.168.10.1 /thinkphp/
INFO: [ app_init ] --START--
INFO: Run Behavior\BuildLiteBehavior [ RunTime:0.000014s ]
INFO: [ app_init ] --END-- [ RunTime:0.000068s ]
INFO: [ app_begin ] --START--
INFO: Run Behavior\ReadHtmlCacheBehavior [ RunTime:0.000316s ]
INFO: [ app_begin ] --END-- [ RunTime:0.000365s ]
NOTIC: [8] Undefined index: user /var/www/html/thinkphp/Application/Common/Controller/BaseController.class.php 第 15 行.
SQL: SHOW COLUMNS FROM `auth_group_access` [ RunTime:0.0007s ]
SQL: SELECT `uid`,`group_id`,`title`,`rules` FROM auth_group_access a INNER JOIN auth_group g on a.group_id=g.id  WHERE ( a.uid='' and g.status='1' )  [ RunTime:0.0002s ]
INFO: [ view_parse ] --START--
INFO: [ template_filter ] --START--
INFO: Run Behavior\ContentReplaceBehavior [ RunTime:0.000051s ]
INFO: [ template_filter ] --END-- [ RunTime:0.000105s ]
INFO: Run Behavior\ParseTemplateBehavior [ RunTime:0.004133s ]
INFO: [ view_parse ] --END-- [ RunTime:0.004184s ]
INFO: [ view_filter ] --START--
INFO: Run Behavior\WriteHtmlCacheBehavior [ RunTime:0.000136s ]
INFO: [ view_filter ] --END-- [ RunTime:0.000178s ]

[ 2017-01-29T19:13:06+08:00 ] 192.168.10.1 /thinkphp/
INFO: [ app_init ] --START--
INFO: Run Behavior\BuildLiteBehavior [ RunTime:0.000013s ]
INFO: [ app_init ] --END-- [ RunTime:0.000062s ]
INFO: [ app_begin ] --START--
INFO: Run Behavior\ReadHtmlCacheBehavior [ RunTime:0.000299s ]
INFO: [ app_begin ] --END-- [ RunTime:0.000346s ]
NOTIC: [8] Undefined index: user /var/www/html/thinkphp/Application/Common/Controller/BaseController.class.php 第 15 行.
SQL: SHOW COLUMNS FROM `auth_group_access` [ RunTime:0.0009s ]
SQL: SELECT `uid`,`group_id`,`title`,`rules` FROM auth_group_access a INNER JOIN auth_group g on a.group_id=g.id  WHERE ( a.uid='' and g.status='1' )  [ RunTime:0.0002s ]
INFO: [ view_parse ] --START--
INFO: [ template_filter ] --START--
INFO: Run Behavior\ContentReplaceBehavior [ RunTime:0.000049s ]
INFO: [ template_filter ] --END-- [ RunTime:0.000101s ]
INFO: Run Behavior\ParseTemplateBehavior [ RunTime:0.004086s ]
INFO: [ view_parse ] --END-- [ RunTime:0.004135s ]
INFO: [ view_filter ] --START--
INFO: Run Behavior\WriteHtmlCacheBehavior [ RunTime:0.000097s ]
INFO: [ view_filter ] --END-- [ RunTime:0.000136s ]

[ 2017-01-29T19:13:22+08:00 ] 192.168.10.1 /thinkphp/
INFO: [ app_init ] --START--
INFO: Run Behavior\BuildLiteBehavior [ RunTime:0.000053s ]
INFO: [ app_init ] --END-- [ RunTime:0.000115s ]
INFO: [ app_begin ] --START--
INFO: Run Behavior\ReadHtmlCacheBehavior [ RunTime:0.000299s ]
INFO: [ app_begin ] --END-- [ RunTime:0.000356s ]
NOTIC: [8] Undefined index: user /var/www/html/thinkphp/Application/Common/Controller/BaseController.class.php 第 15 行.
SQL: SHOW COLUMNS FROM `auth_group_access` [ RunTime:0.0008s ]
SQL: SELECT `uid`,`group_id`,`title`,`rules` FROM auth_group_access a INNER JOIN auth_group g on a.group_id=g.id  WHERE ( a.uid='' and g.status='1' )  [ RunTime:0.0003s ]
INFO: [ view_parse ] --START--
INFO: [ template_filter ] --START--
INFO: Run Behavior\ContentReplaceBehavior [ RunTime:0.000051s ]
INFO: [ template_filter ] --END-- [ RunTime:0.000115s ]
INFO: Run Behavior\ParseTemplateBehavior [ RunTime:0.004501s ]
INFO: [ view_parse ] --END-- [ RunTime:0.004555s ]
INFO: [ view_filter ] --START--
INFO: Run Behavior\WriteHtmlCacheBehavior [ RunTime:0.000111s ]
INFO: [ view_filter ] --END-- [ RunTime:0.000151s ]

[ 2017-01-29T19:13:27+08:00 ] 192.168.10.1 /thinkphp/index.php
INFO: [ app_init ] --START--
INFO: Run Behavior\BuildLiteBehavior [ RunTime:0.000020s ]
INFO: [ app_init ] --END-- [ RunTime:0.000078s ]
INFO: [ app_begin ] --START--
INFO: Run Behavior\ReadHtmlCacheBehavior [ RunTime:0.000336s ]
INFO: [ app_begin ] --END-- [ RunTime:0.000404s ]
NOTIC: [8] Undefined index: user /var/www/html/thinkphp/Application/Common/Controller/BaseController.class.php 第 15 行.
SQL: SHOW COLUMNS FROM `auth_group_access` [ RunTime:0.0008s ]
SQL: SELECT `uid`,`group_id`,`title`,`rules` FROM auth_group_access a INNER JOIN auth_group g on a.group_id=g.id  WHERE ( a.uid='' and g.status='1' )  [ RunTime:0.0003s ]
INFO: [ view_parse ] --START--
INFO: [ template_filter ] --START--
INFO: Run Behavior\ContentReplaceBehavior [ RunTime:0.000063s ]
INFO: [ template_filter ] --END-- [ RunTime:0.000130s ]
INFO: Run Behavior\ParseTemplateBehavior [ RunTime:0.004981s ]
INFO: [ view_parse ] --END-- [ RunTime:0.005032s ]
INFO: [ view_filter ] --START--
INFO: Run Behavior\WriteHtmlCacheBehavior [ RunTime:0.000131s ]
INFO: [ view_filter ] --END-- [ RunTime:0.000180s ]

[ 2017-01-29T19:13:29+08:00 ] 192.168.10.1 /thinkphp/index.php/
INFO: [ app_init ] --START--
INFO: Run Behavior\BuildLiteBehavior [ RunTime:0.000014s ]
INFO: [ app_init ] --END-- [ RunTime:0.000069s ]
INFO: [ app_begin ] --START--
INFO: Run Behavior\ReadHtmlCacheBehavior [ RunTime:0.000285s ]
INFO: [ app_begin ] --END-- [ RunTime:0.000333s ]
NOTIC: [8] Undefined index: user /var/www/html/thinkphp/Application/Common/Controller/BaseController.class.php 第 15 行.
SQL: SHOW COLUMNS FROM `auth_group_access` [ RunTime:0.0006s ]
SQL: SELECT `uid`,`group_id`,`title`,`rules` FROM auth_group_access a INNER JOIN auth_group g on a.group_id=g.id  WHERE ( a.uid='' and g.status='1' )  [ RunTime:0.0003s ]
INFO: [ view_parse ] --START--
INFO: [ template_filter ] --START--
INFO: Run Behavior\ContentReplaceBehavior [ RunTime:0.000048s ]
INFO: [ template_filter ] --END-- [ RunTime:0.000098s ]
INFO: Run Behavior\ParseTemplateBehavior [ RunTime:0.004057s ]
INFO: [ view_parse ] --END-- [ RunTime:0.004114s ]
INFO: [ view_filter ] --START--
INFO: Run Behavior\WriteHtmlCacheBehavior [ RunTime:0.000110s ]
INFO: [ view_filter ] --END-- [ RunTime:0.000155s ]

[ 2017-01-29T19:13:39+08:00 ] 192.168.10.1 /thinkphp/index.php/home/login/index
INFO: [ app_init ] --START--
INFO: Run Behavior\BuildLiteBehavior [ RunTime:0.000014s ]
INFO: [ app_init ] --END-- [ RunTime:0.000082s ]
INFO: [ app_begin ] --START--
INFO: Run Behavior\ReadHtmlCacheBehavior [ RunTime:0.000553s ]
INFO: [ app_begin ] --END-- [ RunTime:0.000682s ]
INFO: [ app_end ] --START--
INFO: Run Behavior\ShowPageTraceBehavior [ RunTime:0.000465s ]
INFO: [ app_end ] --END-- [ RunTime:0.000559s ]

[ 2017-01-29T19:13:50+08:00 ] 192.168.10.1 /thinkphp/index.php/home/index/login
INFO: [ app_init ] --START--
INFO: Run Behavior\BuildLiteBehavior [ RunTime:0.000015s ]
INFO: [ app_init ] --END-- [ RunTime:0.000092s ]
INFO: [ app_begin ] --START--
INFO: Run Behavior\ReadHtmlCacheBehavior [ RunTime:0.000447s ]
INFO: [ app_begin ] --END-- [ RunTime:0.000522s ]
NOTIC: [8] Undefined index: user /var/www/html/thinkphp/Application/Common/Controller/BaseController.class.php 第 15 行.
SQL: SHOW COLUMNS FROM `auth_group_access` [ RunTime:0.0007s ]
SQL: SELECT `uid`,`group_id`,`title`,`rules` FROM auth_group_access a INNER JOIN auth_group g on a.group_id=g.id  WHERE ( a.uid='' and g.status='1' )  [ RunTime:0.0002s ]
INFO: [ view_parse ] --START--
INFO: [ template_filter ] --START--
INFO: Run Behavior\ContentReplaceBehavior [ RunTime:0.000049s ]
INFO: [ template_filter ] --END-- [ RunTime:0.000101s ]
INFO: Run Behavior\ParseTemplateBehavior [ RunTime:0.003986s ]
INFO: [ view_parse ] --END-- [ RunTime:0.004032s ]
INFO: [ view_filter ] --START--
INFO: Run Behavior\WriteHtmlCacheBehavior [ RunTime:0.000097s ]
INFO: [ view_filter ] --END-- [ RunTime:0.000136s ]

[ 2017-01-29T19:13:53+08:00 ] 192.168.10.1 /thinkphp/index.php/home/login/index
INFO: [ app_init ] --START--
INFO: Run Behavior\BuildLiteBehavior [ RunTime:0.000015s ]
INFO: [ app_init ] --END-- [ RunTime:0.000070s ]
INFO: [ app_begin ] --START--
INFO: Run Behavior\ReadHtmlCacheBehavior [ RunTime:0.000381s ]
INFO: [ app_begin ] --END-- [ RunTime:0.000445s ]
INFO: [ app_end ] --START--
INFO: Run Behavior\ShowPageTraceBehavior [ RunTime:0.000363s ]
INFO: [ app_end ] --END-- [ RunTime:0.000429s ]

[ 2017-01-29T19:16:03+08:00 ] 192.168.10.1 /thinkphp/index.php/home/login/login
INFO: [ app_init ] --START--
INFO: Run Behavior\BuildLiteBehavior [ RunTime:0.000029s ]
INFO: [ app_init ] --END-- [ RunTime:0.000143s ]
INFO: [ app_begin ] --START--
INFO: Run Behavior\ReadHtmlCacheBehavior [ RunTime:0.000633s ]
INFO: [ app_begin ] --END-- [ RunTime:0.000813s ]
INFO: [ view_parse ] --START--
INFO: [ template_filter ] --START--
INFO: Run Behavior\ContentReplaceBehavior [ RunTime:0.000055s ]
INFO: [ template_filter ] --END-- [ RunTime:0.000108s ]
INFO: Run Behavior\ParseTemplateBehavior [ RunTime:0.004627s ]
INFO: [ view_parse ] --END-- [ RunTime:0.004690s ]
INFO: [ view_filter ] --START--
INFO: Run Behavior\WriteHtmlCacheBehavior [ RunTime:0.000101s ]
INFO: [ view_filter ] --END-- [ RunTime:0.000140s ]
INFO: [ app_end ] --START--
INFO: Run Behavior\ShowPageTraceBehavior [ RunTime:0.000344s ]
INFO: [ app_end ] --END-- [ RunTime:0.000385s ]

[ 2017-01-29T19:16:12+08:00 ] 192.168.10.1 /thinkphp/index.php/home/login/index.html
INFO: [ app_init ] --START--
INFO: Run Behavior\BuildLiteBehavior [ RunTime:0.000015s ]
INFO: [ app_init ] --END-- [ RunTime:0.000070s ]
INFO: [ app_begin ] --START--
INFO: Run Behavior\ReadHtmlCacheBehavior [ RunTime:0.000351s ]
INFO: [ app_begin ] --END-- [ RunTime:0.000408s ]
SQL: SHOW COLUMNS FROM `user` [ RunTime:0.0008s ]
SQL: SHOW COLUMNS FROM `user` [ RunTime:0.0006s ]
SQL: SELECT * FROM `user` WHERE `username` = 'qinshi' LIMIT 1   [ RunTime:0.0002s ]
INFO: [ view_parse ] --START--
INFO: [ template_filter ] --START--
INFO: Run Behavior\ContentReplaceBehavior [ RunTime:0.000058s ]
INFO: [ template_filter ] --END-- [ RunTime:0.000130s ]
INFO: Run Behavior\ParseTemplateBehavior [ RunTime:0.005372s ]
INFO: [ view_parse ] --END-- [ RunTime:0.005426s ]
INFO: [ view_filter ] --START--
INFO: Run Behavior\WriteHtmlCacheBehavior [ RunTime:0.000123s ]
INFO: [ view_filter ] --END-- [ RunTime:0.000165s ]
INFO: [ app_end ] --START--
INFO: Run Behavior\ShowPageTraceBehavior [ RunTime:0.000362s ]
INFO: [ app_end ] --END-- [ RunTime:0.000410s ]

[ 2017-01-29T19:16:13+08:00 ] 192.168.10.1 /thinkphp/index.php/home/index.html
INFO: [ app_init ] --START--
INFO: Run Behavior\BuildLiteBehavior [ RunTime:0.000016s ]
INFO: [ app_init ] --END-- [ RunTime:0.000075s ]
INFO: [ app_begin ] --START--
INFO: Run Behavior\ReadHtmlCacheBehavior [ RunTime:0.000328s ]
INFO: [ app_begin ] --END-- [ RunTime:0.000438s ]
SQL: SHOW COLUMNS FROM `auth_group_access` [ RunTime:0.0006s ]
SQL: SELECT `uid`,`group_id`,`title`,`rules` FROM auth_group_access a INNER JOIN auth_group g on a.group_id=g.id  WHERE ( a.uid='1' and g.status='1' )  [ RunTime:0.0002s ]
SQL: SHOW COLUMNS FROM `auth_rule` [ RunTime:0.0006s ]
SQL: SELECT `condition`,`name` FROM `auth_rule` WHERE `id` IN ('1','2','3') AND `type` = 1 AND `status` = 1  [ RunTime:0.0002s ]
SQL: SHOW COLUMNS FROM `vote` [ RunTime:0.0007s ]
SQL: SHOW COLUMNS FROM `vote` [ RunTime:0.0007s ]
SQL: SELECT COUNT(*) AS tp_count FROM `vote` LIMIT 1   [ RunTime:0.0001s ]
NOTIC: [2] Missing argument 1 for Think\Model::where(), called in /var/www/html/thinkphp/Application/Home/Model/VoteModel.class.php on line 82 and defined /var/www/html/thinkphp/ThinkPHP/Library/Think/Model.class.php 第 2002 行.
NOTIC: [8] Undefined variable: where /var/www/html/thinkphp/ThinkPHP/Library/Think/Model.class.php 第 2011 行.
NOTIC: [8] Undefined variable: where /var/www/html/thinkphp/ThinkPHP/Library/Think/Model.class.php 第 2014 行.
NOTIC: [8] Undefined variable: where /var/www/html/thinkphp/ThinkPHP/Library/Think/Model.class.php 第 2022 行.
SQL: SELECT * FROM `vote` ORDER BY `id` LIMIT 0,10   [ RunTime:0.0004s ]
INFO: [ view_parse ] --START--
INFO: [ template_filter ] --START--
INFO: Run Behavior\ContentReplaceBehavior [ RunTime:0.000090s ]
INFO: [ template_filter ] --END-- [ RunTime:0.000152s ]
INFO: Run Behavior\ParseTemplateBehavior [ RunTime:0.009864s ]
INFO: [ view_parse ] --END-- [ RunTime:0.009946s ]
INFO: [ view_filter ] --START--
INFO: Run Behavior\WriteHtmlCacheBehavior [ RunTime:0.000191s ]
INFO: [ view_filter ] --END-- [ RunTime:0.000301s ]
INFO: [ app_end ] --START--
INFO: Run Behavior\ShowPageTraceBehavior [ RunTime:0.000439s ]
INFO: [ app_end ] --END-- [ RunTime:0.000525s ]

[ 2017-01-29T19:16:16+08:00 ] 192.168.10.1 /thinkphp/index.php/home/index/forms.html
INFO: [ app_init ] --START--
INFO: Run Behavior\BuildLiteBehavior [ RunTime:0.000024s ]
INFO: [ app_init ] --END-- [ RunTime:0.000117s ]
INFO: [ app_begin ] --START--
INFO: Run Behavior\ReadHtmlCacheBehavior [ RunTime:0.000574s ]
INFO: [ app_begin ] --END-- [ RunTime:0.000668s ]
SQL: SHOW COLUMNS FROM `auth_group_access` [ RunTime:0.0010s ]
SQL: SELECT `uid`,`group_id`,`title`,`rules` FROM auth_group_access a INNER JOIN auth_group g on a.group_id=g.id  WHERE ( a.uid='1' and g.status='1' )  [ RunTime:0.0002s ]
SQL: SHOW COLUMNS FROM `auth_rule` [ RunTime:0.0006s ]
SQL: SELECT `condition`,`name` FROM `auth_rule` WHERE `id` IN ('1','2','3') AND `type` = 1 AND `status` = 1  [ RunTime:0.0003s ]
INFO: [ view_parse ] --START--
INFO: [ template_filter ] --START--
INFO: Run Behavior\ContentReplaceBehavior [ RunTime:0.000090s ]
INFO: [ template_filter ] --END-- [ RunTime:0.000164s ]
INFO: Run Behavior\ParseTemplateBehavior [ RunTime:0.004688s ]
INFO: [ view_parse ] --END-- [ RunTime:0.004740s ]
INFO: [ view_filter ] --START--
INFO: Run Behavior\WriteHtmlCacheBehavior [ RunTime:0.000123s ]
INFO: [ view_filter ] --END-- [ RunTime:0.000166s ]

[ 2017-01-29T19:16:56+08:00 ] 192.168.10.1 /thinkphp/index.php/home/apply/index/cid/1/opt/1.html
INFO: [ app_init ] --START--
INFO: Run Behavior\BuildLiteBehavior [ RunTime:0.000015s ]
INFO: [ app_init ] --END-- [ RunTime:0.000070s ]
INFO: [ app_begin ] --START--
INFO: Run Behavior\ReadHtmlCacheBehavior [ RunTime:0.000327s ]
INFO: [ app_begin ] --END-- [ RunTime:0.000462s ]
SQL: SHOW COLUMNS FROM `auth_group_access` [ RunTime:0.0011s ]
SQL: SELECT `uid`,`group_id`,`title`,`rules` FROM auth_group_access a INNER JOIN auth_group g on a.group_id=g.id  WHERE ( a.uid='1' and g.status='1' )  [ RunTime:0.0003s ]
SQL: SHOW COLUMNS FROM `auth_rule` [ RunTime:0.0016s ]
SQL: SELECT `condition`,`name` FROM `auth_rule` WHERE `id` IN ('1','2','3') AND `type` = 1 AND `status` = 1  [ RunTime:0.0003s ]
SQL: SHOW COLUMNS FROM `vote` [ RunTime:0.0009s ]
SQL: SHOW COLUMNS FROM `vote` [ RunTime:0.0008s ]
SQL: SELECT * FROM `vote` WHERE ( id=1 ) LIMIT 1   [ RunTime:0.0003s ]
INFO: [ view_parse ] --START--
INFO: [ template_filter ] --START--
INFO: Run Behavior\ContentReplaceBehavior [ RunTime:0.000089s ]
INFO: [ template_filter ] --END-- [ RunTime:0.000153s ]
NOTIC: [8] Undefined variable: title /var/www/html/thinkphp/Application/Runtime/Cache/Home/19da1f252f25f0eaf7e7b131ab9fab0e.php 第 4 行.
INFO: Run Behavior\ParseTemplateBehavior [ RunTime:0.012485s ]
INFO: [ view_parse ] --END-- [ RunTime:0.012545s ]
INFO: [ view_filter ] --START--
INFO: Run Behavior\WriteHtmlCacheBehavior [ RunTime:0.000132s ]
INFO: [ view_filter ] --END-- [ RunTime:0.000173s ]
INFO: [ app_end ] --START--
INFO: Run Behavior\ShowPageTraceBehavior [ RunTime:0.000615s ]
INFO: [ app_end ] --END-- [ RunTime:0.000740s ]

[ 2017-01-29T19:17:11+08:00 ] 192.168.10.1 /thinkphp/index.php/home/apply/author.html
INFO: [ app_init ] --START--
INFO: Run Behavior\BuildLiteBehavior [ RunTime:0.000022s ]
INFO: [ app_init ] --END-- [ RunTime:0.000236s ]
INFO: [ app_begin ] --START--
INFO: Run Behavior\ReadHtmlCacheBehavior [ RunTime:0.000517s ]
INFO: [ app_begin ] --END-- [ RunTime:0.000617s ]
SQL: SHOW COLUMNS FROM `auth_group_access` [ RunTime:0.0008s ]
SQL: SELECT `uid`,`group_id`,`title`,`rules` FROM auth_group_access a INNER JOIN auth_group g on a.group_id=g.id  WHERE ( a.uid='1' and g.status='1' )  [ RunTime:0.0004s ]
SQL: SHOW COLUMNS FROM `auth_rule` [ RunTime:0.0006s ]
SQL: SELECT `condition`,`name` FROM `auth_rule` WHERE `id` IN ('1','2','3') AND `type` = 1 AND `status` = 1  [ RunTime:0.0002s ]
INFO: [ view_parse ] --START--
INFO: [ template_filter ] --START--
INFO: Run Behavior\ContentReplaceBehavior [ RunTime:0.000064s ]
INFO: [ template_filter ] --END-- [ RunTime:0.000156s ]
INFO: Run Behavior\ParseTemplateBehavior [ RunTime:0.004898s ]
INFO: [ view_parse ] --END-- [ RunTime:0.004950s ]
INFO: [ view_filter ] --START--
INFO: Run Behavior\WriteHtmlCacheBehavior [ RunTime:0.000097s ]
INFO: [ view_filter ] --END-- [ RunTime:0.000137s ]

[ 2017-01-29T19:19:41+08:00 ] 192.168.10.1 /thinkphp/index.php/home/index/index/p/2.html
INFO: [ app_init ] --START--
INFO: Run Behavior\BuildLiteBehavior [ RunTime:0.000018s ]
INFO: [ app_init ] --END-- [ RunTime:0.000085s ]
INFO: [ app_begin ] --START--
INFO: Run Behavior\ReadHtmlCacheBehavior [ RunTime:0.000393s ]
INFO: [ app_begin ] --END-- [ RunTime:0.000463s ]
SQL: SHOW COLUMNS FROM `auth_group_access` [ RunTime:0.0007s ]
SQL: SELECT `uid`,`group_id`,`title`,`rules` FROM auth_group_access a INNER JOIN auth_group g on a.group_id=g.id  WHERE ( a.uid='1' and g.status='1' )  [ RunTime:0.0003s ]
SQL: SHOW COLUMNS FROM `auth_rule` [ RunTime:0.0013s ]
SQL: SELECT `condition`,`name` FROM `auth_rule` WHERE `id` IN ('1','2','3') AND `type` = 1 AND `status` = 1  [ RunTime:0.0003s ]
SQL: SHOW COLUMNS FROM `vote` [ RunTime:0.0010s ]
SQL: SHOW COLUMNS FROM `vote` [ RunTime:0.0011s ]
SQL: SELECT COUNT(*) AS tp_count FROM `vote` LIMIT 1   [ RunTime:0.0003s ]
NOTIC: [2] Missing argument 1 for Think\Model::where(), called in /var/www/html/thinkphp/Application/Home/Model/VoteModel.class.php on line 82 and defined /var/www/html/thinkphp/ThinkPHP/Library/Think/Model.class.php 第 2002 行.
NOTIC: [8] Undefined variable: where /var/www/html/thinkphp/ThinkPHP/Library/Think/Model.class.php 第 2011 行.
NOTIC: [8] Undefined variable: where /var/www/html/thinkphp/ThinkPHP/Library/Think/Model.class.php 第 2014 行.
NOTIC: [8] Undefined variable: where /var/www/html/thinkphp/ThinkPHP/Library/Think/Model.class.php 第 2022 行.
SQL: SELECT * FROM `vote` ORDER BY `id` LIMIT 10,10   [ RunTime:0.0004s ]
INFO: [ view_parse ] --START--
INFO: [ template_filter ] --START--
INFO: Run Behavior\ContentReplaceBehavior [ RunTime:0.000087s ]
INFO: [ template_filter ] --END-- [ RunTime:0.000138s ]
INFO: Run Behavior\ParseTemplateBehavior [ RunTime:0.010483s ]
INFO: [ view_parse ] --END-- [ RunTime:0.010570s ]
INFO: [ view_filter ] --START--
INFO: Run Behavior\WriteHtmlCacheBehavior [ RunTime:0.000284s ]
INFO: [ view_filter ] --END-- [ RunTime:0.000545s ]
INFO: [ app_end ] --START--
INFO: Run Behavior\ShowPageTraceBehavior [ RunTime:0.000993s ]
INFO: [ app_end ] --END-- [ RunTime:0.001106s ]

