[ 2017-04-05T22:15:05+08:00 ] 192.168.10.1 /thinkphp/index.php/home/login/login.html
INFO: [ app_init ] --START--
INFO: Run Behavior\BuildLiteBehavior [ RunTime:0.000016s ]
INFO: [ app_init ] --END-- [ RunTime:0.000112s ]
INFO: [ app_begin ] --START--
INFO: Run Behavior\ReadHtmlCacheBehavior [ RunTime:0.021752s ]
INFO: [ app_begin ] --END-- [ RunTime:0.021840s ]
INFO: [ view_parse ] --START--
INFO: [ template_filter ] --START--
INFO: Run Behavior\ContentReplaceBehavior [ RunTime:0.000063s ]
INFO: [ template_filter ] --END-- [ RunTime:0.000136s ]
INFO: Run Behavior\ParseTemplateBehavior [ RunTime:0.038126s ]
INFO: [ view_parse ] --END-- [ RunTime:0.038206s ]
INFO: [ view_filter ] --START--
INFO: Run Behavior\WriteHtmlCacheBehavior [ RunTime:0.000586s ]
INFO: [ view_filter ] --END-- [ RunTime:0.000652s ]
INFO: [ app_end ] --START--
INFO: Run Behavior\ShowPageTraceBehavior [ RunTime:0.018536s ]
INFO: [ app_end ] --END-- [ RunTime:0.018684s ]

[ 2017-04-05T22:15:13+08:00 ] 192.168.10.1 /thinkphp/index.php/home/login/index.html
INFO: [ app_init ] --START--
INFO: Run Behavior\BuildLiteBehavior [ RunTime:0.000015s ]
INFO: [ app_init ] --END-- [ RunTime:0.000069s ]
INFO: [ app_begin ] --START--
INFO: Run Behavior\ReadHtmlCacheBehavior [ RunTime:0.000315s ]
INFO: [ app_begin ] --END-- [ RunTime:0.000367s ]
SQL: SHOW COLUMNS FROM `user` [ RunTime:0.0650s ]
SQL: SHOW COLUMNS FROM `user` [ RunTime:0.0021s ]
SQL: SELECT * FROM `user` WHERE `username` = 'qinshi' LIMIT 1   [ RunTime:0.0014s ]
SQL: SHOW COLUMNS FROM `nav` [ RunTime:0.0380s ]
SQL: SELECT * FROM `nav`  [ RunTime:0.0009s ]
SQL: SHOW COLUMNS FROM `auth_group_access` [ RunTime:0.0339s ]
SQL: SELECT `uid`,`group_id`,`title`,`rules` FROM auth_group_access a INNER JOIN auth_group g on a.group_id=g.id  WHERE ( a.uid='1' and g.status='1' )  [ RunTime:0.0257s ]
SQL: SHOW COLUMNS FROM `auth_rule` [ RunTime:0.0253s ]
SQL: SELECT `condition`,`name` FROM `auth_rule` WHERE `id` IN ('14','1','40','41','42','47','43','44','45','46','48','49','61','62','50','51','52','53','90') AND `type` = 1 AND `status` = 1  [ RunTime:0.0591s ]
INFO: [ view_parse ] --START--
INFO: [ template_filter ] --START--
INFO: Run Behavior\ContentReplaceBehavior [ RunTime:0.000057s ]
INFO: [ template_filter ] --END-- [ RunTime:0.000121s ]
INFO: Run Behavior\ParseTemplateBehavior [ RunTime:0.100871s ]
INFO: [ view_parse ] --END-- [ RunTime:0.100953s ]
INFO: [ view_filter ] --START--
INFO: Run Behavior\WriteHtmlCacheBehavior [ RunTime:0.000142s ]
INFO: [ view_filter ] --END-- [ RunTime:0.000186s ]
INFO: [ app_end ] --START--
INFO: Run Behavior\ShowPageTraceBehavior [ RunTime:0.000384s ]
INFO: [ app_end ] --END-- [ RunTime:0.000428s ]

[ 2017-04-05T22:15:15+08:00 ] 192.168.10.1 /thinkphp/index.php/home/index/index.html
INFO: [ app_init ] --START--
INFO: Run Behavior\BuildLiteBehavior [ RunTime:0.000014s ]
INFO: [ app_init ] --END-- [ RunTime:0.000064s ]
INFO: [ app_begin ] --START--
INFO: Run Behavior\ReadHtmlCacheBehavior [ RunTime:0.000305s ]
INFO: [ app_begin ] --END-- [ RunTime:0.000357s ]
SQL: SHOW COLUMNS FROM `auth_group_access` [ RunTime:0.0007s ]
SQL: SELECT `uid`,`group_id`,`title`,`rules` FROM auth_group_access a INNER JOIN auth_group g on a.group_id=g.id  WHERE ( a.uid='1' and g.status='1' )  [ RunTime:0.0003s ]
SQL: SHOW COLUMNS FROM `auth_rule` [ RunTime:0.0006s ]
SQL: SELECT `condition`,`name` FROM `auth_rule` WHERE `id` IN ('14','1','40','41','42','47','43','44','45','46','48','49','61','62','50','51','52','53','90') AND `type` = 1 AND `status` = 1  [ RunTime:0.0003s ]
SQL: SHOW COLUMNS FROM `nav` [ RunTime:0.0007s ]
SQL: SELECT * FROM `nav`  [ RunTime:0.0002s ]
SQL: SHOW COLUMNS FROM `vote` [ RunTime:0.0425s ]
NOTIC: [8] Undefined variable: type /var/www/html/thinkphp/Application/Home/Controller/IndexController.class.php 第 15 行.
SQL: SHOW COLUMNS FROM `vote` [ RunTime:0.0043s ]
SQL: SELECT COUNT(*) AS tp_count FROM `vote` WHERE `voteType` = null AND `user` = 'qinshi' LIMIT 1   [ RunTime:0.0133s ]
SQL: SELECT * FROM `vote` WHERE `voteType` = null AND `user` = 'qinshi' ORDER BY `uid` LIMIT 0,10   [ RunTime:0.0004s ]
INFO: [ view_parse ] --START--
INFO: [ template_filter ] --START--
INFO: Run Behavior\ContentReplaceBehavior [ RunTime:0.000093s ]
INFO: [ template_filter ] --END-- [ RunTime:0.000159s ]
INFO: Run Behavior\ParseTemplateBehavior [ RunTime:0.224550s ]
INFO: [ view_parse ] --END-- [ RunTime:0.224618s ]
INFO: [ view_filter ] --START--
INFO: Run Behavior\WriteHtmlCacheBehavior [ RunTime:0.000122s ]
INFO: [ view_filter ] --END-- [ RunTime:0.000162s ]
INFO: [ app_end ] --START--
INFO: Run Behavior\ShowPageTraceBehavior [ RunTime:0.000289s ]
INFO: [ app_end ] --END-- [ RunTime:0.000328s ]

[ 2017-04-05T22:15:19+08:00 ] 192.168.10.1 /thinkphp/index.php/home/users/updateinfo.html
INFO: [ app_init ] --START--
INFO: Run Behavior\BuildLiteBehavior [ RunTime:0.000016s ]
INFO: [ app_init ] --END-- [ RunTime:0.000075s ]
INFO: [ app_begin ] --START--
INFO: Run Behavior\ReadHtmlCacheBehavior [ RunTime:0.000334s ]
INFO: [ app_begin ] --END-- [ RunTime:0.000401s ]
SQL: SHOW COLUMNS FROM `auth_group_access` [ RunTime:0.0007s ]
SQL: SELECT `uid`,`group_id`,`title`,`rules` FROM auth_group_access a INNER JOIN auth_group g on a.group_id=g.id  WHERE ( a.uid='1' and g.status='1' )  [ RunTime:0.0003s ]
SQL: SHOW COLUMNS FROM `auth_rule` [ RunTime:0.0006s ]
SQL: SELECT `condition`,`name` FROM `auth_rule` WHERE `id` IN ('14','1','40','41','42','47','43','44','45','46','48','49','61','62','50','51','52','53','90') AND `type` = 1 AND `status` = 1  [ RunTime:0.0003s ]
SQL: SHOW COLUMNS FROM `user` [ RunTime:0.0007s ]
SQL: SELECT * FROM `user` WHERE `username` = 'qinshi' LIMIT 1   [ RunTime:0.0007s ]
INFO: [ view_parse ] --START--
INFO: [ template_filter ] --START--
INFO: Run Behavior\ContentReplaceBehavior [ RunTime:0.000082s ]
INFO: [ template_filter ] --END-- [ RunTime:0.000151s ]
NOTIC: [8] Undefined variable: title /var/www/html/thinkphp/Application/Runtime/Cache/Home/2474574afca9aa348d3e60c3d5c00478.php 第 4 行.
INFO: Run Behavior\ParseTemplateBehavior [ RunTime:0.061230s ]
INFO: [ view_parse ] --END-- [ RunTime:0.061289s ]
INFO: [ view_filter ] --START--
INFO: Run Behavior\WriteHtmlCacheBehavior [ RunTime:0.000134s ]
INFO: [ view_filter ] --END-- [ RunTime:0.000355s ]
INFO: [ app_end ] --START--
INFO: Run Behavior\ShowPageTraceBehavior [ RunTime:0.000331s ]
INFO: [ app_end ] --END-- [ RunTime:0.000379s ]

[ 2017-04-05T22:15:20+08:00 ] 192.168.10.1 /thinkphp/index.php/home/auth/sysopen.html
INFO: [ app_init ] --START--
INFO: Run Behavior\BuildLiteBehavior [ RunTime:0.000014s ]
INFO: [ app_init ] --END-- [ RunTime:0.000065s ]
INFO: [ app_begin ] --START--
INFO: Run Behavior\ReadHtmlCacheBehavior [ RunTime:0.000296s ]
INFO: [ app_begin ] --END-- [ RunTime:0.000383s ]
SQL: SHOW COLUMNS FROM `auth_group_access` [ RunTime:0.0009s ]
SQL: SELECT `uid`,`group_id`,`title`,`rules` FROM auth_group_access a INNER JOIN auth_group g on a.group_id=g.id  WHERE ( a.uid='1' and g.status='1' )  [ RunTime:0.0003s ]
SQL: SHOW COLUMNS FROM `auth_rule` [ RunTime:0.0006s ]
SQL: SELECT `condition`,`name` FROM `auth_rule` WHERE `id` IN ('14','1','40','41','42','47','43','44','45','46','48','49','61','62','50','51','52','53','90') AND `type` = 1 AND `status` = 1  [ RunTime:0.0003s ]
SQL: SHOW COLUMNS FROM `system_info` [ RunTime:0.0219s ]
SQL: SELECT * FROM `system_info` WHERE `name` = 'switch' LIMIT 1   [ RunTime:0.0009s ]
SQL: SELECT * FROM `system_info` WHERE `name` = 'tswitch' LIMIT 1   [ RunTime:0.0003s ]
INFO: [ view_parse ] --START--
INFO: [ template_filter ] --START--
INFO: Run Behavior\ContentReplaceBehavior [ RunTime:0.000074s ]
INFO: [ template_filter ] --END-- [ RunTime:0.000136s ]
NOTIC: [8] Undefined variable: title /var/www/html/thinkphp/Application/Runtime/Cache/Home/56c4fafc883f9b6052c3c4ed16d9a08d.php 第 4 行.
INFO: Run Behavior\ParseTemplateBehavior [ RunTime:0.036284s ]
INFO: [ view_parse ] --END-- [ RunTime:0.036346s ]
INFO: [ view_filter ] --START--
INFO: Run Behavior\WriteHtmlCacheBehavior [ RunTime:0.000136s ]
INFO: [ view_filter ] --END-- [ RunTime:0.000179s ]
INFO: [ app_end ] --START--
INFO: Run Behavior\ShowPageTraceBehavior [ RunTime:0.000314s ]
INFO: [ app_end ] --END-- [ RunTime:0.000357s ]

[ 2017-04-05T22:15:22+08:00 ] 192.168.10.1 /thinkphp/index.php/home/users/user.html
INFO: [ app_init ] --START--
INFO: Run Behavior\BuildLiteBehavior [ RunTime:0.000089s ]
INFO: [ app_init ] --END-- [ RunTime:0.000153s ]
INFO: [ app_begin ] --START--
INFO: Run Behavior\ReadHtmlCacheBehavior [ RunTime:0.000275s ]
INFO: [ app_begin ] --END-- [ RunTime:0.000321s ]
SQL: SHOW COLUMNS FROM `auth_group_access` [ RunTime:0.0008s ]
SQL: SELECT `uid`,`group_id`,`title`,`rules` FROM auth_group_access a INNER JOIN auth_group g on a.group_id=g.id  WHERE ( a.uid='1' and g.status='1' )  [ RunTime:0.0004s ]
SQL: SHOW COLUMNS FROM `auth_rule` [ RunTime:0.0009s ]
SQL: SELECT `condition`,`name` FROM `auth_rule` WHERE `id` IN ('14','1','40','41','42','47','43','44','45','46','48','49','61','62','50','51','52','53','90') AND `type` = 1 AND `status` = 1  [ RunTime:0.0004s ]
SQL: SHOW COLUMNS FROM `user` [ RunTime:0.0009s ]
SQL: SELECT COUNT(*) AS tp_count FROM `user` LIMIT 1   [ RunTime:0.0003s ]
NOTIC: [8] Undefined index: header /var/www/html/thinkphp/ThinkPHP/Library/Think/Page.class.php 第 146 行.
NOTIC: [8] Undefined index: header /var/www/html/thinkphp/ThinkPHP/Library/Think/Page.class.php 第 146 行.
SQL: SELECT * FROM `user` ORDER BY `id` LIMIT 0,5   [ RunTime:0.0003s ]
INFO: [ view_parse ] --START--
INFO: [ template_filter ] --START--
INFO: Run Behavior\ContentReplaceBehavior [ RunTime:0.000086s ]
INFO: [ template_filter ] --END-- [ RunTime:0.000150s ]
NOTIC: [8] Undefined variable: title /var/www/html/thinkphp/Application/Runtime/Cache/Home/92a04f9c3459c18a1b1e7a9dc268d8d1.php 第 4 行.
INFO: Run Behavior\ParseTemplateBehavior [ RunTime:0.090449s ]
INFO: [ view_parse ] --END-- [ RunTime:0.090508s ]
INFO: [ view_filter ] --START--
INFO: Run Behavior\WriteHtmlCacheBehavior [ RunTime:0.000133s ]
INFO: [ view_filter ] --END-- [ RunTime:0.000176s ]
INFO: [ app_end ] --START--
INFO: Run Behavior\ShowPageTraceBehavior [ RunTime:0.000310s ]
INFO: [ app_end ] --END-- [ RunTime:0.000354s ]

[ 2017-04-05T22:15:23+08:00 ] 192.168.10.1 /thinkphp/index.php/home/users/group.html
INFO: [ app_init ] --START--
INFO: Run Behavior\BuildLiteBehavior [ RunTime:0.000013s ]
INFO: [ app_init ] --END-- [ RunTime:0.000066s ]
INFO: [ app_begin ] --START--
INFO: Run Behavior\ReadHtmlCacheBehavior [ RunTime:0.000397s ]
INFO: [ app_begin ] --END-- [ RunTime:0.000455s ]
SQL: SHOW COLUMNS FROM `auth_group_access` [ RunTime:0.0010s ]
SQL: SELECT `uid`,`group_id`,`title`,`rules` FROM auth_group_access a INNER JOIN auth_group g on a.group_id=g.id  WHERE ( a.uid='1' and g.status='1' )  [ RunTime:0.0004s ]
SQL: SHOW COLUMNS FROM `auth_rule` [ RunTime:0.0007s ]
SQL: SELECT `condition`,`name` FROM `auth_rule` WHERE `id` IN ('14','1','40','41','42','47','43','44','45','46','48','49','61','62','50','51','52','53','90') AND `type` = 1 AND `status` = 1  [ RunTime:0.0003s ]
SQL: SHOW COLUMNS FROM `auth_group` [ RunTime:0.0006s ]
SQL: SELECT COUNT(*) AS tp_count FROM `auth_group` LIMIT 1   [ RunTime:0.0002s ]
NOTIC: [8] Undefined index: header /var/www/html/thinkphp/ThinkPHP/Library/Think/Page.class.php 第 146 行.
NOTIC: [8] Undefined index: header /var/www/html/thinkphp/ThinkPHP/Library/Think/Page.class.php 第 146 行.
SQL: SELECT * FROM `auth_group` ORDER BY `id` LIMIT 0,5   [ RunTime:0.0002s ]
INFO: [ view_parse ] --START--
INFO: [ template_filter ] --START--
INFO: Run Behavior\ContentReplaceBehavior [ RunTime:0.000085s ]
INFO: [ template_filter ] --END-- [ RunTime:0.000193s ]
NOTIC: [8] Undefined variable: title /var/www/html/thinkphp/Application/Runtime/Cache/Home/aaf924ddaf9e0c335a6f6e851415e643.php 第 4 行.
INFO: Run Behavior\ParseTemplateBehavior [ RunTime:0.038223s ]
INFO: [ view_parse ] --END-- [ RunTime:0.038290s ]
INFO: [ view_filter ] --START--
INFO: Run Behavior\WriteHtmlCacheBehavior [ RunTime:0.000214s ]
INFO: [ view_filter ] --END-- [ RunTime:0.000360s ]
INFO: [ app_end ] --START--
INFO: Run Behavior\ShowPageTraceBehavior [ RunTime:0.001764s ]
INFO: [ app_end ] --END-- [ RunTime:0.001895s ]

[ 2017-04-05T22:15:24+08:00 ] 192.168.10.1 /thinkphp/index.php/home/auth/rule.html
INFO: [ app_init ] --START--
INFO: Run Behavior\BuildLiteBehavior [ RunTime:0.000016s ]
INFO: [ app_init ] --END-- [ RunTime:0.000077s ]
INFO: [ app_begin ] --START--
INFO: Run Behavior\ReadHtmlCacheBehavior [ RunTime:0.000306s ]
INFO: [ app_begin ] --END-- [ RunTime:0.000359s ]
SQL: SHOW COLUMNS FROM `auth_group_access` [ RunTime:0.0007s ]
SQL: SELECT `uid`,`group_id`,`title`,`rules` FROM auth_group_access a INNER JOIN auth_group g on a.group_id=g.id  WHERE ( a.uid='1' and g.status='1' )  [ RunTime:0.0004s ]
SQL: SHOW COLUMNS FROM `auth_rule` [ RunTime:0.0007s ]
SQL: SELECT `condition`,`name` FROM `auth_rule` WHERE `id` IN ('14','1','40','41','42','47','43','44','45','46','48','49','61','62','50','51','52','53','90') AND `type` = 1 AND `status` = 1  [ RunTime:0.0003s ]
SQL: SHOW COLUMNS FROM `auth_rule` [ RunTime:0.0013s ]
SQL: SHOW COLUMNS FROM `auth_rule` [ RunTime:0.0007s ]
SQL: SELECT COUNT(*) AS tp_count FROM `auth_rule` LIMIT 1   [ RunTime:0.0002s ]
NOTIC: [8] Undefined index: header /var/www/html/thinkphp/ThinkPHP/Library/Think/Page.class.php 第 146 行.
NOTIC: [8] Undefined index: header /var/www/html/thinkphp/ThinkPHP/Library/Think/Page.class.php 第 146 行.
NOTIC: [2] Missing argument 1 for Think\Model::where(), called in /var/www/html/thinkphp/Application/Home/Model/AuthRuleModel.class.php on line 34 and defined /var/www/html/thinkphp/ThinkPHP/Library/Think/Model.class.php 第 2002 行.
NOTIC: [8] Undefined variable: where /var/www/html/thinkphp/ThinkPHP/Library/Think/Model.class.php 第 2011 行.
NOTIC: [8] Undefined variable: where /var/www/html/thinkphp/ThinkPHP/Library/Think/Model.class.php 第 2014 行.
NOTIC: [8] Undefined variable: where /var/www/html/thinkphp/ThinkPHP/Library/Think/Model.class.php 第 2022 行.
SQL: SELECT * FROM `auth_rule` ORDER BY `id` LIMIT 0,10   [ RunTime:0.0003s ]
INFO: [ view_parse ] --START--
INFO: [ template_filter ] --START--
INFO: Run Behavior\ContentReplaceBehavior [ RunTime:0.000084s ]
INFO: [ template_filter ] --END-- [ RunTime:0.000152s ]
NOTIC: [8] Undefined variable: title /var/www/html/thinkphp/Application/Runtime/Cache/Home/d505f29e0b5ee7f63718ea138a560af1.php 第 4 行.
NOTIC: [8] Undefined index: Type /var/www/html/thinkphp/Application/Runtime/Cache/Home/d505f29e0b5ee7f63718ea138a560af1.php 第 94 行.
NOTIC: [8] Undefined index: Type /var/www/html/thinkphp/Application/Runtime/Cache/Home/d505f29e0b5ee7f63718ea138a560af1.php 第 94 行.
NOTIC: [8] Undefined index: Type /var/www/html/thinkphp/Application/Runtime/Cache/Home/d505f29e0b5ee7f63718ea138a560af1.php 第 94 行.
NOTIC: [8] Undefined index: Type /var/www/html/thinkphp/Application/Runtime/Cache/Home/d505f29e0b5ee7f63718ea138a560af1.php 第 94 行.
NOTIC: [8] Undefined index: Type /var/www/html/thinkphp/Application/Runtime/Cache/Home/d505f29e0b5ee7f63718ea138a560af1.php 第 94 行.
NOTIC: [8] Undefined index: Type /var/www/html/thinkphp/Application/Runtime/Cache/Home/d505f29e0b5ee7f63718ea138a560af1.php 第 94 行.
NOTIC: [8] Undefined index: Type /var/www/html/thinkphp/Application/Runtime/Cache/Home/d505f29e0b5ee7f63718ea138a560af1.php 第 94 行.
NOTIC: [8] Undefined index: Type /var/www/html/thinkphp/Application/Runtime/Cache/Home/d505f29e0b5ee7f63718ea138a560af1.php 第 94 行.
NOTIC: [8] Undefined index: Type /var/www/html/thinkphp/Application/Runtime/Cache/Home/d505f29e0b5ee7f63718ea138a560af1.php 第 94 行.
NOTIC: [8] Undefined index: Type /var/www/html/thinkphp/Application/Runtime/Cache/Home/d505f29e0b5ee7f63718ea138a560af1.php 第 94 行.
INFO: Run Behavior\ParseTemplateBehavior [ RunTime:0.079416s ]
INFO: [ view_parse ] --END-- [ RunTime:0.079474s ]
INFO: [ view_filter ] --START--
INFO: Run Behavior\WriteHtmlCacheBehavior [ RunTime:0.000151s ]
INFO: [ view_filter ] --END-- [ RunTime:0.000194s ]
INFO: [ app_end ] --START--
INFO: Run Behavior\ShowPageTraceBehavior [ RunTime:0.003205s ]
INFO: [ app_end ] --END-- [ RunTime:0.003306s ]

[ 2017-04-05T22:15:28+08:00 ] 192.168.10.1 /thinkphp/index.php/home/login/logout.html
INFO: [ app_init ] --START--
INFO: Run Behavior\BuildLiteBehavior [ RunTime:0.000014s ]
INFO: [ app_init ] --END-- [ RunTime:0.000068s ]
INFO: [ app_begin ] --START--
INFO: Run Behavior\ReadHtmlCacheBehavior [ RunTime:0.000346s ]
INFO: [ app_begin ] --END-- [ RunTime:0.000397s ]
INFO: [ view_parse ] --START--
INFO: [ template_filter ] --START--
INFO: Run Behavior\ContentReplaceBehavior [ RunTime:0.000056s ]
INFO: [ template_filter ] --END-- [ RunTime:0.000122s ]
INFO: Run Behavior\ParseTemplateBehavior [ RunTime:0.004520s ]
INFO: [ view_parse ] --END-- [ RunTime:0.004574s ]
INFO: [ view_filter ] --START--
INFO: Run Behavior\WriteHtmlCacheBehavior [ RunTime:0.000122s ]
INFO: [ view_filter ] --END-- [ RunTime:0.000164s ]
INFO: [ app_end ] --START--
INFO: Run Behavior\ShowPageTraceBehavior [ RunTime:0.000312s ]
INFO: [ app_end ] --END-- [ RunTime:0.000460s ]

[ 2017-04-05T22:15:29+08:00 ] 192.168.10.1 /thinkphp/index.php/home/login/login.html
INFO: [ app_init ] --START--
INFO: Run Behavior\BuildLiteBehavior [ RunTime:0.000025s ]
INFO: [ app_init ] --END-- [ RunTime:0.000114s ]
INFO: [ app_begin ] --START--
INFO: Run Behavior\ReadHtmlCacheBehavior [ RunTime:0.000563s ]
INFO: [ app_begin ] --END-- [ RunTime:0.000651s ]
INFO: [ view_parse ] --START--
INFO: [ template_filter ] --START--
INFO: Run Behavior\ContentReplaceBehavior [ RunTime:0.000059s ]
INFO: [ template_filter ] --END-- [ RunTime:0.000123s ]
INFO: Run Behavior\ParseTemplateBehavior [ RunTime:0.006303s ]
INFO: [ view_parse ] --END-- [ RunTime:0.006406s ]
INFO: [ view_filter ] --START--
INFO: Run Behavior\WriteHtmlCacheBehavior [ RunTime:0.000117s ]
INFO: [ view_filter ] --END-- [ RunTime:0.000157s ]
INFO: [ app_end ] --START--
INFO: Run Behavior\ShowPageTraceBehavior [ RunTime:0.000287s ]
INFO: [ app_end ] --END-- [ RunTime:0.000328s ]

