[ 2017-03-08T19:24:49+08:00 ] 192.168.10.1 /thinkphp/
INFO: [ app_init ] --START--
INFO: Run Behavior\BuildLiteBehavior [ RunTime:0.000064s ]
INFO: [ app_init ] --END-- [ RunTime:0.000585s ]
INFO: [ app_begin ] --START--
INFO: Run Behavior\ReadHtmlCacheBehavior [ RunTime:0.016063s ]
INFO: [ app_begin ] --END-- [ RunTime:0.016546s ]
NOTIC: [8] Undefined index: menu /var/www/html/thinkphp/Application/Common/Controller/BaseController.class.php 第 13 行.

[ 2017-03-08T19:25:00+08:00 ] 192.168.10.1 /thinkphp/index.php/home/login/login
INFO: [ app_init ] --START--
INFO: Run Behavior\BuildLiteBehavior [ RunTime:0.000023s ]
INFO: [ app_init ] --END-- [ RunTime:0.000184s ]
INFO: [ app_begin ] --START--
INFO: Run Behavior\ReadHtmlCacheBehavior [ RunTime:0.000806s ]
INFO: [ app_begin ] --END-- [ RunTime:0.000921s ]
INFO: [ view_parse ] --START--
INFO: [ template_filter ] --START--
INFO: Run Behavior\ContentReplaceBehavior [ RunTime:0.000121s ]
INFO: [ template_filter ] --END-- [ RunTime:0.000386s ]
INFO: Run Behavior\ParseTemplateBehavior [ RunTime:0.320859s ]
INFO: [ view_parse ] --END-- [ RunTime:0.321245s ]
INFO: [ view_filter ] --START--
INFO: Run Behavior\WriteHtmlCacheBehavior [ RunTime:0.014240s ]
INFO: [ view_filter ] --END-- [ RunTime:0.014367s ]
INFO: [ app_end ] --START--
INFO: Run Behavior\ShowPageTraceBehavior [ RunTime:0.014738s ]
INFO: [ app_end ] --END-- [ RunTime:0.015085s ]

[ 2017-03-08T19:25:06+08:00 ] 192.168.10.1 /thinkphp/index.php/home/login/index.html
INFO: [ app_init ] --START--
INFO: Run Behavior\BuildLiteBehavior [ RunTime:0.000020s ]
INFO: [ app_init ] --END-- [ RunTime:0.000101s ]
INFO: [ app_begin ] --START--
INFO: Run Behavior\ReadHtmlCacheBehavior [ RunTime:0.000516s ]
INFO: [ app_begin ] --END-- [ RunTime:0.000575s ]
SQL: SHOW COLUMNS FROM `user` [ RunTime:0.0473s ]
SQL: SHOW COLUMNS FROM `user` [ RunTime:0.0012s ]
SQL: SELECT * FROM `user` WHERE `username` = 'qinshi' LIMIT 1   [ RunTime:0.0455s ]
SQL: SHOW COLUMNS FROM `nav` [ RunTime:0.0178s ]
SQL: SELECT * FROM `nav`  [ RunTime:0.0007s ]
INFO: [ view_parse ] --START--
INFO: [ template_filter ] --START--
INFO: Run Behavior\ContentReplaceBehavior [ RunTime:0.000060s ]
INFO: [ template_filter ] --END-- [ RunTime:0.000162s ]
INFO: Run Behavior\ParseTemplateBehavior [ RunTime:0.041134s ]
INFO: [ view_parse ] --END-- [ RunTime:0.041330s ]
INFO: [ view_filter ] --START--
INFO: Run Behavior\WriteHtmlCacheBehavior [ RunTime:0.000349s ]
INFO: [ view_filter ] --END-- [ RunTime:0.000415s ]
INFO: [ app_end ] --START--
INFO: Run Behavior\ShowPageTraceBehavior [ RunTime:0.000709s ]
INFO: [ app_end ] --END-- [ RunTime:0.000822s ]

[ 2017-03-08T19:25:07+08:00 ] 192.168.10.1 /thinkphp/index.php/home/index/index.html
INFO: [ app_init ] --START--
INFO: Run Behavior\BuildLiteBehavior [ RunTime:0.000016s ]
INFO: [ app_init ] --END-- [ RunTime:0.000078s ]
INFO: [ app_begin ] --START--
INFO: Run Behavior\ReadHtmlCacheBehavior [ RunTime:0.000481s ]
INFO: [ app_begin ] --END-- [ RunTime:0.000549s ]
SQL: SHOW COLUMNS FROM `nav` [ RunTime:0.0019s ]
SQL: SELECT * FROM `nav`  [ RunTime:0.0005s ]
SQL: SHOW COLUMNS FROM `vote` [ RunTime:0.0121s ]
SQL: SHOW COLUMNS FROM `vote` [ RunTime:0.0017s ]
SQL: SELECT COUNT(*) AS tp_count FROM `vote` WHERE `voteType` = 0 AND `user` = 'qinshi' LIMIT 1   [ RunTime:0.0270s ]
NOTIC: [8] Undefined index: header /var/www/html/thinkphp/ThinkPHP/Library/Think/Page.class.php 第 146 行.
NOTIC: [8] Undefined index: header /var/www/html/thinkphp/ThinkPHP/Library/Think/Page.class.php 第 146 行.
SQL: SELECT * FROM `vote` WHERE `voteType` = 0 AND `user` = 'qinshi' ORDER BY `id` LIMIT 0,5   [ RunTime:0.0006s ]
INFO: [ view_parse ] --START--
INFO: [ template_filter ] --START--
INFO: Run Behavior\ContentReplaceBehavior [ RunTime:0.000223s ]
INFO: [ template_filter ] --END-- [ RunTime:0.000482s ]
INFO: Run Behavior\ParseTemplateBehavior [ RunTime:0.124344s ]
INFO: [ view_parse ] --END-- [ RunTime:0.124676s ]
INFO: [ view_filter ] --START--
INFO: Run Behavior\WriteHtmlCacheBehavior [ RunTime:0.000171s ]
INFO: [ view_filter ] --END-- [ RunTime:0.000237s ]
INFO: [ app_end ] --START--
INFO: Run Behavior\ShowPageTraceBehavior [ RunTime:0.001266s ]
INFO: [ app_end ] --END-- [ RunTime:0.001388s ]

[ 2017-03-08T19:26:18+08:00 ] 192.168.10.1 /thinkphp/index.php/home/users/updateinfo.html
INFO: [ app_init ] --START--
INFO: Run Behavior\BuildLiteBehavior [ RunTime:0.000014s ]
INFO: [ app_init ] --END-- [ RunTime:0.000071s ]
INFO: [ app_begin ] --START--
INFO: Run Behavior\ReadHtmlCacheBehavior [ RunTime:0.000286s ]
INFO: [ app_begin ] --END-- [ RunTime:0.000332s ]
SQL: SHOW COLUMNS FROM `user` [ RunTime:0.0008s ]
NOTIC: [8] Undefined variable: cond /var/www/html/thinkphp/Application/Home/Controller/UsersController.class.php 第 85 行.
SQL: SELECT * FROM `user` LIMIT 1   [ RunTime:0.0002s ]
INFO: [ view_parse ] --START--
INFO: [ template_filter ] --START--
INFO: Run Behavior\ContentReplaceBehavior [ RunTime:0.000075s ]
INFO: [ template_filter ] --END-- [ RunTime:0.000150s ]
NOTIC: [8] Undefined variable: title /var/www/html/thinkphp/Application/Runtime/Cache/Home/2474574afca9aa348d3e60c3d5c00478.php 第 4 行.
INFO: Run Behavior\ParseTemplateBehavior [ RunTime:0.031365s ]
INFO: [ view_parse ] --END-- [ RunTime:0.031471s ]
INFO: [ view_filter ] --START--
INFO: Run Behavior\WriteHtmlCacheBehavior [ RunTime:0.000160s ]
INFO: [ view_filter ] --END-- [ RunTime:0.000218s ]
INFO: [ app_end ] --START--
INFO: Run Behavior\ShowPageTraceBehavior [ RunTime:0.000633s ]
INFO: [ app_end ] --END-- [ RunTime:0.000733s ]

[ 2017-03-08T19:26:25+08:00 ] 192.168.10.1 /thinkphp/index.php/home/users/group.html
INFO: [ app_init ] --START--
INFO: Run Behavior\BuildLiteBehavior [ RunTime:0.000022s ]
INFO: [ app_init ] --END-- [ RunTime:0.000115s ]
INFO: [ app_begin ] --START--
INFO: Run Behavior\ReadHtmlCacheBehavior [ RunTime:0.000373s ]
INFO: [ app_begin ] --END-- [ RunTime:0.000435s ]
SQL: SHOW COLUMNS FROM `auth_group` [ RunTime:0.0684s ]
SQL: SELECT COUNT(*) AS tp_count FROM `auth_group` LIMIT 1   [ RunTime:0.0002s ]
NOTIC: [8] Undefined index: header /var/www/html/thinkphp/ThinkPHP/Library/Think/Page.class.php 第 146 行.
NOTIC: [8] Undefined index: header /var/www/html/thinkphp/ThinkPHP/Library/Think/Page.class.php 第 146 行.
SQL: SELECT * FROM `auth_group` ORDER BY `id` LIMIT 0,5   [ RunTime:0.0252s ]
INFO: [ view_parse ] --START--
INFO: [ template_filter ] --START--
INFO: Run Behavior\ContentReplaceBehavior [ RunTime:0.000143s ]
INFO: [ template_filter ] --END-- [ RunTime:0.000219s ]
NOTIC: [8] Undefined variable: title /var/www/html/thinkphp/Application/Runtime/Cache/Home/aaf924ddaf9e0c335a6f6e851415e643.php 第 4 行.
INFO: Run Behavior\ParseTemplateBehavior [ RunTime:0.039851s ]
INFO: [ view_parse ] --END-- [ RunTime:0.039935s ]
INFO: [ view_filter ] --START--
INFO: Run Behavior\WriteHtmlCacheBehavior [ RunTime:0.000205s ]
INFO: [ view_filter ] --END-- [ RunTime:0.000257s ]
INFO: [ app_end ] --START--
INFO: Run Behavior\ShowPageTraceBehavior [ RunTime:0.001139s ]
INFO: [ app_end ] --END-- [ RunTime:0.001352s ]

[ 2017-03-08T19:26:32+08:00 ] 192.168.10.1 /thinkphp/index.php/home/users/user.html
INFO: [ app_init ] --START--
INFO: Run Behavior\BuildLiteBehavior [ RunTime:0.000013s ]
INFO: [ app_init ] --END-- [ RunTime:0.000078s ]
INFO: [ app_begin ] --START--
INFO: Run Behavior\ReadHtmlCacheBehavior [ RunTime:0.000355s ]
INFO: [ app_begin ] --END-- [ RunTime:0.000408s ]
SQL: SHOW COLUMNS FROM `user` [ RunTime:0.0009s ]
SQL: SELECT COUNT(*) AS tp_count FROM `user` LIMIT 1   [ RunTime:0.0002s ]
NOTIC: [8] Undefined index: header /var/www/html/thinkphp/ThinkPHP/Library/Think/Page.class.php 第 146 行.
NOTIC: [8] Undefined index: header /var/www/html/thinkphp/ThinkPHP/Library/Think/Page.class.php 第 146 行.
SQL: SELECT * FROM `user` ORDER BY `id` LIMIT 0,5   [ RunTime:0.0004s ]
INFO: [ view_parse ] --START--
INFO: [ template_filter ] --START--
INFO: Run Behavior\ContentReplaceBehavior [ RunTime:0.000119s ]
INFO: [ template_filter ] --END-- [ RunTime:0.000264s ]
NOTIC: [8] Undefined variable: title /var/www/html/thinkphp/Application/Runtime/Cache/Home/92a04f9c3459c18a1b1e7a9dc268d8d1.php 第 4 行.
INFO: Run Behavior\ParseTemplateBehavior [ RunTime:0.095617s ]
INFO: [ view_parse ] --END-- [ RunTime:0.095730s ]
INFO: [ view_filter ] --START--
INFO: Run Behavior\WriteHtmlCacheBehavior [ RunTime:0.000213s ]
INFO: [ view_filter ] --END-- [ RunTime:0.000265s ]
INFO: [ app_end ] --START--
INFO: Run Behavior\ShowPageTraceBehavior [ RunTime:0.000365s ]
INFO: [ app_end ] --END-- [ RunTime:0.000511s ]

[ 2017-03-08T19:26:48+08:00 ] 192.168.10.1 /thinkphp/index.php/home/users/add_user.html
INFO: [ app_init ] --START--
INFO: Run Behavior\BuildLiteBehavior [ RunTime:0.000135s ]
INFO: [ app_init ] --END-- [ RunTime:0.000280s ]
INFO: [ app_begin ] --START--
INFO: Run Behavior\ReadHtmlCacheBehavior [ RunTime:0.000550s ]
INFO: [ app_begin ] --END-- [ RunTime:0.000624s ]
SQL: SHOW COLUMNS FROM `auth_group` [ RunTime:0.0008s ]
SQL: SELECT * FROM `auth_group`  [ RunTime:0.0002s ]
INFO: [ view_parse ] --START--
INFO: [ template_filter ] --START--
INFO: Run Behavior\ContentReplaceBehavior [ RunTime:0.000190s ]
INFO: [ template_filter ] --END-- [ RunTime:0.000268s ]
NOTIC: [8] Undefined variable: title /var/www/html/thinkphp/Application/Runtime/Cache/Home/6f098fe556f0bc588936e97e951c86b2.php 第 4 行.
INFO: Run Behavior\ParseTemplateBehavior [ RunTime:0.051613s ]
INFO: [ view_parse ] --END-- [ RunTime:0.051673s ]
INFO: [ view_filter ] --START--
INFO: Run Behavior\WriteHtmlCacheBehavior [ RunTime:0.000123s ]
INFO: [ view_filter ] --END-- [ RunTime:0.000165s ]
INFO: [ app_end ] --START--
INFO: Run Behavior\ShowPageTraceBehavior [ RunTime:0.001789s ]
INFO: [ app_end ] --END-- [ RunTime:0.001868s ]

[ 2017-03-08T19:26:55+08:00 ] 192.168.10.1 /thinkphp/index.php/home/users/user.html
INFO: [ app_init ] --START--
INFO: Run Behavior\BuildLiteBehavior [ RunTime:0.000016s ]
INFO: [ app_init ] --END-- [ RunTime:0.000068s ]
INFO: [ app_begin ] --START--
INFO: Run Behavior\ReadHtmlCacheBehavior [ RunTime:0.000350s ]
INFO: [ app_begin ] --END-- [ RunTime:0.000402s ]
SQL: SHOW COLUMNS FROM `user` [ RunTime:0.0008s ]
SQL: SELECT COUNT(*) AS tp_count FROM `user` LIMIT 1   [ RunTime:0.0002s ]
NOTIC: [8] Undefined index: header /var/www/html/thinkphp/ThinkPHP/Library/Think/Page.class.php 第 146 行.
NOTIC: [8] Undefined index: header /var/www/html/thinkphp/ThinkPHP/Library/Think/Page.class.php 第 146 行.
SQL: SELECT * FROM `user` ORDER BY `id` LIMIT 0,5   [ RunTime:0.0002s ]
INFO: [ view_parse ] --START--
INFO: [ template_filter ] --START--
INFO: Run Behavior\ContentReplaceBehavior [ RunTime:0.000079s ]
INFO: [ template_filter ] --END-- [ RunTime:0.000141s ]
NOTIC: [8] Undefined variable: title /var/www/html/thinkphp/Application/Runtime/Cache/Home/92a04f9c3459c18a1b1e7a9dc268d8d1.php 第 4 行.
INFO: Run Behavior\ParseTemplateBehavior [ RunTime:0.009857s ]
INFO: [ view_parse ] --END-- [ RunTime:0.009925s ]
INFO: [ view_filter ] --START--
INFO: Run Behavior\WriteHtmlCacheBehavior [ RunTime:0.000147s ]
INFO: [ view_filter ] --END-- [ RunTime:0.000187s ]
INFO: [ app_end ] --START--
INFO: Run Behavior\ShowPageTraceBehavior [ RunTime:0.000305s ]
INFO: [ app_end ] --END-- [ RunTime:0.000350s ]

[ 2017-03-08T19:51:22+08:00 ] 192.168.10.1 /thinkphp/index.php/home/auth/rule.html
INFO: [ app_init ] --START--
INFO: Run Behavior\BuildLiteBehavior [ RunTime:0.000016s ]
INFO: [ app_init ] --END-- [ RunTime:0.000182s ]
INFO: [ app_begin ] --START--
INFO: Run Behavior\ReadHtmlCacheBehavior [ RunTime:0.000323s ]
INFO: [ app_begin ] --END-- [ RunTime:0.000381s ]
SQL: SHOW COLUMNS FROM `auth_rule` [ RunTime:0.0261s ]
SQL: SHOW COLUMNS FROM `auth_rule` [ RunTime:0.0009s ]
SQL: SELECT COUNT(*) AS tp_count FROM `auth_rule` LIMIT 1   [ RunTime:0.0002s ]
NOTIC: [8] Undefined index: header /var/www/html/thinkphp/ThinkPHP/Library/Think/Page.class.php 第 146 行.
NOTIC: [8] Undefined index: header /var/www/html/thinkphp/ThinkPHP/Library/Think/Page.class.php 第 146 行.
NOTIC: [2] Missing argument 1 for Think\Model::where(), called in /var/www/html/thinkphp/Application/Home/Model/AuthRuleModel.class.php on line 34 and defined /var/www/html/thinkphp/ThinkPHP/Library/Think/Model.class.php 第 2002 行.
NOTIC: [8] Undefined variable: where /var/www/html/thinkphp/ThinkPHP/Library/Think/Model.class.php 第 2011 行.
NOTIC: [8] Undefined variable: where /var/www/html/thinkphp/ThinkPHP/Library/Think/Model.class.php 第 2014 行.
NOTIC: [8] Undefined variable: where /var/www/html/thinkphp/ThinkPHP/Library/Think/Model.class.php 第 2022 行.
SQL: SELECT * FROM `auth_rule` ORDER BY `id` LIMIT 0,10   [ RunTime:0.0008s ]
INFO: [ view_parse ] --START--
INFO: [ template_filter ] --START--
INFO: Run Behavior\ContentReplaceBehavior [ RunTime:0.000086s ]
INFO: [ template_filter ] --END-- [ RunTime:0.000139s ]
NOTIC: [8] Undefined variable: title /var/www/html/thinkphp/Application/Runtime/Cache/Home/d505f29e0b5ee7f63718ea138a560af1.php 第 4 行.
NOTIC: [8] Undefined index: Type /var/www/html/thinkphp/Application/Runtime/Cache/Home/d505f29e0b5ee7f63718ea138a560af1.php 第 93 行.
NOTIC: [8] Undefined index: Type /var/www/html/thinkphp/Application/Runtime/Cache/Home/d505f29e0b5ee7f63718ea138a560af1.php 第 93 行.
NOTIC: [8] Undefined index: Type /var/www/html/thinkphp/Application/Runtime/Cache/Home/d505f29e0b5ee7f63718ea138a560af1.php 第 93 行.
NOTIC: [8] Undefined index: Type /var/www/html/thinkphp/Application/Runtime/Cache/Home/d505f29e0b5ee7f63718ea138a560af1.php 第 93 行.
NOTIC: [8] Undefined index: Type /var/www/html/thinkphp/Application/Runtime/Cache/Home/d505f29e0b5ee7f63718ea138a560af1.php 第 93 行.
NOTIC: [8] Undefined index: Type /var/www/html/thinkphp/Application/Runtime/Cache/Home/d505f29e0b5ee7f63718ea138a560af1.php 第 93 行.
NOTIC: [8] Undefined index: Type /var/www/html/thinkphp/Application/Runtime/Cache/Home/d505f29e0b5ee7f63718ea138a560af1.php 第 93 行.
NOTIC: [8] Undefined index: Type /var/www/html/thinkphp/Application/Runtime/Cache/Home/d505f29e0b5ee7f63718ea138a560af1.php 第 93 行.
NOTIC: [8] Undefined index: Type /var/www/html/thinkphp/Application/Runtime/Cache/Home/d505f29e0b5ee7f63718ea138a560af1.php 第 93 行.
NOTIC: [8] Undefined index: Type /var/www/html/thinkphp/Application/Runtime/Cache/Home/d505f29e0b5ee7f63718ea138a560af1.php 第 93 行.
INFO: Run Behavior\ParseTemplateBehavior [ RunTime:0.021881s ]
INFO: [ view_parse ] --END-- [ RunTime:0.021945s ]
INFO: [ view_filter ] --START--
INFO: Run Behavior\WriteHtmlCacheBehavior [ RunTime:0.000189s ]
INFO: [ view_filter ] --END-- [ RunTime:0.000232s ]
INFO: [ app_end ] --START--
INFO: Run Behavior\ShowPageTraceBehavior [ RunTime:0.000719s ]
INFO: [ app_end ] --END-- [ RunTime:0.000846s ]

[ 2017-03-08T19:51:36+08:00 ] 192.168.10.1 /thinkphp/index.php/home/auth/auth_assign
INFO: [ app_init ] --START--
INFO: Run Behavior\BuildLiteBehavior [ RunTime:0.000013s ]
INFO: [ app_init ] --END-- [ RunTime:0.000060s ]
INFO: [ app_begin ] --START--
INFO: Run Behavior\ReadHtmlCacheBehavior [ RunTime:0.000264s ]
INFO: [ app_begin ] --END-- [ RunTime:0.000308s ]
ERR: 非法操作:auth_assign

[ 2017-03-08T19:51:48+08:00 ] 192.168.10.1 /thinkphp/index.php/home/auth/assign_auth
INFO: [ app_init ] --START--
INFO: Run Behavior\BuildLiteBehavior [ RunTime:0.000019s ]
INFO: [ app_init ] --END-- [ RunTime:0.000085s ]
INFO: [ app_begin ] --START--
INFO: Run Behavior\ReadHtmlCacheBehavior [ RunTime:0.000317s ]
INFO: [ app_begin ] --END-- [ RunTime:0.000366s ]
INFO: [ view_parse ] --START--
INFO: [ template_filter ] --START--
INFO: Run Behavior\ContentReplaceBehavior [ RunTime:0.000073s ]
INFO: [ template_filter ] --END-- [ RunTime:0.000131s ]
NOTIC: [8] Undefined variable: title /var/www/html/thinkphp/Application/Runtime/Cache/Home/7af0a5fe2c83e426211f58f11c7649d5.php 第 4 行.
INFO: Run Behavior\ParseTemplateBehavior [ RunTime:0.007914s ]
INFO: [ view_parse ] --END-- [ RunTime:0.007962s ]
INFO: [ view_filter ] --START--
INFO: Run Behavior\WriteHtmlCacheBehavior [ RunTime:0.000122s ]
INFO: [ view_filter ] --END-- [ RunTime:0.000164s ]
INFO: [ app_end ] --START--
INFO: Run Behavior\ShowPageTraceBehavior [ RunTime:0.000368s ]
INFO: [ app_end ] --END-- [ RunTime:0.000424s ]

[ 2017-03-08T19:53:13+08:00 ] 192.168.10.1 /thinkphp/index.php/home/auth/assign_auth
INFO: [ app_init ] --START--
INFO: Run Behavior\BuildLiteBehavior [ RunTime:0.000015s ]
INFO: [ app_init ] --END-- [ RunTime:0.000067s ]
INFO: [ app_begin ] --START--
INFO: Run Behavior\ReadHtmlCacheBehavior [ RunTime:0.000276s ]
INFO: [ app_begin ] --END-- [ RunTime:0.000322s ]
INFO: [ view_parse ] --START--
INFO: [ template_filter ] --START--
INFO: Run Behavior\ContentReplaceBehavior [ RunTime:0.000126s ]
INFO: [ template_filter ] --END-- [ RunTime:0.000240s ]
NOTIC: [8] Undefined variable: title /var/www/html/thinkphp/Application/Runtime/Cache/Home/7af0a5fe2c83e426211f58f11c7649d5.php 第 4 行.
INFO: Run Behavior\ParseTemplateBehavior [ RunTime:0.009386s ]
INFO: [ view_parse ] --END-- [ RunTime:0.009464s ]
INFO: [ view_filter ] --START--
INFO: Run Behavior\WriteHtmlCacheBehavior [ RunTime:0.000222s ]
INFO: [ view_filter ] --END-- [ RunTime:0.000297s ]
INFO: [ app_end ] --START--
INFO: Run Behavior\ShowPageTraceBehavior [ RunTime:0.000605s ]
INFO: [ app_end ] --END-- [ RunTime:0.000696s ]

[ 2017-03-08T19:53:22+08:00 ] 192.168.10.1 /thinkphp/index.php/home/apply/square.html
INFO: [ app_init ] --START--
INFO: Run Behavior\BuildLiteBehavior [ RunTime:0.000015s ]
INFO: [ app_init ] --END-- [ RunTime:0.000067s ]
INFO: [ app_begin ] --START--
INFO: Run Behavior\ReadHtmlCacheBehavior [ RunTime:0.000474s ]
INFO: [ app_begin ] --END-- [ RunTime:0.000589s ]
INFO: [ view_parse ] --START--
NOTIC: [2] file_get_contents(./Application/Home/View/Public/public_head.html): failed to open stream: No such file or directory /var/www/html/thinkphp/ThinkPHP/Library/Think/Template.class.php 第 785 行.
NOTIC: [2] file_get_contents(./Application/Home/View/Public/public_nav.html): failed to open stream: No such file or directory /var/www/html/thinkphp/ThinkPHP/Library/Think/Template.class.php 第 785 行.
NOTIC: [2] file_get_contents(./Application/Home/View/Public/public_foot.html): failed to open stream: No such file or directory /var/www/html/thinkphp/ThinkPHP/Library/Think/Template.class.php 第 785 行.
INFO: [ template_filter ] --START--
INFO: Run Behavior\ContentReplaceBehavior [ RunTime:0.000078s ]
INFO: [ template_filter ] --END-- [ RunTime:0.000141s ]
NOTIC: [8] Undefined variable: title /var/www/html/thinkphp/Application/Runtime/Cache/Home/101e7fdeffd0136512b7ebe5b57ff866.php 第 4 行.
NOTIC: [8] Undefined variable: form /var/www/html/thinkphp/Application/Runtime/Cache/Home/101e7fdeffd0136512b7ebe5b57ff866.php 第 81 行.
NOTIC: [8] Undefined variable: form /var/www/html/thinkphp/Application/Runtime/Cache/Home/101e7fdeffd0136512b7ebe5b57ff866.php 第 88 行.
NOTIC: [8] Undefined variable: form /var/www/html/thinkphp/Application/Runtime/Cache/Home/101e7fdeffd0136512b7ebe5b57ff866.php 第 97 行.
NOTIC: [8] Undefined variable: form /var/www/html/thinkphp/Application/Runtime/Cache/Home/101e7fdeffd0136512b7ebe5b57ff866.php 第 100 行.
NOTIC: [8] Undefined variable: form /var/www/html/thinkphp/Application/Runtime/Cache/Home/101e7fdeffd0136512b7ebe5b57ff866.php 第 106 行.
NOTIC: [8] Undefined variable: form /var/www/html/thinkphp/Application/Runtime/Cache/Home/101e7fdeffd0136512b7ebe5b57ff866.php 第 109 行.
NOTIC: [8] Undefined variable: form /var/www/html/thinkphp/Application/Runtime/Cache/Home/101e7fdeffd0136512b7ebe5b57ff866.php 第 115 行.
NOTIC: [8] Undefined variable: form /var/www/html/thinkphp/Application/Runtime/Cache/Home/101e7fdeffd0136512b7ebe5b57ff866.php 第 116 行.
NOTIC: [8] Undefined variable: form /var/www/html/thinkphp/Application/Runtime/Cache/Home/101e7fdeffd0136512b7ebe5b57ff866.php 第 117 行.
NOTIC: [8] Undefined variable: form /var/www/html/thinkphp/Application/Runtime/Cache/Home/101e7fdeffd0136512b7ebe5b57ff866.php 第 118 行.
NOTIC: [8] Undefined variable: form /var/www/html/thinkphp/Application/Runtime/Cache/Home/101e7fdeffd0136512b7ebe5b57ff866.php 第 125 行.
NOTIC: [8] Undefined variable: form /var/www/html/thinkphp/Application/Runtime/Cache/Home/101e7fdeffd0136512b7ebe5b57ff866.php 第 130 行.
NOTIC: [8] Undefined variable: form /var/www/html/thinkphp/Application/Runtime/Cache/Home/101e7fdeffd0136512b7ebe5b57ff866.php 第 137 行.
NOTIC: [8] Undefined variable: opt /var/www/html/thinkphp/Application/Runtime/Cache/Home/101e7fdeffd0136512b7ebe5b57ff866.php 第 140 行.
INFO: Run Behavior\ParseTemplateBehavior [ RunTime:0.039758s ]
INFO: [ view_parse ] --END-- [ RunTime:0.039852s ]
INFO: [ view_filter ] --START--
INFO: Run Behavior\WriteHtmlCacheBehavior [ RunTime:0.000197s ]
INFO: [ view_filter ] --END-- [ RunTime:0.000245s ]
INFO: [ app_end ] --START--
INFO: Run Behavior\ShowPageTraceBehavior [ RunTime:0.000634s ]
INFO: [ app_end ] --END-- [ RunTime:0.001374s ]

[ 2017-03-08T19:53:23+08:00 ] 192.168.10.1 /thinkphp/index.php/home/index/index/type/1.html
INFO: [ app_init ] --START--
INFO: Run Behavior\BuildLiteBehavior [ RunTime:0.000024s ]
INFO: [ app_init ] --END-- [ RunTime:0.000111s ]
INFO: [ app_begin ] --START--
INFO: Run Behavior\ReadHtmlCacheBehavior [ RunTime:0.000452s ]
INFO: [ app_begin ] --END-- [ RunTime:0.000518s ]
SQL: SHOW COLUMNS FROM `nav` [ RunTime:0.0008s ]
SQL: SELECT * FROM `nav`  [ RunTime:0.0002s ]
SQL: SHOW COLUMNS FROM `vote` [ RunTime:0.0015s ]
SQL: SHOW COLUMNS FROM `vote` [ RunTime:0.0016s ]
SQL: SELECT COUNT(*) AS tp_count FROM `vote` WHERE `voteType` = 1 AND `user` = 'qinshi' LIMIT 1   [ RunTime:0.0003s ]
NOTIC: [8] Undefined index: header /var/www/html/thinkphp/ThinkPHP/Library/Think/Page.class.php 第 146 行.
NOTIC: [8] Undefined index: header /var/www/html/thinkphp/ThinkPHP/Library/Think/Page.class.php 第 146 行.
SQL: SELECT * FROM `vote` WHERE `voteType` = 1 AND `user` = 'qinshi' ORDER BY `id` LIMIT 0,5   [ RunTime:0.0003s ]
INFO: [ view_parse ] --START--
INFO: [ template_filter ] --START--
INFO: Run Behavior\ContentReplaceBehavior [ RunTime:0.000091s ]
INFO: [ template_filter ] --END-- [ RunTime:0.000158s ]
INFO: Run Behavior\ParseTemplateBehavior [ RunTime:0.011803s ]
INFO: [ view_parse ] --END-- [ RunTime:0.011955s ]
INFO: [ view_filter ] --START--
INFO: Run Behavior\WriteHtmlCacheBehavior [ RunTime:0.000206s ]
INFO: [ view_filter ] --END-- [ RunTime:0.000259s ]
INFO: [ app_end ] --START--
INFO: Run Behavior\ShowPageTraceBehavior [ RunTime:0.000751s ]
INFO: [ app_end ] --END-- [ RunTime:0.000904s ]

[ 2017-03-08T20:08:19+08:00 ] 192.168.10.1 /thinkphp/index.php/home/auth/rule.html
INFO: [ app_init ] --START--
INFO: Run Behavior\BuildLiteBehavior [ RunTime:0.000015s ]
INFO: [ app_init ] --END-- [ RunTime:0.000072s ]
INFO: [ app_begin ] --START--
INFO: Run Behavior\ReadHtmlCacheBehavior [ RunTime:0.000503s ]
INFO: [ app_begin ] --END-- [ RunTime:0.001077s ]
SQL: SHOW COLUMNS FROM `auth_rule` [ RunTime:0.0012s ]
SQL: SHOW COLUMNS FROM `auth_rule` [ RunTime:0.0012s ]
SQL: SELECT COUNT(*) AS tp_count FROM `auth_rule` LIMIT 1   [ RunTime:0.0002s ]
NOTIC: [8] Undefined index: header /var/www/html/thinkphp/ThinkPHP/Library/Think/Page.class.php 第 146 行.
NOTIC: [8] Undefined index: header /var/www/html/thinkphp/ThinkPHP/Library/Think/Page.class.php 第 146 行.
NOTIC: [2] Missing argument 1 for Think\Model::where(), called in /var/www/html/thinkphp/Application/Home/Model/AuthRuleModel.class.php on line 34 and defined /var/www/html/thinkphp/ThinkPHP/Library/Think/Model.class.php 第 2002 行.
NOTIC: [8] Undefined variable: where /var/www/html/thinkphp/ThinkPHP/Library/Think/Model.class.php 第 2011 行.
NOTIC: [8] Undefined variable: where /var/www/html/thinkphp/ThinkPHP/Library/Think/Model.class.php 第 2014 行.
NOTIC: [8] Undefined variable: where /var/www/html/thinkphp/ThinkPHP/Library/Think/Model.class.php 第 2022 行.
SQL: SELECT * FROM `auth_rule` ORDER BY `id` LIMIT 0,10   [ RunTime:0.0002s ]
INFO: [ view_parse ] --START--
INFO: [ template_filter ] --START--
INFO: Run Behavior\ContentReplaceBehavior [ RunTime:0.000081s ]
INFO: [ template_filter ] --END-- [ RunTime:0.000142s ]
NOTIC: [8] Undefined variable: title /var/www/html/thinkphp/Application/Runtime/Cache/Home/d505f29e0b5ee7f63718ea138a560af1.php 第 4 行.
NOTIC: [8] Undefined index: Type /var/www/html/thinkphp/Application/Runtime/Cache/Home/d505f29e0b5ee7f63718ea138a560af1.php 第 93 行.
NOTIC: [8] Undefined index: Type /var/www/html/thinkphp/Application/Runtime/Cache/Home/d505f29e0b5ee7f63718ea138a560af1.php 第 93 行.
NOTIC: [8] Undefined index: Type /var/www/html/thinkphp/Application/Runtime/Cache/Home/d505f29e0b5ee7f63718ea138a560af1.php 第 93 行.
NOTIC: [8] Undefined index: Type /var/www/html/thinkphp/Application/Runtime/Cache/Home/d505f29e0b5ee7f63718ea138a560af1.php 第 93 行.
NOTIC: [8] Undefined index: Type /var/www/html/thinkphp/Application/Runtime/Cache/Home/d505f29e0b5ee7f63718ea138a560af1.php 第 93 行.
NOTIC: [8] Undefined index: Type /var/www/html/thinkphp/Application/Runtime/Cache/Home/d505f29e0b5ee7f63718ea138a560af1.php 第 93 行.
NOTIC: [8] Undefined index: Type /var/www/html/thinkphp/Application/Runtime/Cache/Home/d505f29e0b5ee7f63718ea138a560af1.php 第 93 行.
NOTIC: [8] Undefined index: Type /var/www/html/thinkphp/Application/Runtime/Cache/Home/d505f29e0b5ee7f63718ea138a560af1.php 第 93 行.
NOTIC: [8] Undefined index: Type /var/www/html/thinkphp/Application/Runtime/Cache/Home/d505f29e0b5ee7f63718ea138a560af1.php 第 93 行.
NOTIC: [8] Undefined index: Type /var/www/html/thinkphp/Application/Runtime/Cache/Home/d505f29e0b5ee7f63718ea138a560af1.php 第 93 行.
INFO: Run Behavior\ParseTemplateBehavior [ RunTime:0.010933s ]
INFO: [ view_parse ] --END-- [ RunTime:0.010989s ]
INFO: [ view_filter ] --START--
INFO: Run Behavior\WriteHtmlCacheBehavior [ RunTime:0.000165s ]
INFO: [ view_filter ] --END-- [ RunTime:0.000212s ]
INFO: [ app_end ] --START--
INFO: Run Behavior\ShowPageTraceBehavior [ RunTime:0.000978s ]
INFO: [ app_end ] --END-- [ RunTime:0.001121s ]

[ 2017-03-08T20:08:21+08:00 ] 192.168.10.1 /thinkphp/index.php/home/users/group.html
INFO: [ app_init ] --START--
INFO: Run Behavior\BuildLiteBehavior [ RunTime:0.000025s ]
INFO: [ app_init ] --END-- [ RunTime:0.000122s ]
INFO: [ app_begin ] --START--
INFO: Run Behavior\ReadHtmlCacheBehavior [ RunTime:0.000548s ]
INFO: [ app_begin ] --END-- [ RunTime:0.000635s ]
SQL: SHOW COLUMNS FROM `auth_group` [ RunTime:0.0008s ]
SQL: SELECT COUNT(*) AS tp_count FROM `auth_group` LIMIT 1   [ RunTime:0.0002s ]
NOTIC: [8] Undefined index: header /var/www/html/thinkphp/ThinkPHP/Library/Think/Page.class.php 第 146 行.
NOTIC: [8] Undefined index: header /var/www/html/thinkphp/ThinkPHP/Library/Think/Page.class.php 第 146 行.
SQL: SELECT * FROM `auth_group` ORDER BY `id` LIMIT 0,5   [ RunTime:0.0002s ]
INFO: [ view_parse ] --START--
INFO: [ template_filter ] --START--
INFO: Run Behavior\ContentReplaceBehavior [ RunTime:0.000242s ]
INFO: [ template_filter ] --END-- [ RunTime:0.000409s ]
NOTIC: [8] Undefined variable: title /var/www/html/thinkphp/Application/Runtime/Cache/Home/aaf924ddaf9e0c335a6f6e851415e643.php 第 4 行.
INFO: Run Behavior\ParseTemplateBehavior [ RunTime:0.011410s ]
INFO: [ view_parse ] --END-- [ RunTime:0.011516s ]
INFO: [ view_filter ] --START--
INFO: Run Behavior\WriteHtmlCacheBehavior [ RunTime:0.000192s ]
INFO: [ view_filter ] --END-- [ RunTime:0.000247s ]
INFO: [ app_end ] --START--
INFO: Run Behavior\ShowPageTraceBehavior [ RunTime:0.001436s ]
INFO: [ app_end ] --END-- [ RunTime:0.001581s ]

[ 2017-03-08T20:11:04+08:00 ] 192.168.10.1 /thinkphp/index.php/home/users/group.html
INFO: [ app_init ] --START--
INFO: Run Behavior\BuildLiteBehavior [ RunTime:0.000016s ]
INFO: [ app_init ] --END-- [ RunTime:0.000071s ]
INFO: [ app_begin ] --START--
INFO: Run Behavior\ReadHtmlCacheBehavior [ RunTime:0.000346s ]
INFO: [ app_begin ] --END-- [ RunTime:0.000400s ]
SQL: SHOW COLUMNS FROM `auth_group` [ RunTime:0.0007s ]
SQL: SELECT COUNT(*) AS tp_count FROM `auth_group` LIMIT 1   [ RunTime:0.0001s ]
NOTIC: [8] Undefined index: header /var/www/html/thinkphp/ThinkPHP/Library/Think/Page.class.php 第 146 行.
NOTIC: [8] Undefined index: header /var/www/html/thinkphp/ThinkPHP/Library/Think/Page.class.php 第 146 行.
SQL: SELECT * FROM `auth_group` ORDER BY `id` LIMIT 0,5   [ RunTime:0.0002s ]
INFO: [ view_parse ] --START--
INFO: [ template_filter ] --START--
INFO: Run Behavior\ContentReplaceBehavior [ RunTime:0.000107s ]
INFO: [ template_filter ] --END-- [ RunTime:0.000261s ]
NOTIC: [8] Undefined variable: title /var/www/html/thinkphp/Application/Runtime/Cache/Home/aaf924ddaf9e0c335a6f6e851415e643.php 第 4 行.
INFO: Run Behavior\ParseTemplateBehavior [ RunTime:0.012130s ]
INFO: [ view_parse ] --END-- [ RunTime:0.012206s ]
INFO: [ view_filter ] --START--
INFO: Run Behavior\WriteHtmlCacheBehavior [ RunTime:0.000348s ]
INFO: [ view_filter ] --END-- [ RunTime:0.000403s ]
INFO: [ app_end ] --START--
INFO: Run Behavior\ShowPageTraceBehavior [ RunTime:0.000779s ]
INFO: [ app_end ] --END-- [ RunTime:0.000884s ]

[ 2017-03-08T20:13:03+08:00 ] 192.168.10.1 /thinkphp/index.php/home/users/group.html
INFO: [ app_init ] --START--
INFO: Run Behavior\BuildLiteBehavior [ RunTime:0.000012s ]
INFO: [ app_init ] --END-- [ RunTime:0.000060s ]
INFO: [ app_begin ] --START--
INFO: Run Behavior\ReadHtmlCacheBehavior [ RunTime:0.000267s ]
INFO: [ app_begin ] --END-- [ RunTime:0.000312s ]
SQL: SHOW COLUMNS FROM `auth_group` [ RunTime:0.0008s ]
SQL: SELECT COUNT(*) AS tp_count FROM `auth_group` LIMIT 1   [ RunTime:0.0002s ]
NOTIC: [8] Undefined index: header /var/www/html/thinkphp/ThinkPHP/Library/Think/Page.class.php 第 146 行.
NOTIC: [8] Undefined index: header /var/www/html/thinkphp/ThinkPHP/Library/Think/Page.class.php 第 146 行.
SQL: SELECT * FROM `auth_group` ORDER BY `id` LIMIT 0,5   [ RunTime:0.0002s ]
INFO: [ view_parse ] --START--
INFO: [ template_filter ] --START--
INFO: Run Behavior\ContentReplaceBehavior [ RunTime:0.000102s ]
INFO: [ template_filter ] --END-- [ RunTime:0.000169s ]
NOTIC: [8] Undefined variable: title /var/www/html/thinkphp/Application/Runtime/Cache/Home/aaf924ddaf9e0c335a6f6e851415e643.php 第 4 行.
INFO: Run Behavior\ParseTemplateBehavior [ RunTime:0.009866s ]
INFO: [ view_parse ] --END-- [ RunTime:0.009929s ]
INFO: [ view_filter ] --START--
INFO: Run Behavior\WriteHtmlCacheBehavior [ RunTime:0.000127s ]
INFO: [ view_filter ] --END-- [ RunTime:0.000168s ]
INFO: [ app_end ] --START--
INFO: Run Behavior\ShowPageTraceBehavior [ RunTime:0.000417s ]
INFO: [ app_end ] --END-- [ RunTime:0.000496s ]

[ 2017-03-08T20:13:21+08:00 ] 192.168.10.1 /thinkphp/index.php/home/auth/assign_auth.html
INFO: [ app_init ] --START--
INFO: Run Behavior\BuildLiteBehavior [ RunTime:0.000015s ]
INFO: [ app_init ] --END-- [ RunTime:0.000068s ]
INFO: [ app_begin ] --START--
INFO: Run Behavior\ReadHtmlCacheBehavior [ RunTime:0.000401s ]
INFO: [ app_begin ] --END-- [ RunTime:0.000464s ]
INFO: [ view_parse ] --START--
INFO: [ template_filter ] --START--
INFO: Run Behavior\ContentReplaceBehavior [ RunTime:0.000081s ]
INFO: [ template_filter ] --END-- [ RunTime:0.000169s ]
NOTIC: [8] Undefined variable: title /var/www/html/thinkphp/Application/Runtime/Cache/Home/7af0a5fe2c83e426211f58f11c7649d5.php 第 4 行.
INFO: Run Behavior\ParseTemplateBehavior [ RunTime:0.008749s ]
INFO: [ view_parse ] --END-- [ RunTime:0.008848s ]
INFO: [ view_filter ] --START--
INFO: Run Behavior\WriteHtmlCacheBehavior [ RunTime:0.000170s ]
INFO: [ view_filter ] --END-- [ RunTime:0.000219s ]
INFO: [ app_end ] --START--
INFO: Run Behavior\ShowPageTraceBehavior [ RunTime:0.000407s ]
INFO: [ app_end ] --END-- [ RunTime:0.000459s ]

[ 2017-03-08T21:02:09+08:00 ] 192.168.10.1 /thinkphp/index.php/home/auth/assign_auth.html
INFO: [ app_init ] --START--
INFO: Run Behavior\BuildLiteBehavior [ RunTime:0.000021s ]
INFO: [ app_init ] --END-- [ RunTime:0.000111s ]
INFO: [ app_begin ] --START--
INFO: Run Behavior\ReadHtmlCacheBehavior [ RunTime:0.000651s ]
INFO: [ app_begin ] --END-- [ RunTime:0.000734s ]
INFO: [ view_parse ] --START--
INFO: [ template_filter ] --START--
INFO: Run Behavior\ContentReplaceBehavior [ RunTime:0.000073s ]
INFO: [ template_filter ] --END-- [ RunTime:0.000136s ]
NOTIC: [8] Undefined variable: title /var/www/html/thinkphp/Application/Runtime/Cache/Home/7af0a5fe2c83e426211f58f11c7649d5.php 第 4 行.
INFO: Run Behavior\ParseTemplateBehavior [ RunTime:0.010804s ]
INFO: [ view_parse ] --END-- [ RunTime:0.010915s ]
INFO: [ view_filter ] --START--
INFO: Run Behavior\WriteHtmlCacheBehavior [ RunTime:0.000119s ]
INFO: [ view_filter ] --END-- [ RunTime:0.000157s ]
INFO: [ app_end ] --START--
INFO: Run Behavior\ShowPageTraceBehavior [ RunTime:0.000295s ]
INFO: [ app_end ] --END-- [ RunTime:0.000336s ]

[ 2017-03-08T21:03:45+08:00 ] 192.168.10.1 /thinkphp/index.php/home/auth/assign_auth.html
INFO: [ app_init ] --START--
INFO: Run Behavior\BuildLiteBehavior [ RunTime:0.000015s ]
INFO: [ app_init ] --END-- [ RunTime:0.000131s ]
INFO: [ app_begin ] --START--
INFO: Run Behavior\ReadHtmlCacheBehavior [ RunTime:0.000363s ]
INFO: [ app_begin ] --END-- [ RunTime:0.000416s ]
INFO: [ view_parse ] --START--
INFO: [ template_filter ] --START--
INFO: Run Behavior\ContentReplaceBehavior [ RunTime:0.000071s ]
INFO: [ template_filter ] --END-- [ RunTime:0.000131s ]
NOTIC: [8] Undefined variable: title /var/www/html/thinkphp/Application/Runtime/Cache/Home/7af0a5fe2c83e426211f58f11c7649d5.php 第 4 行.
INFO: Run Behavior\ParseTemplateBehavior [ RunTime:0.008157s ]
INFO: [ view_parse ] --END-- [ RunTime:0.008228s ]
INFO: [ view_filter ] --START--
INFO: Run Behavior\WriteHtmlCacheBehavior [ RunTime:0.000140s ]
INFO: [ view_filter ] --END-- [ RunTime:0.000180s ]
INFO: [ app_end ] --START--
INFO: Run Behavior\ShowPageTraceBehavior [ RunTime:0.000473s ]
INFO: [ app_end ] --END-- [ RunTime:0.000519s ]

[ 2017-03-08T21:15:48+08:00 ] 192.168.10.1 /thinkphp/index.php/home/auth/assign_auth.html
INFO: [ app_init ] --START--
INFO: Run Behavior\BuildLiteBehavior [ RunTime:0.000015s ]
INFO: [ app_init ] --END-- [ RunTime:0.000231s ]
INFO: [ app_begin ] --START--
INFO: Run Behavior\ReadHtmlCacheBehavior [ RunTime:0.000333s ]
INFO: [ app_begin ] --END-- [ RunTime:0.000383s ]
INFO: [ view_parse ] --START--
INFO: [ template_filter ] --START--
INFO: Run Behavior\ContentReplaceBehavior [ RunTime:0.000070s ]
INFO: [ template_filter ] --END-- [ RunTime:0.000127s ]
NOTIC: [8] Undefined variable: title /var/www/html/thinkphp/Application/Runtime/Cache/Home/7af0a5fe2c83e426211f58f11c7649d5.php 第 4 行.
INFO: Run Behavior\ParseTemplateBehavior [ RunTime:0.008612s ]
INFO: [ view_parse ] --END-- [ RunTime:0.008679s ]
INFO: [ view_filter ] --START--
INFO: Run Behavior\WriteHtmlCacheBehavior [ RunTime:0.000113s ]
INFO: [ view_filter ] --END-- [ RunTime:0.000151s ]
INFO: [ app_end ] --START--
INFO: Run Behavior\ShowPageTraceBehavior [ RunTime:0.000292s ]
INFO: [ app_end ] --END-- [ RunTime:0.000335s ]

[ 2017-03-08T21:20:53+08:00 ] 192.168.10.1 /thinkphp/index.php/home/auth/assign_auth.html
INFO: [ app_init ] --START--
INFO: Run Behavior\BuildLiteBehavior [ RunTime:0.000014s ]
INFO: [ app_init ] --END-- [ RunTime:0.000065s ]
INFO: [ app_begin ] --START--
INFO: Run Behavior\ReadHtmlCacheBehavior [ RunTime:0.000287s ]
INFO: [ app_begin ] --END-- [ RunTime:0.000334s ]
INFO: [ view_parse ] --START--
INFO: [ template_filter ] --START--
INFO: Run Behavior\ContentReplaceBehavior [ RunTime:0.000077s ]
INFO: [ template_filter ] --END-- [ RunTime:0.000142s ]
NOTIC: [8] Undefined variable: title /var/www/html/thinkphp/Application/Runtime/Cache/Home/7af0a5fe2c83e426211f58f11c7649d5.php 第 4 行.
INFO: Run Behavior\ParseTemplateBehavior [ RunTime:0.009692s ]
INFO: [ view_parse ] --END-- [ RunTime:0.009776s ]
INFO: [ view_filter ] --START--
INFO: Run Behavior\WriteHtmlCacheBehavior [ RunTime:0.000232s ]
INFO: [ view_filter ] --END-- [ RunTime:0.000291s ]
INFO: [ app_end ] --START--
INFO: Run Behavior\ShowPageTraceBehavior [ RunTime:0.000413s ]
INFO: [ app_end ] --END-- [ RunTime:0.000485s ]

[ 2017-03-08T21:23:07+08:00 ] 192.168.10.1 /thinkphp/index.php/home/auth/assign_auth.html
INFO: [ app_init ] --START--
INFO: Run Behavior\BuildLiteBehavior [ RunTime:0.000014s ]
INFO: [ app_init ] --END-- [ RunTime:0.000073s ]
INFO: [ app_begin ] --START--
INFO: Run Behavior\ReadHtmlCacheBehavior [ RunTime:0.000344s ]
INFO: [ app_begin ] --END-- [ RunTime:0.000394s ]
INFO: [ view_parse ] --START--
INFO: [ template_filter ] --START--
INFO: Run Behavior\ContentReplaceBehavior [ RunTime:0.000075s ]
INFO: [ template_filter ] --END-- [ RunTime:0.000138s ]
NOTIC: [8] Undefined variable: title /var/www/html/thinkphp/Application/Runtime/Cache/Home/7af0a5fe2c83e426211f58f11c7649d5.php 第 4 行.
INFO: Run Behavior\ParseTemplateBehavior [ RunTime:0.008120s ]
INFO: [ view_parse ] --END-- [ RunTime:0.008181s ]
INFO: [ view_filter ] --START--
INFO: Run Behavior\WriteHtmlCacheBehavior [ RunTime:0.000119s ]
INFO: [ view_filter ] --END-- [ RunTime:0.000158s ]
INFO: [ app_end ] --START--
INFO: Run Behavior\ShowPageTraceBehavior [ RunTime:0.000342s ]
INFO: [ app_end ] --END-- [ RunTime:0.000383s ]

[ 2017-03-08T21:23:31+08:00 ] 192.168.10.1 /thinkphp/index.php/home/auth/assign_auth.html
INFO: [ app_init ] --START--
INFO: Run Behavior\BuildLiteBehavior [ RunTime:0.000015s ]
INFO: [ app_init ] --END-- [ RunTime:0.000072s ]
INFO: [ app_begin ] --START--
INFO: Run Behavior\ReadHtmlCacheBehavior [ RunTime:0.000362s ]
INFO: [ app_begin ] --END-- [ RunTime:0.000413s ]
INFO: [ view_parse ] --START--
INFO: [ template_filter ] --START--
INFO: Run Behavior\ContentReplaceBehavior [ RunTime:0.000078s ]
INFO: [ template_filter ] --END-- [ RunTime:0.000167s ]
NOTIC: [8] Undefined variable: title /var/www/html/thinkphp/Application/Runtime/Cache/Home/7af0a5fe2c83e426211f58f11c7649d5.php 第 4 行.
INFO: Run Behavior\ParseTemplateBehavior [ RunTime:0.008648s ]
INFO: [ view_parse ] --END-- [ RunTime:0.008695s ]
INFO: [ view_filter ] --START--
INFO: Run Behavior\WriteHtmlCacheBehavior [ RunTime:0.000168s ]
INFO: [ view_filter ] --END-- [ RunTime:0.000208s ]
INFO: [ app_end ] --START--
INFO: Run Behavior\ShowPageTraceBehavior [ RunTime:0.000308s ]
INFO: [ app_end ] --END-- [ RunTime:0.000349s ]

[ 2017-03-08T21:26:02+08:00 ] 192.168.10.1 /thinkphp/index.php/home/auth/assign_auth.html
INFO: [ app_init ] --START--
INFO: Run Behavior\BuildLiteBehavior [ RunTime:0.000023s ]
INFO: [ app_init ] --END-- [ RunTime:0.000164s ]
INFO: [ app_begin ] --START--
INFO: Run Behavior\ReadHtmlCacheBehavior [ RunTime:0.000522s ]
INFO: [ app_begin ] --END-- [ RunTime:0.000617s ]
INFO: [ view_parse ] --START--
INFO: [ template_filter ] --START--
INFO: Run Behavior\ContentReplaceBehavior [ RunTime:0.000077s ]
INFO: [ template_filter ] --END-- [ RunTime:0.000146s ]
NOTIC: [8] Undefined variable: title /var/www/html/thinkphp/Application/Runtime/Cache/Home/7af0a5fe2c83e426211f58f11c7649d5.php 第 4 行.
INFO: Run Behavior\ParseTemplateBehavior [ RunTime:0.008611s ]
INFO: [ view_parse ] --END-- [ RunTime:0.008669s ]
INFO: [ view_filter ] --START--
INFO: Run Behavior\WriteHtmlCacheBehavior [ RunTime:0.000146s ]
INFO: [ view_filter ] --END-- [ RunTime:0.000188s ]
INFO: [ app_end ] --START--
INFO: Run Behavior\ShowPageTraceBehavior [ RunTime:0.000355s ]
INFO: [ app_end ] --END-- [ RunTime:0.000403s ]

[ 2017-03-08T21:26:23+08:00 ] 192.168.10.1 /thinkphp/index.php/home/auth/assign_auth.html
INFO: [ app_init ] --START--
INFO: Run Behavior\BuildLiteBehavior [ RunTime:0.000020s ]
INFO: [ app_init ] --END-- [ RunTime:0.000100s ]
INFO: [ app_begin ] --START--
INFO: Run Behavior\ReadHtmlCacheBehavior [ RunTime:0.000336s ]
INFO: [ app_begin ] --END-- [ RunTime:0.000404s ]
INFO: [ view_parse ] --START--
INFO: [ template_filter ] --START--
INFO: Run Behavior\ContentReplaceBehavior [ RunTime:0.000078s ]
INFO: [ template_filter ] --END-- [ RunTime:0.000148s ]
NOTIC: [8] Undefined variable: title /var/www/html/thinkphp/Application/Runtime/Cache/Home/7af0a5fe2c83e426211f58f11c7649d5.php 第 4 行.
INFO: Run Behavior\ParseTemplateBehavior [ RunTime:0.008797s ]
INFO: [ view_parse ] --END-- [ RunTime:0.008871s ]
INFO: [ view_filter ] --START--
INFO: Run Behavior\WriteHtmlCacheBehavior [ RunTime:0.000246s ]
INFO: [ view_filter ] --END-- [ RunTime:0.000297s ]
INFO: [ app_end ] --START--
INFO: Run Behavior\ShowPageTraceBehavior [ RunTime:0.000350s ]
INFO: [ app_end ] --END-- [ RunTime:0.000402s ]

[ 2017-03-08T21:27:13+08:00 ] 192.168.10.1 /thinkphp/index.php/home/auth/assign_auth.html
INFO: [ app_init ] --START--
INFO: Run Behavior\BuildLiteBehavior [ RunTime:0.000014s ]
INFO: [ app_init ] --END-- [ RunTime:0.000062s ]
INFO: [ app_begin ] --START--
INFO: Run Behavior\ReadHtmlCacheBehavior [ RunTime:0.000297s ]
INFO: [ app_begin ] --END-- [ RunTime:0.000345s ]
INFO: [ view_parse ] --START--
INFO: [ template_filter ] --START--
INFO: Run Behavior\ContentReplaceBehavior [ RunTime:0.000108s ]
INFO: [ template_filter ] --END-- [ RunTime:0.000202s ]
NOTIC: [8] Undefined variable: title /var/www/html/thinkphp/Application/Runtime/Cache/Home/7af0a5fe2c83e426211f58f11c7649d5.php 第 4 行.
INFO: Run Behavior\ParseTemplateBehavior [ RunTime:0.010426s ]
INFO: [ view_parse ] --END-- [ RunTime:0.010506s ]
INFO: [ view_filter ] --START--
INFO: Run Behavior\WriteHtmlCacheBehavior [ RunTime:0.000212s ]
INFO: [ view_filter ] --END-- [ RunTime:0.000275s ]
INFO: [ app_end ] --START--
INFO: Run Behavior\ShowPageTraceBehavior [ RunTime:0.000783s ]
INFO: [ app_end ] --END-- [ RunTime:0.000862s ]

[ 2017-03-08T21:27:25+08:00 ] 192.168.10.1 /thinkphp/index.php/home/auth/assign_auth.html
INFO: [ app_init ] --START--
INFO: Run Behavior\BuildLiteBehavior [ RunTime:0.000015s ]
INFO: [ app_init ] --END-- [ RunTime:0.000067s ]
INFO: [ app_begin ] --START--
INFO: Run Behavior\ReadHtmlCacheBehavior [ RunTime:0.000438s ]
INFO: [ app_begin ] --END-- [ RunTime:0.000500s ]
INFO: [ view_parse ] --START--
INFO: [ template_filter ] --START--
INFO: Run Behavior\ContentReplaceBehavior [ RunTime:0.000072s ]
INFO: [ template_filter ] --END-- [ RunTime:0.000127s ]
NOTIC: [8] Undefined variable: title /var/www/html/thinkphp/Application/Runtime/Cache/Home/7af0a5fe2c83e426211f58f11c7649d5.php 第 4 行.
INFO: Run Behavior\ParseTemplateBehavior [ RunTime:0.007688s ]
INFO: [ view_parse ] --END-- [ RunTime:0.007738s ]
INFO: [ view_filter ] --START--
INFO: Run Behavior\WriteHtmlCacheBehavior [ RunTime:0.000115s ]
INFO: [ view_filter ] --END-- [ RunTime:0.000155s ]
INFO: [ app_end ] --START--
INFO: Run Behavior\ShowPageTraceBehavior [ RunTime:0.000300s ]
INFO: [ app_end ] --END-- [ RunTime:0.000393s ]

[ 2017-03-08T21:27:51+08:00 ] 192.168.10.1 /thinkphp/index.php/home/auth/assign_auth.html
INFO: [ app_init ] --START--
INFO: Run Behavior\BuildLiteBehavior [ RunTime:0.000020s ]
INFO: [ app_init ] --END-- [ RunTime:0.000098s ]
INFO: [ app_begin ] --START--
INFO: Run Behavior\ReadHtmlCacheBehavior [ RunTime:0.000336s ]
INFO: [ app_begin ] --END-- [ RunTime:0.000391s ]
INFO: [ view_parse ] --START--
INFO: [ template_filter ] --START--
INFO: Run Behavior\ContentReplaceBehavior [ RunTime:0.000069s ]
INFO: [ template_filter ] --END-- [ RunTime:0.000126s ]
NOTIC: [8] Undefined variable: title /var/www/html/thinkphp/Application/Runtime/Cache/Home/7af0a5fe2c83e426211f58f11c7649d5.php 第 4 行.
INFO: Run Behavior\ParseTemplateBehavior [ RunTime:0.008533s ]
INFO: [ view_parse ] --END-- [ RunTime:0.008593s ]
INFO: [ view_filter ] --START--
INFO: Run Behavior\WriteHtmlCacheBehavior [ RunTime:0.000113s ]
INFO: [ view_filter ] --END-- [ RunTime:0.000151s ]
INFO: [ app_end ] --START--
INFO: Run Behavior\ShowPageTraceBehavior [ RunTime:0.000287s ]
INFO: [ app_end ] --END-- [ RunTime:0.000329s ]

[ 2017-03-08T21:36:46+08:00 ] 192.168.10.1 /thinkphp/index.php/home/auth/rule.html
INFO: [ app_init ] --START--
INFO: Run Behavior\BuildLiteBehavior [ RunTime:0.000014s ]
INFO: [ app_init ] --END-- [ RunTime:0.000108s ]
INFO: [ app_begin ] --START--
INFO: Run Behavior\ReadHtmlCacheBehavior [ RunTime:0.000338s ]
INFO: [ app_begin ] --END-- [ RunTime:0.000389s ]
SQL: SHOW COLUMNS FROM `auth_rule` [ RunTime:0.0008s ]
SQL: SHOW COLUMNS FROM `auth_rule` [ RunTime:0.0009s ]
SQL: SELECT COUNT(*) AS tp_count FROM `auth_rule` LIMIT 1   [ RunTime:0.0002s ]
NOTIC: [8] Undefined index: header /var/www/html/thinkphp/ThinkPHP/Library/Think/Page.class.php 第 146 行.
NOTIC: [8] Undefined index: header /var/www/html/thinkphp/ThinkPHP/Library/Think/Page.class.php 第 146 行.
NOTIC: [2] Missing argument 1 for Think\Model::where(), called in /var/www/html/thinkphp/Application/Home/Model/AuthRuleModel.class.php on line 34 and defined /var/www/html/thinkphp/ThinkPHP/Library/Think/Model.class.php 第 2002 行.
NOTIC: [8] Undefined variable: where /var/www/html/thinkphp/ThinkPHP/Library/Think/Model.class.php 第 2011 行.
NOTIC: [8] Undefined variable: where /var/www/html/thinkphp/ThinkPHP/Library/Think/Model.class.php 第 2014 行.
NOTIC: [8] Undefined variable: where /var/www/html/thinkphp/ThinkPHP/Library/Think/Model.class.php 第 2022 行.
SQL: SELECT * FROM `auth_rule` ORDER BY `id` LIMIT 0,10   [ RunTime:0.0003s ]
INFO: [ view_parse ] --START--
INFO: [ template_filter ] --START--
INFO: Run Behavior\ContentReplaceBehavior [ RunTime:0.000187s ]
INFO: [ template_filter ] --END-- [ RunTime:0.000384s ]
NOTIC: [8] Undefined variable: title /var/www/html/thinkphp/Application/Runtime/Cache/Home/d505f29e0b5ee7f63718ea138a560af1.php 第 4 行.
NOTIC: [8] Undefined index: Type /var/www/html/thinkphp/Application/Runtime/Cache/Home/d505f29e0b5ee7f63718ea138a560af1.php 第 93 行.
NOTIC: [8] Undefined index: Type /var/www/html/thinkphp/Application/Runtime/Cache/Home/d505f29e0b5ee7f63718ea138a560af1.php 第 93 行.
NOTIC: [8] Undefined index: Type /var/www/html/thinkphp/Application/Runtime/Cache/Home/d505f29e0b5ee7f63718ea138a560af1.php 第 93 行.
NOTIC: [8] Undefined index: Type /var/www/html/thinkphp/Application/Runtime/Cache/Home/d505f29e0b5ee7f63718ea138a560af1.php 第 93 行.
NOTIC: [8] Undefined index: Type /var/www/html/thinkphp/Application/Runtime/Cache/Home/d505f29e0b5ee7f63718ea138a560af1.php 第 93 行.
NOTIC: [8] Undefined index: Type /var/www/html/thinkphp/Application/Runtime/Cache/Home/d505f29e0b5ee7f63718ea138a560af1.php 第 93 行.
NOTIC: [8] Undefined index: Type /var/www/html/thinkphp/Application/Runtime/Cache/Home/d505f29e0b5ee7f63718ea138a560af1.php 第 93 行.
NOTIC: [8] Undefined index: Type /var/www/html/thinkphp/Application/Runtime/Cache/Home/d505f29e0b5ee7f63718ea138a560af1.php 第 93 行.
NOTIC: [8] Undefined index: Type /var/www/html/thinkphp/Application/Runtime/Cache/Home/d505f29e0b5ee7f63718ea138a560af1.php 第 93 行.
NOTIC: [8] Undefined index: Type /var/www/html/thinkphp/Application/Runtime/Cache/Home/d505f29e0b5ee7f63718ea138a560af1.php 第 93 行.
INFO: Run Behavior\ParseTemplateBehavior [ RunTime:0.013956s ]
INFO: [ view_parse ] --END-- [ RunTime:0.014058s ]
INFO: [ view_filter ] --START--
INFO: Run Behavior\WriteHtmlCacheBehavior [ RunTime:0.000254s ]
INFO: [ view_filter ] --END-- [ RunTime:0.000331s ]
INFO: [ app_end ] --START--
INFO: Run Behavior\ShowPageTraceBehavior [ RunTime:0.000576s ]
INFO: [ app_end ] --END-- [ RunTime:0.000985s ]

[ 2017-03-08T21:58:33+08:00 ] 192.168.10.1 /thinkphp/index.php/home/auth/addrule.html
INFO: [ app_init ] --START--
INFO: Run Behavior\BuildLiteBehavior [ RunTime:0.000024s ]
INFO: [ app_init ] --END-- [ RunTime:0.000119s ]
INFO: [ app_begin ] --START--
INFO: Run Behavior\ReadHtmlCacheBehavior [ RunTime:0.000670s ]
INFO: [ app_begin ] --END-- [ RunTime:0.000776s ]
SQL: SHOW COLUMNS FROM `auth_rule` [ RunTime:0.0031s ]
SQL: SHOW COLUMNS FROM `auth_rule` [ RunTime:0.0022s ]
SQL: INSERT INTO `auth_rule` (`name`,`title`,`id`) VALUES ('Home/Auth/control','权限控制','40') [ RunTime:0.0014s ]
INFO: [ view_parse ] --START--
INFO: [ template_filter ] --START--
INFO: Run Behavior\ContentReplaceBehavior [ RunTime:0.000059s ]
INFO: [ template_filter ] --END-- [ RunTime:0.000193s ]
INFO: Run Behavior\ParseTemplateBehavior [ RunTime:0.005367s ]
INFO: [ view_parse ] --END-- [ RunTime:0.005449s ]
INFO: [ view_filter ] --START--
INFO: Run Behavior\WriteHtmlCacheBehavior [ RunTime:0.000232s ]
INFO: [ view_filter ] --END-- [ RunTime:0.000303s ]
INFO: [ app_end ] --START--
INFO: Run Behavior\ShowPageTraceBehavior [ RunTime:0.000407s ]
INFO: [ app_end ] --END-- [ RunTime:0.000465s ]

[ 2017-03-08T21:58:34+08:00 ] 192.168.10.1 /thinkphp/index.php/home/auth/rule.html
INFO: [ app_init ] --START--
INFO: Run Behavior\BuildLiteBehavior [ RunTime:0.000022s ]
INFO: [ app_init ] --END-- [ RunTime:0.000105s ]
INFO: [ app_begin ] --START--
INFO: Run Behavior\ReadHtmlCacheBehavior [ RunTime:0.000625s ]
INFO: [ app_begin ] --END-- [ RunTime:0.000732s ]
SQL: SHOW COLUMNS FROM `auth_rule` [ RunTime:0.0008s ]
SQL: SHOW COLUMNS FROM `auth_rule` [ RunTime:0.0006s ]
SQL: SELECT COUNT(*) AS tp_count FROM `auth_rule` LIMIT 1   [ RunTime:0.0002s ]
NOTIC: [8] Undefined index: header /var/www/html/thinkphp/ThinkPHP/Library/Think/Page.class.php 第 146 行.
NOTIC: [8] Undefined index: header /var/www/html/thinkphp/ThinkPHP/Library/Think/Page.class.php 第 146 行.
NOTIC: [2] Missing argument 1 for Think\Model::where(), called in /var/www/html/thinkphp/Application/Home/Model/AuthRuleModel.class.php on line 34 and defined /var/www/html/thinkphp/ThinkPHP/Library/Think/Model.class.php 第 2002 行.
NOTIC: [8] Undefined variable: where /var/www/html/thinkphp/ThinkPHP/Library/Think/Model.class.php 第 2011 行.
NOTIC: [8] Undefined variable: where /var/www/html/thinkphp/ThinkPHP/Library/Think/Model.class.php 第 2014 行.
NOTIC: [8] Undefined variable: where /var/www/html/thinkphp/ThinkPHP/Library/Think/Model.class.php 第 2022 行.
SQL: SELECT * FROM `auth_rule` ORDER BY `id` LIMIT 0,10   [ RunTime:0.0003s ]
INFO: [ view_parse ] --START--
INFO: [ template_filter ] --START--
INFO: Run Behavior\ContentReplaceBehavior [ RunTime:0.000087s ]
INFO: [ template_filter ] --END-- [ RunTime:0.000155s ]
NOTIC: [8] Undefined variable: title /var/www/html/thinkphp/Application/Runtime/Cache/Home/d505f29e0b5ee7f63718ea138a560af1.php 第 4 行.
NOTIC: [8] Undefined index: Type /var/www/html/thinkphp/Application/Runtime/Cache/Home/d505f29e0b5ee7f63718ea138a560af1.php 第 93 行.
NOTIC: [8] Undefined index: Type /var/www/html/thinkphp/Application/Runtime/Cache/Home/d505f29e0b5ee7f63718ea138a560af1.php 第 93 行.
NOTIC: [8] Undefined index: Type /var/www/html/thinkphp/Application/Runtime/Cache/Home/d505f29e0b5ee7f63718ea138a560af1.php 第 93 行.
NOTIC: [8] Undefined index: Type /var/www/html/thinkphp/Application/Runtime/Cache/Home/d505f29e0b5ee7f63718ea138a560af1.php 第 93 行.
NOTIC: [8] Undefined index: Type /var/www/html/thinkphp/Application/Runtime/Cache/Home/d505f29e0b5ee7f63718ea138a560af1.php 第 93 行.
NOTIC: [8] Undefined index: Type /var/www/html/thinkphp/Application/Runtime/Cache/Home/d505f29e0b5ee7f63718ea138a560af1.php 第 93 行.
NOTIC: [8] Undefined index: Type /var/www/html/thinkphp/Application/Runtime/Cache/Home/d505f29e0b5ee7f63718ea138a560af1.php 第 93 行.
NOTIC: [8] Undefined index: Type /var/www/html/thinkphp/Application/Runtime/Cache/Home/d505f29e0b5ee7f63718ea138a560af1.php 第 93 行.
NOTIC: [8] Undefined index: Type /var/www/html/thinkphp/Application/Runtime/Cache/Home/d505f29e0b5ee7f63718ea138a560af1.php 第 93 行.
NOTIC: [8] Undefined index: Type /var/www/html/thinkphp/Application/Runtime/Cache/Home/d505f29e0b5ee7f63718ea138a560af1.php 第 93 行.
INFO: Run Behavior\ParseTemplateBehavior [ RunTime:0.011845s ]
INFO: [ view_parse ] --END-- [ RunTime:0.011907s ]
INFO: [ view_filter ] --START--
INFO: Run Behavior\WriteHtmlCacheBehavior [ RunTime:0.000168s ]
INFO: [ view_filter ] --END-- [ RunTime:0.000212s ]
INFO: [ app_end ] --START--
INFO: Run Behavior\ShowPageTraceBehavior [ RunTime:0.000956s ]
INFO: [ app_end ] --END-- [ RunTime:0.001189s ]

[ 2017-03-08T22:07:55+08:00 ] 192.168.10.1 /thinkphp/index.php/home/auth/rule.html
INFO: [ app_init ] --START--
INFO: Run Behavior\BuildLiteBehavior [ RunTime:0.000015s ]
INFO: [ app_init ] --END-- [ RunTime:0.000067s ]
INFO: [ app_begin ] --START--
INFO: Run Behavior\ReadHtmlCacheBehavior [ RunTime:0.000294s ]
INFO: [ app_begin ] --END-- [ RunTime:0.000346s ]
SQL: SHOW COLUMNS FROM `auth_rule` [ RunTime:0.0008s ]
SQL: SHOW COLUMNS FROM `auth_rule` [ RunTime:0.0006s ]
SQL: SELECT COUNT(*) AS tp_count FROM `auth_rule` LIMIT 1   [ RunTime:0.0002s ]
NOTIC: [8] Undefined index: header /var/www/html/thinkphp/ThinkPHP/Library/Think/Page.class.php 第 146 行.
NOTIC: [8] Undefined index: header /var/www/html/thinkphp/ThinkPHP/Library/Think/Page.class.php 第 146 行.
NOTIC: [2] Missing argument 1 for Think\Model::where(), called in /var/www/html/thinkphp/Application/Home/Model/AuthRuleModel.class.php on line 34 and defined /var/www/html/thinkphp/ThinkPHP/Library/Think/Model.class.php 第 2002 行.
NOTIC: [8] Undefined variable: where /var/www/html/thinkphp/ThinkPHP/Library/Think/Model.class.php 第 2011 行.
NOTIC: [8] Undefined variable: where /var/www/html/thinkphp/ThinkPHP/Library/Think/Model.class.php 第 2014 行.
NOTIC: [8] Undefined variable: where /var/www/html/thinkphp/ThinkPHP/Library/Think/Model.class.php 第 2022 行.
SQL: SELECT * FROM `auth_rule` ORDER BY `id` LIMIT 0,10   [ RunTime:0.0003s ]
INFO: [ view_parse ] --START--
INFO: [ template_filter ] --START--
INFO: Run Behavior\ContentReplaceBehavior [ RunTime:0.000133s ]
INFO: [ template_filter ] --END-- [ RunTime:0.000235s ]
NOTIC: [8] Undefined variable: title /var/www/html/thinkphp/Application/Runtime/Cache/Home/d505f29e0b5ee7f63718ea138a560af1.php 第 4 行.
NOTIC: [8] Undefined index: Type /var/www/html/thinkphp/Application/Runtime/Cache/Home/d505f29e0b5ee7f63718ea138a560af1.php 第 93 行.
NOTIC: [8] Undefined index: Type /var/www/html/thinkphp/Application/Runtime/Cache/Home/d505f29e0b5ee7f63718ea138a560af1.php 第 93 行.
NOTIC: [8] Undefined index: Type /var/www/html/thinkphp/Application/Runtime/Cache/Home/d505f29e0b5ee7f63718ea138a560af1.php 第 93 行.
NOTIC: [8] Undefined index: Type /var/www/html/thinkphp/Application/Runtime/Cache/Home/d505f29e0b5ee7f63718ea138a560af1.php 第 93 行.
NOTIC: [8] Undefined index: Type /var/www/html/thinkphp/Application/Runtime/Cache/Home/d505f29e0b5ee7f63718ea138a560af1.php 第 93 行.
NOTIC: [8] Undefined index: Type /var/www/html/thinkphp/Application/Runtime/Cache/Home/d505f29e0b5ee7f63718ea138a560af1.php 第 93 行.
NOTIC: [8] Undefined index: Type /var/www/html/thinkphp/Application/Runtime/Cache/Home/d505f29e0b5ee7f63718ea138a560af1.php 第 93 行.
NOTIC: [8] Undefined index: Type /var/www/html/thinkphp/Application/Runtime/Cache/Home/d505f29e0b5ee7f63718ea138a560af1.php 第 93 行.
NOTIC: [8] Undefined index: Type /var/www/html/thinkphp/Application/Runtime/Cache/Home/d505f29e0b5ee7f63718ea138a560af1.php 第 93 行.
NOTIC: [8] Undefined index: Type /var/www/html/thinkphp/Application/Runtime/Cache/Home/d505f29e0b5ee7f63718ea138a560af1.php 第 93 行.
INFO: Run Behavior\ParseTemplateBehavior [ RunTime:0.014690s ]
INFO: [ view_parse ] --END-- [ RunTime:0.014755s ]
INFO: [ view_filter ] --START--
INFO: Run Behavior\WriteHtmlCacheBehavior [ RunTime:0.000247s ]
INFO: [ view_filter ] --END-- [ RunTime:0.000311s ]
INFO: [ app_end ] --START--
INFO: Run Behavior\ShowPageTraceBehavior [ RunTime:0.000730s ]
INFO: [ app_end ] --END-- [ RunTime:0.001411s ]

[ 2017-03-08T22:07:57+08:00 ] 192.168.10.1 /thinkphp/index.php/home/users/group.html
INFO: [ app_init ] --START--
INFO: Run Behavior\BuildLiteBehavior [ RunTime:0.000021s ]
INFO: [ app_init ] --END-- [ RunTime:0.000096s ]
INFO: [ app_begin ] --START--
INFO: Run Behavior\ReadHtmlCacheBehavior [ RunTime:0.000490s ]
INFO: [ app_begin ] --END-- [ RunTime:0.000563s ]
SQL: SHOW COLUMNS FROM `auth_group` [ RunTime:0.0010s ]
SQL: SELECT COUNT(*) AS tp_count FROM `auth_group` LIMIT 1   [ RunTime:0.0002s ]
NOTIC: [8] Undefined index: header /var/www/html/thinkphp/ThinkPHP/Library/Think/Page.class.php 第 146 行.
NOTIC: [8] Undefined index: header /var/www/html/thinkphp/ThinkPHP/Library/Think/Page.class.php 第 146 行.
SQL: SELECT * FROM `auth_group` ORDER BY `id` LIMIT 0,5   [ RunTime:0.0002s ]
INFO: [ view_parse ] --START--
INFO: [ template_filter ] --START--
INFO: Run Behavior\ContentReplaceBehavior [ RunTime:0.000134s ]
INFO: [ template_filter ] --END-- [ RunTime:0.000263s ]
NOTIC: [8] Undefined variable: title /var/www/html/thinkphp/Application/Runtime/Cache/Home/aaf924ddaf9e0c335a6f6e851415e643.php 第 4 行.
INFO: Run Behavior\ParseTemplateBehavior [ RunTime:0.011398s ]
INFO: [ view_parse ] --END-- [ RunTime:0.011458s ]
INFO: [ view_filter ] --START--
INFO: Run Behavior\WriteHtmlCacheBehavior [ RunTime:0.000187s ]
INFO: [ view_filter ] --END-- [ RunTime:0.000234s ]
INFO: [ app_end ] --START--
INFO: Run Behavior\ShowPageTraceBehavior [ RunTime:0.000588s ]
INFO: [ app_end ] --END-- [ RunTime:0.000689s ]

[ 2017-03-08T22:07:58+08:00 ] 192.168.10.1 /thinkphp/index.php/home/auth/assign_auth.html
INFO: [ app_init ] --START--
INFO: Run Behavior\BuildLiteBehavior [ RunTime:0.000067s ]
INFO: [ app_init ] --END-- [ RunTime:0.000125s ]
INFO: [ app_begin ] --START--
INFO: Run Behavior\ReadHtmlCacheBehavior [ RunTime:0.000393s ]
INFO: [ app_begin ] --END-- [ RunTime:0.000446s ]
SQL: SHOW COLUMNS FROM `auth_rule` [ RunTime:0.0014s ]
SQL: SELECT * FROM `auth_rule`  [ RunTime:0.0002s ]

